
     Program PROJWFC v.7.2 starts on 25Jun2026 at  2:36: 5 

     This program is part of the open-source Quantum ESPRESSO suite
     for quantum simulation of materials; please cite
         "P. Giannozzi et al., J. Phys.:Condens. Matter 21 395502 (2009);
         "P. Giannozzi et al., J. Phys.:Condens. Matter 29 465901 (2017);
         "P. Giannozzi et al., J. Chem. Phys. 152 154105 (2020);
          URL http://www.quantum-espresso.org", 
     in publications or presentations arising from this work. More details at
     http://www.quantum-espresso.org/quote

     Serial version
     2877 MiB available memory on the printing compute node when the environment starts


     Reading xml data from directory:

     ./tmp/ghbn_n2.save/
     file C.pbe-n-kjpaw_psl.0.1.UPF: wavefunction(s)  2P renormalized
     file N.pbe-n-kjpaw_psl.0.1.UPF: wavefunction(s)  2P renormalized

     IMPORTANT: XC functional enforced from input :
     Exchange-correlation= PBE
                           (   1   4   3   4   0   0   0)
     Any further DFT definition will be discarded
     Please, verify this is what you really want


     G-vector sticks info
     --------------------
     sticks:   dense  smooth     PW     G-vecs:    dense   smooth      PW
     Sum         595     301     91               184483    65411   11553

     Using Slab Decomposition


     Check: negative core charge=   -0.000005

     negative rho (up, down):  1.570E-04 0.000E+00

     Gaussian broadening (read from input): ngauss,degauss=   0    0.020000


     Calling projwave .... 

  Problem Sizes 
  natomwfc =           32
  nbnd     =           20
  nkstot   =           19
  npwx     =         8216
  nkb      =           64


     Atomic states used for projection
     (read from pseudopotential files):

     state #   1: atom   1 (C  ), wfc  1 (l=0 m= 1)
     state #   2: atom   1 (C  ), wfc  2 (l=1 m= 1)
     state #   3: atom   1 (C  ), wfc  2 (l=1 m= 2)
     state #   4: atom   1 (C  ), wfc  2 (l=1 m= 3)
     state #   5: atom   2 (C  ), wfc  1 (l=0 m= 1)
     state #   6: atom   2 (C  ), wfc  2 (l=1 m= 1)
     state #   7: atom   2 (C  ), wfc  2 (l=1 m= 2)
     state #   8: atom   2 (C  ), wfc  2 (l=1 m= 3)
     state #   9: atom   3 (B  ), wfc  1 (l=0 m= 1)
     state #  10: atom   3 (B  ), wfc  2 (l=1 m= 1)
     state #  11: atom   3 (B  ), wfc  2 (l=1 m= 2)
     state #  12: atom   3 (B  ), wfc  2 (l=1 m= 3)
     state #  13: atom   4 (N  ), wfc  1 (l=0 m= 1)
     state #  14: atom   4 (N  ), wfc  2 (l=1 m= 1)
     state #  15: atom   4 (N  ), wfc  2 (l=1 m= 2)
     state #  16: atom   4 (N  ), wfc  2 (l=1 m= 3)
     state #  17: atom   5 (B  ), wfc  1 (l=0 m= 1)
     state #  18: atom   5 (B  ), wfc  2 (l=1 m= 1)
     state #  19: atom   5 (B  ), wfc  2 (l=1 m= 2)
     state #  20: atom   5 (B  ), wfc  2 (l=1 m= 3)
     state #  21: atom   6 (N  ), wfc  1 (l=0 m= 1)
     state #  22: atom   6 (N  ), wfc  2 (l=1 m= 1)
     state #  23: atom   6 (N  ), wfc  2 (l=1 m= 2)
     state #  24: atom   6 (N  ), wfc  2 (l=1 m= 3)
     state #  25: atom   7 (C  ), wfc  1 (l=0 m= 1)
     state #  26: atom   7 (C  ), wfc  2 (l=1 m= 1)
     state #  27: atom   7 (C  ), wfc  2 (l=1 m= 2)
     state #  28: atom   7 (C  ), wfc  2 (l=1 m= 3)
     state #  29: atom   8 (C  ), wfc  1 (l=0 m= 1)
     state #  30: atom   8 (C  ), wfc  2 (l=1 m= 1)
     state #  31: atom   8 (C  ), wfc  2 (l=1 m= 2)
     state #  32: atom   8 (C  ), wfc  2 (l=1 m= 3)

 k =   0.0000000000  0.0000000000  0.0000000000
==== e(   1) =   -19.92728 eV ==== 
     psi = 0.141*[#   5]+0.141*[#  29]+0.140*[#   1]+0.140*[#  25]+0.119*[#  13]
          +0.119*[#  21]+0.092*[#   9]+0.092*[#  17]
    |psi|^2 = 0.986
==== e(   2) =   -19.89489 eV ==== 
     psi = 0.211*[#   5]+0.211*[#  29]+0.211*[#   1]+0.211*[#  25]+0.037*[#  13]
          +0.037*[#  21]+0.029*[#   9]+0.029*[#  17]+0.004*[#  10]+0.004*[#  18]
          
    |psi|^2 = 0.986
==== e(   3) =   -19.78257 eV ==== 
     psi = 0.161*[#  13]+0.161*[#  21]+0.120*[#   9]+0.120*[#  17]+0.105*[#   1]
          +0.105*[#   5]+0.105*[#  25]+0.105*[#  29]+0.004*[#  10]+0.004*[#  18]
          
    |psi|^2 = 0.991
==== e(   4) =   -19.67860 eV ==== 
     psi = 0.246*[#  13]+0.246*[#  21]+0.182*[#   9]+0.182*[#  17]+0.034*[#   1]
          +0.034*[#   5]+0.034*[#  25]+0.034*[#  29]
    |psi|^2 = 0.994
==== e(   5) =    -8.37203 eV ==== 
     psi = 0.138*[#   2]+0.138*[#   6]+0.138*[#  26]+0.138*[#  30]+0.102*[#  14]
          +0.102*[#  22]+0.101*[#  10]+0.101*[#  18]
    |psi|^2 = 0.960
==== e(   6) =    -8.17072 eV ==== 
     psi = 0.207*[#   2]+0.207*[#   6]+0.207*[#  26]+0.207*[#  30]+0.033*[#  14]
          +0.033*[#  22]+0.031*[#  10]+0.031*[#  18]+0.001*[#  13]+0.001*[#  21]
          
    |psi|^2 = 0.959
==== e(   7) =    -7.41373 eV ==== 
     psi = 0.157*[#  14]+0.157*[#  22]+0.124*[#  10]+0.124*[#  18]+0.101*[#   6]
          +0.101*[#  30]+0.101*[#   2]+0.101*[#  26]+0.001*[#  13]+0.001*[#  21]
          
    |psi|^2 = 0.973
==== e(   8) =    -6.60789 eV ==== 
     psi = 0.256*[#  14]+0.256*[#  22]+0.170*[#  10]+0.170*[#  18]+0.033*[#   2]
          +0.033*[#   6]+0.033*[#  26]+0.033*[#  30]
    |psi|^2 = 0.987
==== e(   9) =    -3.53348 eV ==== 
     psi = 0.125*[#   7]+0.125*[#   8]+0.125*[#  31]+0.125*[#  32]+0.124*[#   3]
          +0.124*[#   4]+0.124*[#  27]+0.124*[#  28]
    |psi|^2 = 0.997
==== e(  10) =    -3.53348 eV ==== 
     psi = 0.125*[#   7]+0.125*[#   8]+0.125*[#  31]+0.125*[#  32]+0.124*[#   3]
          +0.124*[#   4]+0.124*[#  27]+0.124*[#  28]
    |psi|^2 = 0.997
==== e(  11) =    -3.53343 eV ==== 
     psi = 0.125*[#   7]+0.125*[#   8]+0.125*[#  31]+0.125*[#  32]+0.124*[#   3]
          +0.124*[#   4]+0.124*[#  27]+0.124*[#  28]
    |psi|^2 = 0.997
==== e(  12) =    -3.53343 eV ==== 
     psi = 0.125*[#   7]+0.125*[#   8]+0.125*[#  31]+0.125*[#  32]+0.124*[#   3]
          +0.124*[#   4]+0.124*[#  27]+0.124*[#  28]
    |psi|^2 = 0.997
==== e(  13) =    -3.24421 eV ==== 
     psi = 0.195*[#  15]+0.195*[#  16]+0.195*[#  23]+0.195*[#  24]+0.054*[#  11]
          +0.054*[#  12]+0.054*[#  19]+0.054*[#  20]
    |psi|^2 = 0.996
==== e(  14) =    -3.24421 eV ==== 
     psi = 0.195*[#  15]+0.195*[#  16]+0.195*[#  23]+0.195*[#  24]+0.054*[#  11]
          +0.054*[#  12]+0.054*[#  19]+0.054*[#  20]
    |psi|^2 = 0.996
==== e(  15) =    -3.22664 eV ==== 
     psi = 0.195*[#  15]+0.195*[#  16]+0.195*[#  23]+0.195*[#  24]+0.054*[#  11]
          +0.054*[#  12]+0.054*[#  19]+0.054*[#  20]
    |psi|^2 = 0.996
==== e(  16) =    -3.22664 eV ==== 
     psi = 0.195*[#  15]+0.195*[#  16]+0.195*[#  23]+0.195*[#  24]+0.054*[#  11]
          +0.054*[#  12]+0.054*[#  19]+0.054*[#  20]
    |psi|^2 = 0.996
==== e(  17) =     2.92144 eV ==== 
     psi = 0.020*[#   9]+0.020*[#  17]+0.009*[#  13]+0.009*[#  21]+0.002*[#   2]
          +0.002*[#   6]+0.002*[#  26]+0.002*[#  30]
    |psi|^2 = 0.072
==== e(  18) =     3.00147 eV ==== 
     psi = 0.005*[#  10]+0.005*[#  18]+0.003*[#   2]+0.003*[#   6]+0.003*[#   9]
          +0.003*[#  17]+0.003*[#  26]+0.003*[#  30]+0.001*[#  13]+0.001*[#  14]
          +0.001*[#  21]+0.001*[#  22]
    |psi|^2 = 0.034
==== e(  19) =     3.26961 eV ==== 
     psi = 0.007*[#   9]+0.007*[#  17]+0.004*[#  13]+0.004*[#  21]
    |psi|^2 = 0.023
==== e(  20) =     3.57412 eV ==== 
     psi = 0.003*[#  10]+0.003*[#  18]+0.001*[#   9]+0.001*[#  17]
    |psi|^2 = 0.015

 k =   0.0000000000  0.0962250449  0.0000000000
==== e(   1) =   -19.77551 eV ==== 
     psi = 0.139*[#  13]+0.139*[#  21]+0.113*[#   5]+0.113*[#  29]+0.112*[#   1]
          +0.112*[#  25]+0.098*[#   9]+0.098*[#  17]+0.007*[#  11]+0.007*[#  12]
          +0.007*[#  19]+0.007*[#  20]+0.003*[#   3]+0.003*[#   4]+0.003*[#   7]
          +0.003*[#   8]+0.003*[#  27]+0.003*[#  28]+0.003*[#  31]+0.003*[#  32]
          +0.001*[#  15]+0.001*[#  16]+0.001*[#  23]+0.001*[#  24]
    |psi|^2 = 0.986
==== e(   2) =   -19.73585 eV ==== 
     psi = 0.192*[#   5]+0.192*[#  29]+0.192*[#   1]+0.192*[#  25]+0.045*[#  13]
          +0.045*[#  21]+0.032*[#   9]+0.032*[#  17]+0.006*[#   3]+0.006*[#   4]
          +0.006*[#   7]+0.006*[#   8]+0.006*[#  27]+0.006*[#  28]+0.006*[#  31]
          +0.006*[#  32]+0.003*[#  10]+0.003*[#  18]+0.002*[#  11]+0.002*[#  12]
          +0.002*[#  19]+0.002*[#  20]
    |psi|^2 = 0.985
==== e(   3) =   -19.63421 eV ==== 
     psi = 0.134*[#  13]+0.134*[#  21]+0.119*[#   1]+0.119*[#   5]+0.119*[#  25]
          +0.119*[#  29]+0.092*[#   9]+0.092*[#  17]+0.006*[#  11]+0.006*[#  12]
          +0.006*[#  19]+0.006*[#  20]+0.003*[#   3]+0.003*[#   4]+0.003*[#   7]
          +0.003*[#   8]+0.003*[#  27]+0.003*[#  28]+0.003*[#  31]+0.003*[#  32]
          +0.003*[#  10]+0.003*[#  18]+0.001*[#  15]+0.001*[#  16]+0.001*[#  23]
          +0.001*[#  24]
    |psi|^2 = 0.990
==== e(   4) =   -19.53953 eV ==== 
     psi = 0.231*[#  13]+0.231*[#  21]+0.159*[#   9]+0.159*[#  17]+0.039*[#   1]
          +0.039*[#   5]+0.039*[#  25]+0.039*[#  29]+0.010*[#  11]+0.010*[#  12]
          +0.010*[#  19]+0.010*[#  20]+0.002*[#  15]+0.002*[#  16]+0.002*[#  23]
          +0.002*[#  24]+0.001*[#   3]+0.001*[#   4]+0.001*[#   7]+0.001*[#   8]
          +0.001*[#  27]+0.001*[#  28]+0.001*[#  31]+0.001*[#  32]
    |psi|^2 = 0.994
==== e(   5) =    -8.17844 eV ==== 
     psi = 0.138*[#   2]+0.138*[#   6]+0.138*[#  26]+0.138*[#  30]+0.104*[#  14]
          +0.104*[#  22]+0.101*[#  10]+0.101*[#  18]
    |psi|^2 = 0.963
==== e(   6) =    -7.97758 eV ==== 
     psi = 0.207*[#   6]+0.207*[#  30]+0.207*[#   2]+0.207*[#  26]+0.034*[#  14]
          +0.034*[#  22]+0.031*[#  10]+0.031*[#  18]+0.001*[#  13]+0.001*[#  21]
          
    |psi|^2 = 0.962
==== e(   7) =    -7.22788 eV ==== 
     psi = 0.158*[#  14]+0.158*[#  22]+0.123*[#  10]+0.123*[#  18]+0.102*[#   2]
          +0.102*[#   6]+0.102*[#  26]+0.102*[#  30]+0.001*[#  13]+0.001*[#  21]
          
    |psi|^2 = 0.976
==== e(   8) =    -6.43016 eV ==== 
     psi = 0.258*[#  14]+0.258*[#  22]+0.169*[#  10]+0.169*[#  18]+0.033*[#   2]
          +0.033*[#   6]+0.033*[#  26]+0.033*[#  30]
    |psi|^2 = 0.989
==== e(   9) =    -4.18017 eV ==== 
     psi = 0.120*[#   7]+0.120*[#   8]+0.120*[#  31]+0.120*[#  32]+0.120*[#   3]
          +0.120*[#   4]+0.120*[#  27]+0.120*[#  28]+0.009*[#   1]+0.009*[#   5]
          +0.009*[#  25]+0.009*[#  29]
    |psi|^2 = 0.997
==== e(  10) =    -4.18013 eV ==== 
     psi = 0.120*[#   7]+0.120*[#   8]+0.120*[#  31]+0.120*[#  32]+0.120*[#   3]
          +0.120*[#   4]+0.120*[#  27]+0.120*[#  28]+0.009*[#   1]+0.009*[#   5]
          +0.009*[#  25]+0.009*[#  29]
    |psi|^2 = 0.997
==== e(  11) =    -3.86552 eV ==== 
     psi = 0.125*[#   7]+0.125*[#   8]+0.125*[#  31]+0.125*[#  32]+0.124*[#   3]
          +0.124*[#   4]+0.124*[#  27]+0.124*[#  28]
    |psi|^2 = 0.997
==== e(  12) =    -3.86549 eV ==== 
     psi = 0.125*[#   7]+0.125*[#   8]+0.125*[#  31]+0.125*[#  32]+0.124*[#   3]
          +0.124*[#   4]+0.124*[#  27]+0.124*[#  28]
    |psi|^2 = 0.997
==== e(  13) =    -3.81547 eV ==== 
     psi = 0.190*[#  15]+0.190*[#  16]+0.190*[#  23]+0.190*[#  24]+0.047*[#  11]
          +0.047*[#  12]+0.047*[#  19]+0.047*[#  20]+0.014*[#   9]+0.014*[#  17]
          +0.007*[#  13]+0.007*[#  21]
    |psi|^2 = 0.995
==== e(  14) =    -3.78514 eV ==== 
     psi = 0.190*[#  15]+0.190*[#  16]+0.190*[#  23]+0.190*[#  24]+0.049*[#  11]
          +0.049*[#  12]+0.049*[#  19]+0.049*[#  20]+0.012*[#   9]+0.012*[#  17]
          +0.007*[#  13]+0.007*[#  21]
    |psi|^2 = 0.996
==== e(  15) =    -3.51179 eV ==== 
     psi = 0.191*[#  15]+0.191*[#  16]+0.191*[#  23]+0.191*[#  24]+0.058*[#  11]
          +0.058*[#  12]+0.058*[#  19]+0.058*[#  20]
    |psi|^2 = 0.996
==== e(  16) =    -3.49280 eV ==== 
     psi = 0.191*[#  15]+0.191*[#  16]+0.191*[#  23]+0.191*[#  24]+0.058*[#  11]
          +0.058*[#  12]+0.058*[#  19]+0.058*[#  20]
    |psi|^2 = 0.996
==== e(  17) =     3.14478 eV ==== 
     psi = 0.016*[#   9]+0.016*[#  17]+0.010*[#  13]+0.010*[#  21]+0.002*[#  11]
          +0.002*[#  12]+0.002*[#  19]+0.002*[#  20]+0.002*[#   2]+0.002*[#   6]
          +0.002*[#  26]+0.002*[#  30]+0.001*[#   3]+0.001*[#   4]+0.001*[#   7]
          +0.001*[#   8]+0.001*[#  27]+0.001*[#  28]+0.001*[#  31]+0.001*[#  32]
          
    |psi|^2 = 0.080
==== e(  18) =     3.22309 eV ==== 
     psi = 0.005*[#  10]+0.005*[#  18]+0.002*[#   2]+0.002*[#   6]+0.002*[#  26]
          +0.002*[#  30]+0.002*[#   9]+0.002*[#  17]+0.001*[#  13]+0.001*[#  14]
          +0.001*[#  21]+0.001*[#  22]
    |psi|^2 = 0.037
==== e(  19) =     3.49591 eV ==== 
     psi = 0.006*[#   9]+0.006*[#  17]+0.004*[#  13]+0.004*[#  21]
    |psi|^2 = 0.026
==== e(  20) =     3.79871 eV ==== 
     psi = 0.002*[#  10]+0.002*[#  18]+0.001*[#   9]+0.001*[#  17]
    |psi|^2 = 0.017

 k =   0.0000000000  0.1924500899  0.0000000000
==== e(   1) =   -19.33853 eV ==== 
     psi = 0.196*[#  13]+0.196*[#  21]+0.108*[#   9]+0.108*[#  17]+0.048*[#   1]
          +0.048*[#   5]+0.048*[#  25]+0.048*[#  29]+0.030*[#  11]+0.030*[#  12]
          +0.030*[#  19]+0.030*[#  20]+0.006*[#  15]+0.006*[#  16]+0.006*[#  23]
          +0.006*[#  24]+0.005*[#   3]+0.005*[#   4]+0.005*[#   7]+0.005*[#   8]
          +0.005*[#  27]+0.005*[#  28]+0.005*[#  31]+0.005*[#  32]
    |psi|^2 = 0.986
==== e(   2) =   -19.26883 eV ==== 
     psi = 0.132*[#   5]+0.132*[#  29]+0.131*[#   1]+0.131*[#  25]+0.089*[#  13]
          +0.089*[#  21]+0.050*[#   9]+0.050*[#  17]+0.014*[#   3]+0.014*[#   4]
          +0.014*[#   7]+0.014*[#   8]+0.014*[#  27]+0.014*[#  28]+0.014*[#  31]
          +0.014*[#  32]+0.013*[#  11]+0.013*[#  12]+0.013*[#  19]+0.013*[#  20]
          +0.003*[#  15]+0.003*[#  16]+0.003*[#  23]+0.003*[#  24]+0.002*[#  10]
          +0.002*[#  18]
    |psi|^2 = 0.985
==== e(   3) =   -19.17994 eV ==== 
     psi = 0.155*[#   5]+0.155*[#  29]+0.155*[#   1]+0.155*[#  25]+0.063*[#  13]
          +0.063*[#  21]+0.034*[#   9]+0.034*[#  17]+0.016*[#   3]+0.016*[#   4]
          +0.016*[#   7]+0.016*[#   8]+0.016*[#  27]+0.016*[#  28]+0.016*[#  31]
          +0.016*[#  32]+0.008*[#  11]+0.008*[#  12]+0.008*[#  19]+0.008*[#  20]
          +0.002*[#  10]+0.002*[#  15]+0.002*[#  16]+0.002*[#  18]+0.002*[#  23]
          +0.002*[#  24]
    |psi|^2 = 0.987
==== e(   4) =   -19.12135 eV ==== 
     psi = 0.173*[#  13]+0.173*[#  21]+0.096*[#   9]+0.096*[#  17]+0.071*[#   1]
          +0.071*[#   5]+0.071*[#  25]+0.071*[#  29]+0.023*[#  11]+0.023*[#  12]
          +0.023*[#  19]+0.023*[#  20]+0.007*[#   3]+0.007*[#   4]+0.007*[#   7]
          +0.007*[#   8]+0.007*[#  27]+0.007*[#  28]+0.007*[#  31]+0.007*[#  32]
          +0.005*[#  15]+0.005*[#  16]+0.005*[#  23]+0.005*[#  24]
    |psi|^2 = 0.992
==== e(   5) =    -7.60343 eV ==== 
     psi = 0.138*[#   6]+0.138*[#  30]+0.138*[#   2]+0.138*[#  26]+0.110*[#  14]
          +0.110*[#  22]+0.099*[#  10]+0.099*[#  18]
    |psi|^2 = 0.971
==== e(   6) =    -7.40437 eV ==== 
     psi = 0.209*[#   6]+0.209*[#  30]+0.209*[#   2]+0.209*[#  26]+0.035*[#  14]
          +0.035*[#  22]+0.031*[#  10]+0.031*[#  18]+0.001*[#  13]+0.001*[#  21]
          
    |psi|^2 = 0.972
==== e(   7) =    -6.67990 eV ==== 
     psi = 0.161*[#  14]+0.161*[#  22]+0.118*[#  10]+0.118*[#  18]+0.105*[#   2]
          +0.105*[#  26]+0.104*[#   6]+0.104*[#  30]+0.002*[#  13]+0.002*[#  21]
          
    |psi|^2 = 0.983
==== e(   8) =    -5.90715 eV ==== 
     psi = 0.262*[#  14]+0.262*[#  22]+0.163*[#  10]+0.163*[#  18]+0.034*[#   2]
          +0.034*[#   6]+0.034*[#  26]+0.034*[#  30]
    |psi|^2 = 0.993
==== e(   9) =    -5.80576 eV ==== 
     psi = 0.111*[#   7]+0.111*[#   8]+0.111*[#  31]+0.111*[#  32]+0.110*[#   3]
          +0.110*[#   4]+0.110*[#  27]+0.110*[#  28]+0.028*[#   5]+0.028*[#  29]
          +0.027*[#   1]+0.027*[#  25]
    |psi|^2 = 0.995
==== e(  10) =    -5.80541 eV ==== 
     psi = 0.110*[#   7]+0.110*[#   8]+0.110*[#  31]+0.110*[#  32]+0.110*[#   3]
          +0.110*[#   4]+0.110*[#  27]+0.110*[#  28]+0.028*[#   5]+0.028*[#  29]
          +0.027*[#   1]+0.027*[#  25]
    |psi|^2 = 0.995
==== e(  11) =    -5.25288 eV ==== 
     psi = 0.180*[#  15]+0.180*[#  16]+0.180*[#  23]+0.180*[#  24]+0.039*[#   9]
          +0.039*[#  17]+0.037*[#  11]+0.037*[#  12]+0.037*[#  19]+0.037*[#  20]
          +0.022*[#  13]+0.022*[#  21]
    |psi|^2 = 0.993
==== e(  12) =    -5.20070 eV ==== 
     psi = 0.180*[#  15]+0.180*[#  16]+0.180*[#  23]+0.180*[#  24]+0.041*[#  11]
          +0.041*[#  12]+0.041*[#  19]+0.041*[#  20]+0.034*[#   9]+0.034*[#  17]
          +0.020*[#  13]+0.020*[#  21]+0.001*[#  14]+0.001*[#  22]
    |psi|^2 = 0.995
==== e(  13) =    -4.64375 eV ==== 
     psi = 0.125*[#   7]+0.125*[#   8]+0.125*[#  31]+0.125*[#  32]+0.124*[#   3]
          +0.124*[#   4]+0.124*[#  27]+0.124*[#  28]
    |psi|^2 = 0.997
==== e(  14) =    -4.64375 eV ==== 
     psi = 0.125*[#   7]+0.125*[#   8]+0.125*[#  31]+0.125*[#  32]+0.124*[#   3]
          +0.124*[#   4]+0.124*[#  27]+0.124*[#  28]
    |psi|^2 = 0.997
==== e(  15) =    -4.16183 eV ==== 
     psi = 0.183*[#  15]+0.183*[#  16]+0.183*[#  23]+0.183*[#  24]+0.066*[#  11]
          +0.066*[#  12]+0.066*[#  19]+0.066*[#  20]
    |psi|^2 = 0.997
==== e(  16) =    -4.13975 eV ==== 
     psi = 0.184*[#  15]+0.184*[#  16]+0.184*[#  23]+0.184*[#  24]+0.066*[#  11]
          +0.066*[#  12]+0.066*[#  19]+0.066*[#  20]
    |psi|^2 = 0.997
==== e(  17) =     3.80819 eV ==== 
     psi = 0.010*[#   9]+0.010*[#  17]+0.010*[#  13]+0.010*[#  21]+0.005*[#  11]
          +0.005*[#  12]+0.005*[#  19]+0.005*[#  20]+0.002*[#   3]+0.002*[#   4]
          +0.002*[#   7]+0.002*[#   8]+0.002*[#  27]+0.002*[#  28]+0.002*[#  31]
          +0.002*[#  32]+0.002*[#   6]+0.002*[#  30]+0.001*[#   2]+0.001*[#  26]
          
    |psi|^2 = 0.088
==== e(  18) =     3.88548 eV ==== 
     psi = 0.004*[#  10]+0.004*[#  18]+0.002*[#   3]+0.002*[#   4]+0.002*[#   6]
          +0.002*[#   7]+0.002*[#   8]+0.002*[#  26]+0.002*[#  27]+0.002*[#  28]
          +0.002*[#  30]+0.002*[#   2]+0.002*[#  31]+0.002*[#  32]+0.002*[#  14]
          +0.002*[#  22]+0.001*[#   9]+0.001*[#  13]+0.001*[#  17]+0.001*[#  21]
          
    |psi|^2 = 0.043
==== e(  19) =     4.17191 eV ==== 
     psi = 0.003*[#   9]+0.003*[#  17]+0.003*[#  13]+0.003*[#  21]+0.001*[#  11]
          +0.001*[#  12]+0.001*[#  19]+0.001*[#  20]
    |psi|^2 = 0.021
==== e(  20) =     4.47133 eV ==== 
     psi = 0.003*[#  10]+0.003*[#  18]+0.001*[#   9]+0.001*[#  13]+0.001*[#  17]
          +0.001*[#  21]+0.001*[#  14]+0.001*[#  22]
    |psi|^2 = 0.020

 k =   0.0000000000  0.2886751348  0.0000000000
==== e(   1) =   -18.66866 eV ==== 
     psi = 0.237*[#  13]+0.237*[#  21]+0.093*[#   9]+0.093*[#  17]+0.057*[#  11]
          +0.057*[#  12]+0.057*[#  19]+0.057*[#  20]+0.011*[#  15]+0.011*[#  16]
          +0.011*[#  23]+0.011*[#  24]+0.010*[#   1]+0.010*[#   5]+0.010*[#  25]
          +0.010*[#  29]+0.002*[#   3]+0.002*[#   4]+0.002*[#   7]+0.002*[#   8]
          +0.002*[#  27]+0.002*[#  28]+0.002*[#  31]+0.002*[#  32]
    |psi|^2 = 0.987
==== e(   2) =   -18.56345 eV ==== 
     psi = 0.213*[#  13]+0.213*[#  21]+0.086*[#   9]+0.086*[#  17]+0.048*[#  11]
          +0.048*[#  12]+0.048*[#  19]+0.048*[#  20]+0.027*[#   1]+0.027*[#   5]
          +0.027*[#  25]+0.027*[#  29]+0.010*[#  15]+0.010*[#  16]+0.010*[#  23]
          +0.010*[#  24]+0.006*[#   3]+0.006*[#   4]+0.006*[#   7]+0.006*[#   8]
          +0.006*[#  27]+0.006*[#  28]+0.006*[#  31]+0.006*[#  32]
    |psi|^2 = 0.989
==== e(   3) =   -18.40026 eV ==== 
     psi = 0.165*[#   5]+0.165*[#  29]+0.165*[#   1]+0.165*[#  25]+0.033*[#   3]
          +0.033*[#   4]+0.033*[#   7]+0.033*[#   8]+0.033*[#  27]+0.033*[#  28]
          +0.033*[#  31]+0.033*[#  32]+0.015*[#  13]+0.015*[#  21]+0.006*[#   9]
          +0.006*[#  17]+0.003*[#  11]+0.003*[#  12]+0.003*[#  19]+0.003*[#  20]
          
    |psi|^2 = 0.984
==== e(   4) =   -18.38734 eV ==== 
     psi = 0.147*[#   5]+0.147*[#  29]+0.147*[#   1]+0.147*[#  25]+0.043*[#  13]
          +0.043*[#  21]+0.030*[#   3]+0.030*[#   4]+0.030*[#   7]+0.030*[#   8]
          +0.030*[#  27]+0.030*[#  28]+0.030*[#  31]+0.030*[#  32]+0.017*[#   9]
          +0.017*[#  17]+0.008*[#  11]+0.008*[#  12]+0.008*[#  19]+0.008*[#  20]
          +0.002*[#  15]+0.002*[#  16]+0.002*[#  23]+0.002*[#  24]
    |psi|^2 = 0.986
==== e(   5) =    -7.88623 eV ==== 
     psi = 0.100*[#   7]+0.100*[#   8]+0.100*[#  31]+0.100*[#  32]+0.100*[#   3]
          +0.100*[#   4]+0.100*[#  27]+0.100*[#  28]+0.047*[#   1]+0.047*[#   5]
          +0.047*[#  25]+0.047*[#  29]
    |psi|^2 = 0.992
==== e(   6) =    -7.88615 eV ==== 
     psi = 0.100*[#   7]+0.100*[#   8]+0.100*[#  31]+0.100*[#  32]+0.100*[#   3]
          +0.100*[#   4]+0.100*[#  27]+0.100*[#  28]+0.048*[#   5]+0.048*[#  29]
          +0.047*[#   1]+0.047*[#  25]
    |psi|^2 = 0.992
==== e(   7) =    -7.09654 eV ==== 
     psi = 0.169*[#  15]+0.169*[#  16]+0.169*[#  23]+0.169*[#  24]+0.058*[#   9]
          +0.058*[#  17]+0.034*[#  13]+0.034*[#  21]+0.030*[#  11]+0.030*[#  12]
          +0.030*[#  19]+0.030*[#  20]+0.002*[#   2]+0.002*[#  26]+0.001*[#   6]
          +0.001*[#  30]
    |psi|^2 = 0.993
==== e(   8) =    -7.02871 eV ==== 
     psi = 0.165*[#  15]+0.165*[#  16]+0.165*[#  23]+0.165*[#  24]+0.053*[#   9]
          +0.053*[#  17]+0.034*[#  11]+0.034*[#  12]+0.034*[#  19]+0.034*[#  20]
          +0.032*[#  13]+0.032*[#  21]+0.006*[#   2]+0.006*[#  26]+0.005*[#   6]
          +0.005*[#  30]+0.002*[#  10]+0.002*[#  18]+0.002*[#  14]+0.002*[#  22]
          
    |psi|^2 = 0.995
==== e(   9) =    -6.66827 eV ==== 
     psi = 0.135*[#   6]+0.135*[#  30]+0.134*[#   2]+0.134*[#  26]+0.124*[#  14]
          +0.124*[#  22]+0.098*[#  10]+0.098*[#  18]
    |psi|^2 = 0.983
==== e(  10) =    -6.44925 eV ==== 
     psi = 0.206*[#   6]+0.206*[#  30]+0.205*[#   2]+0.205*[#  26]+0.038*[#  14]
          +0.038*[#  22]+0.028*[#  10]+0.028*[#  18]+0.005*[#  15]+0.005*[#  16]
          +0.005*[#  23]+0.005*[#  24]+0.002*[#   9]+0.002*[#  17]+0.001*[#  11]
          +0.001*[#  12]+0.001*[#  19]+0.001*[#  20]
    |psi|^2 = 0.984
==== e(  11) =    -5.77182 eV ==== 
     psi = 0.166*[#  14]+0.166*[#  22]+0.110*[#   2]+0.110*[#  26]+0.109*[#   6]
          +0.109*[#  30]+0.105*[#  10]+0.105*[#  18]+0.002*[#  15]+0.002*[#  16]
          +0.002*[#  23]+0.002*[#  24]
    |psi|^2 = 0.990
==== e(  12) =    -5.50873 eV ==== 
     psi = 0.125*[#   7]+0.125*[#   8]+0.125*[#  31]+0.125*[#  32]+0.124*[#   3]
          +0.124*[#   4]+0.124*[#  27]+0.124*[#  28]
    |psi|^2 = 0.997
==== e(  13) =    -5.50872 eV ==== 
     psi = 0.125*[#   7]+0.125*[#   8]+0.125*[#  31]+0.125*[#  32]+0.124*[#   3]
          +0.124*[#   4]+0.124*[#  27]+0.124*[#  28]
    |psi|^2 = 0.997
==== e(  14) =    -5.06474 eV ==== 
     psi = 0.278*[#  14]+0.278*[#  22]+0.149*[#  10]+0.149*[#  18]+0.035*[#   2]
          +0.035*[#  26]+0.034*[#   6]+0.034*[#  30]
    |psi|^2 = 0.996
==== e(  15) =    -4.91345 eV ==== 
     psi = 0.176*[#  15]+0.176*[#  16]+0.176*[#  23]+0.176*[#  24]+0.073*[#  11]
          +0.073*[#  12]+0.073*[#  19]+0.073*[#  20]
    |psi|^2 = 0.997
==== e(  16) =    -4.88851 eV ==== 
     psi = 0.176*[#  15]+0.176*[#  16]+0.176*[#  23]+0.176*[#  24]+0.073*[#  11]
          +0.073*[#  12]+0.073*[#  19]+0.073*[#  20]
    |psi|^2 = 0.997
==== e(  17) =     4.89352 eV ==== 
     psi = 0.012*[#  13]+0.012*[#  21]+0.012*[#   9]+0.012*[#  17]+0.007*[#  11]
          +0.007*[#  12]+0.007*[#  19]+0.007*[#  20]+0.002*[#   3]+0.002*[#   4]
          +0.002*[#   7]+0.002*[#   8]+0.002*[#  27]+0.002*[#  28]+0.002*[#  31]
          +0.002*[#  32]+0.002*[#   6]+0.002*[#  30]
    |psi|^2 = 0.101
==== e(  18) =     4.97491 eV ==== 
     psi = 0.007*[#  10]+0.007*[#  18]+0.003*[#  14]+0.003*[#  22]+0.002*[#   3]
          +0.002*[#   4]+0.002*[#  13]+0.002*[#  21]+0.002*[#   7]+0.002*[#   8]
          +0.002*[#   9]+0.002*[#  17]+0.002*[#  27]+0.002*[#  28]+0.002*[#  31]
          +0.002*[#  32]+0.002*[#   6]+0.002*[#  30]+0.001*[#   2]+0.001*[#  26]
          +0.001*[#  11]+0.001*[#  12]+0.001*[#  19]+0.001*[#  20]
    |psi|^2 = 0.052
==== e(  19) =     5.29387 eV ==== 
     psi = 0.005*[#   9]+0.005*[#  13]+0.005*[#  17]+0.005*[#  21]+0.002*[#  11]
          +0.002*[#  12]+0.002*[#  19]+0.002*[#  20]
    |psi|^2 = 0.033
==== e(  20) =     5.58279 eV ==== 
     psi = 0.006*[#  10]+0.006*[#  18]+0.003*[#  14]+0.003*[#  22]+0.002*[#   9]
          +0.002*[#  13]+0.002*[#  17]+0.002*[#  21]+0.001*[#   6]+0.001*[#  30]
          
    |psi|^2 = 0.034

 k =   0.0000000000  0.3849001797  0.0000000000
==== e(   1) =   -17.83881 eV ==== 
     psi = 0.255*[#  13]+0.255*[#  21]+0.073*[#  11]+0.073*[#  12]+0.073*[#  19]
          +0.073*[#  20]+0.064*[#   9]+0.064*[#  17]+0.012*[#  15]+0.012*[#  16]
          +0.012*[#  23]+0.012*[#  24]+0.001*[#   1]+0.002*[#   5]+0.001*[#  25]
          +0.002*[#  29]
    |psi|^2 = 0.987
==== e(   2) =   -17.73691 eV ==== 
     psi = 0.257*[#  13]+0.257*[#  21]+0.070*[#  11]+0.070*[#  12]+0.070*[#  19]
          +0.070*[#  20]+0.066*[#   9]+0.066*[#  17]+0.011*[#  15]+0.011*[#  16]
          +0.011*[#  23]+0.011*[#  24]+0.002*[#   1]+0.002*[#   5]+0.002*[#  25]
          +0.002*[#  29]
    |psi|^2 = 0.990
==== e(   3) =   -17.30339 eV ==== 
     psi = 0.151*[#   5]+0.151*[#  29]+0.151*[#   1]+0.151*[#  25]+0.046*[#   3]
          +0.046*[#   4]+0.046*[#   7]+0.046*[#   8]+0.046*[#  27]+0.046*[#  28]
          +0.046*[#  31]+0.046*[#  32]+0.003*[#  13]+0.003*[#  21]
    |psi|^2 = 0.983
==== e(   4) =   -17.30155 eV ==== 
     psi = 0.150*[#   5]+0.150*[#  29]+0.150*[#   1]+0.150*[#  25]+0.046*[#   3]
          +0.046*[#   4]+0.046*[#   7]+0.046*[#   8]+0.046*[#  27]+0.046*[#  28]
          +0.046*[#  31]+0.046*[#  32]+0.005*[#  13]+0.005*[#  21]+0.001*[#   9]
          +0.001*[#  17]+0.001*[#  11]+0.001*[#  12]+0.001*[#  19]+0.001*[#  20]
          
    |psi|^2 = 0.984
==== e(   5) =   -10.06856 eV ==== 
     psi = 0.092*[#   7]+0.092*[#   8]+0.092*[#  31]+0.092*[#  32]+0.091*[#   3]
          +0.091*[#   4]+0.091*[#  27]+0.091*[#  28]+0.064*[#   1]+0.064*[#   5]
          +0.064*[#  25]+0.064*[#  29]
    |psi|^2 = 0.990
==== e(   6) =   -10.06850 eV ==== 
     psi = 0.092*[#   7]+0.092*[#   8]+0.092*[#  31]+0.092*[#  32]+0.091*[#   3]
          +0.091*[#   4]+0.091*[#  27]+0.091*[#  28]+0.064*[#   5]+0.064*[#  29]
          +0.064*[#   1]+0.064*[#  25]
    |psi|^2 = 0.990
==== e(   7) =    -8.91801 eV ==== 
     psi = 0.165*[#  15]+0.165*[#  16]+0.165*[#  23]+0.165*[#  24]+0.078*[#   9]
          +0.078*[#  17]+0.034*[#  13]+0.034*[#  21]+0.027*[#  11]+0.027*[#  12]
          +0.027*[#  19]+0.027*[#  20]
    |psi|^2 = 0.992
==== e(   8) =    -8.82282 eV ==== 
     psi = 0.165*[#  15]+0.165*[#  16]+0.165*[#  23]+0.165*[#  24]+0.075*[#   9]
          +0.075*[#  17]+0.032*[#  13]+0.032*[#  21]+0.030*[#  11]+0.030*[#  12]
          +0.030*[#  19]+0.030*[#  20]
    |psi|^2 = 0.994
==== e(   9) =    -6.23039 eV ==== 
     psi = 0.125*[#   7]+0.125*[#   8]+0.125*[#  31]+0.125*[#  32]+0.124*[#   3]
          +0.124*[#   4]+0.124*[#  27]+0.124*[#  28]
    |psi|^2 = 0.996
==== e(  10) =    -6.23038 eV ==== 
     psi = 0.125*[#   7]+0.125*[#   8]+0.125*[#  31]+0.125*[#  32]+0.124*[#   3]
          +0.124*[#   4]+0.124*[#  27]+0.124*[#  28]
    |psi|^2 = 0.996
==== e(  11) =    -5.55795 eV ==== 
     psi = 0.171*[#  15]+0.171*[#  16]+0.171*[#  23]+0.171*[#  24]+0.078*[#  11]
          +0.078*[#  12]+0.078*[#  19]+0.078*[#  20]
    |psi|^2 = 0.997
==== e(  12) =    -5.53099 eV ==== 
     psi = 0.171*[#  15]+0.171*[#  16]+0.171*[#  23]+0.171*[#  24]+0.078*[#  11]
          +0.078*[#  12]+0.078*[#  19]+0.078*[#  20]
    |psi|^2 = 0.997
==== e(  13) =    -5.43231 eV ==== 
     psi = 0.153*[#  14]+0.153*[#  22]+0.127*[#   6]+0.127*[#  30]+0.125*[#   2]
          +0.125*[#  26]+0.092*[#  10]+0.092*[#  18]
    |psi|^2 = 0.993
==== e(  14) =    -5.21523 eV ==== 
     psi = 0.210*[#   6]+0.210*[#  30]+0.208*[#   2]+0.208*[#  26]+0.049*[#  14]
          +0.049*[#  22]+0.029*[#  10]+0.029*[#  18]
    |psi|^2 = 0.993
==== e(  15) =    -4.60861 eV ==== 
     psi = 0.171*[#  14]+0.171*[#  22]+0.123*[#   2]+0.123*[#  26]+0.121*[#   6]
          +0.121*[#  30]+0.081*[#  10]+0.081*[#  18]
    |psi|^2 = 0.995
==== e(  16) =    -3.99161 eV ==== 
     psi = 0.300*[#  14]+0.300*[#  22]+0.120*[#  10]+0.120*[#  18]+0.040*[#   2]
          +0.040*[#  26]+0.038*[#   6]+0.038*[#  30]
    |psi|^2 = 0.997
==== e(  17) =     4.22788 eV ==== 
     psi = 0.199*[#   6]+0.199*[#  30]+0.189*[#   2]+0.189*[#  26]+0.053*[#  10]
          +0.053*[#  18]+0.027*[#  14]+0.027*[#  22]
    |psi|^2 = 0.936
==== e(  18) =     4.28995 eV ==== 
     psi = 0.226*[#   6]+0.226*[#  30]+0.219*[#   2]+0.219*[#  26]+0.017*[#  10]
          +0.017*[#  18]+0.006*[#  14]+0.006*[#  22]
    |psi|^2 = 0.936
==== e(  19) =     5.00709 eV ==== 
     psi = 0.250*[#  10]+0.250*[#  18]+0.132*[#  14]+0.132*[#  22]+0.045*[#   2]
          +0.045*[#  26]+0.035*[#   6]+0.035*[#  30]+0.002*[#   9]+0.002*[#  17]
          +0.001*[#  13]+0.001*[#  21]
    |psi|^2 = 0.936
==== e(  20) =     5.80670 eV ==== 
     psi = 0.270*[#  10]+0.270*[#  18]+0.115*[#  14]+0.115*[#  22]+0.015*[#   2]
          +0.015*[#  26]+0.007*[#   6]+0.007*[#  30]+0.004*[#   9]+0.004*[#  17]
          +0.003*[#  13]+0.003*[#  21]+0.001*[#  11]+0.001*[#  12]+0.001*[#  19]
          +0.001*[#  20]
    |psi|^2 = 0.839

 k =   0.0000000000  0.4811252246  0.0000000000
==== e(   1) =   -17.02191 eV ==== 
     psi = 0.278*[#  13]+0.278*[#  21]+0.084*[#  11]+0.084*[#  12]+0.084*[#  19]
          +0.084*[#  20]+0.035*[#   9]+0.035*[#  17]+0.006*[#  15]+0.006*[#  16]
          +0.006*[#  23]+0.006*[#  24]
    |psi|^2 = 0.988
==== e(   2) =   -16.93598 eV ==== 
     psi = 0.281*[#  13]+0.281*[#  21]+0.083*[#  11]+0.083*[#  12]+0.083*[#  19]
          +0.083*[#  20]+0.036*[#   9]+0.036*[#  17]+0.006*[#  15]+0.006*[#  16]
          +0.006*[#  23]+0.006*[#  24]
    |psi|^2 = 0.991
==== e(   3) =   -15.92911 eV ==== 
     psi = 0.139*[#   5]+0.139*[#  29]+0.139*[#   1]+0.139*[#  25]+0.053*[#   3]
          +0.053*[#   4]+0.053*[#   7]+0.053*[#   8]+0.053*[#  27]+0.053*[#  28]
          +0.053*[#  31]+0.053*[#  32]
    |psi|^2 = 0.986
==== e(   4) =   -15.92884 eV ==== 
     psi = 0.139*[#   5]+0.139*[#  29]+0.139*[#   1]+0.139*[#  25]+0.053*[#   3]
          +0.053*[#   4]+0.053*[#   7]+0.053*[#   8]+0.053*[#  27]+0.053*[#  28]
          +0.053*[#  31]+0.053*[#  32]
    |psi|^2 = 0.986
==== e(   5) =   -12.14508 eV ==== 
     psi = 0.086*[#   7]+0.086*[#   8]+0.086*[#  31]+0.086*[#  32]+0.085*[#   3]
          +0.085*[#   4]+0.085*[#  27]+0.085*[#  28]+0.075*[#   1]+0.075*[#   5]
          +0.075*[#  25]+0.075*[#  29]
    |psi|^2 = 0.987
==== e(   6) =   -12.14502 eV ==== 
     psi = 0.086*[#   7]+0.086*[#   8]+0.086*[#  31]+0.086*[#  32]+0.085*[#   3]
          +0.085*[#   4]+0.085*[#  27]+0.085*[#  28]+0.075*[#   1]+0.075*[#   5]
          +0.075*[#  25]+0.075*[#  29]
    |psi|^2 = 0.987
==== e(   7) =   -10.38925 eV ==== 
     psi = 0.168*[#  15]+0.168*[#  16]+0.168*[#  23]+0.168*[#  24]+0.098*[#   9]
          +0.098*[#  17]+0.022*[#  11]+0.022*[#  12]+0.022*[#  19]+0.022*[#  20]
          +0.019*[#  13]+0.019*[#  21]
    |psi|^2 = 0.991
==== e(   8) =   -10.27335 eV ==== 
     psi = 0.168*[#  15]+0.168*[#  16]+0.168*[#  23]+0.168*[#  24]+0.097*[#   9]
          +0.097*[#  17]+0.023*[#  11]+0.023*[#  12]+0.023*[#  19]+0.023*[#  20]
          +0.018*[#  13]+0.018*[#  21]
    |psi|^2 = 0.993
==== e(   9) =    -6.69591 eV ==== 
     psi = 0.124*[#   7]+0.124*[#   8]+0.124*[#  31]+0.124*[#  32]+0.124*[#   3]
          +0.124*[#   4]+0.124*[#  27]+0.124*[#  28]
    |psi|^2 = 0.995
==== e(  10) =    -6.69591 eV ==== 
     psi = 0.124*[#   7]+0.124*[#   8]+0.124*[#  31]+0.124*[#  32]+0.124*[#   3]
          +0.124*[#   4]+0.124*[#  27]+0.124*[#  28]
    |psi|^2 = 0.995
==== e(  11) =    -5.98027 eV ==== 
     psi = 0.168*[#  15]+0.168*[#  16]+0.168*[#  23]+0.168*[#  24]+0.081*[#  11]
          +0.081*[#  12]+0.081*[#  19]+0.081*[#  20]
    |psi|^2 = 0.996
==== e(  12) =    -5.95217 eV ==== 
     psi = 0.168*[#  15]+0.168*[#  16]+0.168*[#  23]+0.168*[#  24]+0.081*[#  11]
          +0.081*[#  12]+0.081*[#  19]+0.081*[#  20]
    |psi|^2 = 0.997
==== e(  13) =    -4.08552 eV ==== 
     psi = 0.224*[#  14]+0.224*[#  22]+0.099*[#   6]+0.099*[#  30]+0.094*[#   2]
          +0.094*[#  26]+0.080*[#  10]+0.080*[#  18]
    |psi|^2 = 0.996
==== e(  14) =    -3.83114 eV ==== 
     psi = 0.198*[#   6]+0.198*[#  30]+0.193*[#   2]+0.193*[#  26]+0.078*[#  14]
          +0.078*[#  22]+0.028*[#  10]+0.028*[#  18]
    |psi|^2 = 0.996
==== e(  15) =    -3.34836 eV ==== 
     psi = 0.155*[#   2]+0.155*[#  26]+0.154*[#  14]+0.154*[#  22]+0.149*[#   6]
          +0.149*[#  30]+0.039*[#  10]+0.039*[#  18]
    |psi|^2 = 0.996
==== e(  16) =    -2.89771 eV ==== 
     psi = 0.320*[#  14]+0.320*[#  22]+0.072*[#  10]+0.072*[#  18]+0.056*[#   2]
          +0.056*[#  26]+0.049*[#   6]+0.049*[#  30]
    |psi|^2 = 0.995
==== e(  17) =     2.12780 eV ==== 
     psi = 0.213*[#   6]+0.213*[#  30]+0.201*[#   2]+0.201*[#  26]+0.045*[#  10]
          +0.045*[#  18]+0.011*[#  14]+0.011*[#  22]
    |psi|^2 = 0.941
==== e(  18) =     2.18420 eV ==== 
     psi = 0.230*[#   6]+0.230*[#  30]+0.221*[#   2]+0.221*[#  26]+0.017*[#  10]
          +0.017*[#  18]+0.003*[#  14]+0.003*[#  22]
    |psi|^2 = 0.943
==== e(  19) =     3.29627 eV ==== 
     psi = 0.313*[#  10]+0.313*[#  18]+0.095*[#  14]+0.095*[#  22]+0.035*[#   2]
          +0.035*[#  26]+0.024*[#   6]+0.024*[#  30]
    |psi|^2 = 0.939
==== e(  20) =     4.36587 eV ==== 
     psi = 0.362*[#  10]+0.362*[#  18]+0.088*[#  14]+0.088*[#  22]+0.015*[#   2]
          +0.015*[#  26]+0.007*[#   6]+0.007*[#  30]
    |psi|^2 = 0.947

 k =   0.0000000000 -0.5773502696  0.0000000000
==== e(   1) =   -16.63362 eV ==== 
     psi = 0.295*[#  13]+0.295*[#  21]+0.090*[#  11]+0.090*[#  12]+0.090*[#  19]
          +0.090*[#  20]+0.020*[#   9]+0.020*[#  17]
    |psi|^2 = 0.989
==== e(   2) =   -16.55790 eV ==== 
     psi = 0.297*[#  13]+0.297*[#  21]+0.089*[#  11]+0.089*[#  12]+0.089*[#  19]
          +0.089*[#  20]+0.020*[#   9]+0.020*[#  17]
    |psi|^2 = 0.991
==== e(   3) =   -14.70246 eV ==== 
     psi = 0.159*[#   5]+0.159*[#  29]+0.159*[#   1]+0.159*[#  25]+0.045*[#   3]
          +0.045*[#   4]+0.045*[#  27]+0.045*[#  28]+0.045*[#   7]+0.045*[#   8]
          +0.045*[#  31]+0.045*[#  32]
    |psi|^2 = 0.993
==== e(   4) =   -14.70239 eV ==== 
     psi = 0.159*[#   5]+0.159*[#  29]+0.159*[#   1]+0.159*[#  25]+0.045*[#   3]
          +0.045*[#   4]+0.045*[#  27]+0.045*[#  28]+0.045*[#   7]+0.045*[#   8]
          +0.045*[#  31]+0.045*[#  32]
    |psi|^2 = 0.993
==== e(   5) =   -13.61335 eV ==== 
     psi = 0.095*[#   7]+0.095*[#   8]+0.095*[#  31]+0.095*[#  32]+0.095*[#   3]
          +0.095*[#   4]+0.095*[#  27]+0.095*[#  28]+0.055*[#   1]+0.055*[#  25]
          +0.055*[#   5]+0.055*[#  29]
    |psi|^2 = 0.979
==== e(   6) =   -13.61332 eV ==== 
     psi = 0.095*[#   7]+0.095*[#   8]+0.095*[#  31]+0.095*[#  32]+0.095*[#   3]
          +0.095*[#   4]+0.095*[#  27]+0.095*[#  28]+0.055*[#   1]+0.055*[#  25]
          +0.055*[#   5]+0.055*[#  29]
    |psi|^2 = 0.979
==== e(   7) =   -11.00421 eV ==== 
     psi = 0.172*[#  15]+0.172*[#  16]+0.172*[#  23]+0.172*[#  24]+0.110*[#   9]
          +0.110*[#  17]+0.018*[#  11]+0.018*[#  12]+0.018*[#  19]+0.018*[#  20]
          +0.004*[#  13]+0.004*[#  21]
    |psi|^2 = 0.990
==== e(   8) =   -10.87690 eV ==== 
     psi = 0.173*[#  15]+0.173*[#  16]+0.173*[#  23]+0.173*[#  24]+0.110*[#   9]
          +0.110*[#  17]+0.018*[#  11]+0.018*[#  12]+0.018*[#  19]+0.018*[#  20]
          +0.005*[#  13]+0.005*[#  21]
    |psi|^2 = 0.993
==== e(   9) =    -6.85577 eV ==== 
     psi = 0.124*[#   7]+0.124*[#   8]+0.124*[#  31]+0.124*[#  32]+0.124*[#   3]
          +0.124*[#   4]+0.124*[#  27]+0.124*[#  28]
    |psi|^2 = 0.995
==== e(  10) =    -6.85573 eV ==== 
     psi = 0.124*[#   7]+0.124*[#   8]+0.124*[#  31]+0.124*[#  32]+0.124*[#   3]
          +0.124*[#   4]+0.124*[#  27]+0.124*[#  28]
    |psi|^2 = 0.995
==== e(  11) =    -6.12630 eV ==== 
     psi = 0.167*[#  15]+0.167*[#  16]+0.167*[#  23]+0.167*[#  24]+0.082*[#  11]
          +0.082*[#  12]+0.082*[#  19]+0.082*[#  20]
    |psi|^2 = 0.996
==== e(  12) =    -6.09782 eV ==== 
     psi = 0.167*[#  15]+0.167*[#  16]+0.167*[#  23]+0.167*[#  24]+0.082*[#  11]
          +0.082*[#  12]+0.082*[#  19]+0.082*[#  20]
    |psi|^2 = 0.997
==== e(  13) =    -3.34818 eV ==== 
     psi = 0.311*[#  14]+0.311*[#  22]+0.067*[#   6]+0.067*[#  30]+0.062*[#  10]
          +0.062*[#  18]+0.057*[#   2]+0.057*[#  26]
    |psi|^2 = 0.994
==== e(  14) =    -3.03408 eV ==== 
     psi = 0.175*[#   6]+0.175*[#  30]+0.163*[#   2]+0.163*[#  26]+0.133*[#  14]
          +0.133*[#  22]+0.027*[#  10]+0.027*[#  18]
    |psi|^2 = 0.997
==== e(  15) =    -2.63397 eV ==== 
     psi = 0.194*[#   2]+0.194*[#  26]+0.180*[#   6]+0.180*[#  30]+0.112*[#  14]
          +0.112*[#  22]+0.012*[#  10]+0.012*[#  18]
    |psi|^2 = 0.996
==== e(  16) =    -2.33991 eV ==== 
     psi = 0.301*[#  14]+0.301*[#  22]+0.089*[#   2]+0.089*[#  26]+0.072*[#   6]
          +0.072*[#  30]+0.035*[#  10]+0.035*[#  18]
    |psi|^2 = 0.994
==== e(  17) =     1.05412 eV ==== 
     psi = 0.220*[#   6]+0.220*[#  30]+0.203*[#   2]+0.203*[#  26]+0.045*[#  10]
          +0.045*[#  18]+0.004*[#  14]+0.004*[#  22]
    |psi|^2 = 0.945
==== e(  18) =     1.10753 eV ==== 
     psi = 0.233*[#   6]+0.233*[#  30]+0.220*[#   2]+0.220*[#  26]+0.018*[#  10]
          +0.018*[#  18]
    |psi|^2 = 0.946
==== e(  19) =     2.46542 eV ==== 
     psi = 0.360*[#  10]+0.360*[#  18]+0.059*[#  14]+0.059*[#  22]+0.031*[#   2]
          +0.031*[#  26]+0.019*[#   6]+0.019*[#  30]
    |psi|^2 = 0.941
==== e(  20) =     3.65266 eV ==== 
     psi = 0.399*[#  10]+0.399*[#  18]+0.054*[#  14]+0.054*[#  22]+0.015*[#   2]
          +0.015*[#  26]+0.006*[#   6]+0.006*[#  30]
    |psi|^2 = 0.950

 k =   0.0833333333  0.1443375674  0.0000000000
==== e(   1) =   -19.48097 eV ==== 
     psi = 0.179*[#  13]+0.179*[#  21]+0.106*[#   9]+0.106*[#  17]+0.065*[#   1]
          +0.065*[#   5]+0.065*[#  25]+0.065*[#  29]+0.023*[#  11]+0.023*[#  12]
          +0.023*[#  19]+0.023*[#  20]+0.006*[#   3]+0.006*[#   4]+0.006*[#   7]
          +0.006*[#   8]+0.006*[#  27]+0.006*[#  28]+0.006*[#  31]+0.006*[#  32]
          +0.004*[#  15]+0.004*[#  16]+0.004*[#  23]+0.004*[#  24]
    |psi|^2 = 0.986
==== e(   2) =   -19.42225 eV ==== 
     psi = 0.154*[#   5]+0.154*[#  29]+0.153*[#   1]+0.153*[#  25]+0.069*[#  13]
          +0.069*[#  21]+0.042*[#   9]+0.042*[#  17]+0.013*[#   3]+0.013*[#   4]
          +0.013*[#   7]+0.013*[#   8]+0.013*[#  27]+0.013*[#  28]+0.013*[#  31]
          +0.013*[#  32]+0.009*[#  11]+0.009*[#  12]+0.009*[#  19]+0.009*[#  20]
          +0.002*[#  10]+0.002*[#  18]+0.002*[#  15]+0.002*[#  16]+0.002*[#  23]
          +0.002*[#  24]
    |psi|^2 = 0.985
==== e(   3) =   -19.33294 eV ==== 
     psi = 0.145*[#   5]+0.145*[#  29]+0.145*[#   1]+0.145*[#  25]+0.083*[#  13]
          +0.083*[#  21]+0.049*[#   9]+0.049*[#  17]+0.012*[#   3]+0.012*[#   4]
          +0.012*[#   7]+0.012*[#   8]+0.012*[#  27]+0.012*[#  28]+0.012*[#  31]
          +0.012*[#  32]+0.009*[#  11]+0.009*[#  12]+0.009*[#  19]+0.009*[#  20]
          +0.002*[#  10]+0.002*[#  18]+0.002*[#  15]+0.002*[#  16]+0.002*[#  23]
          +0.002*[#  24]
    |psi|^2 = 0.988
==== e(   4) =   -19.26134 eV ==== 
     psi = 0.196*[#  13]+0.196*[#  21]+0.117*[#   9]+0.117*[#  17]+0.057*[#   1]
          +0.057*[#   5]+0.057*[#  25]+0.057*[#  29]+0.021*[#  11]+0.021*[#  12]
          +0.021*[#  19]+0.021*[#  20]+0.004*[#   3]+0.004*[#   4]+0.004*[#   7]
          +0.004*[#   8]+0.004*[#  15]+0.004*[#  16]+0.004*[#  23]+0.004*[#  24]
          +0.004*[#  27]+0.004*[#  28]+0.004*[#  31]+0.004*[#  32]
    |psi|^2 = 0.993
==== e(   5) =    -7.79399 eV ==== 
     psi = 0.138*[#   6]+0.138*[#  30]+0.138*[#   2]+0.138*[#  26]+0.108*[#  14]
          +0.108*[#  22]+0.100*[#  10]+0.100*[#  18]
    |psi|^2 = 0.969
==== e(   6) =    -7.59417 eV ==== 
     psi = 0.209*[#   6]+0.209*[#  30]+0.209*[#   2]+0.209*[#  26]+0.035*[#  14]
          +0.035*[#  22]+0.031*[#  10]+0.031*[#  18]+0.001*[#  13]+0.001*[#  21]
          
    |psi|^2 = 0.969
==== e(   7) =    -6.86036 eV ==== 
     psi = 0.160*[#  14]+0.160*[#  22]+0.120*[#  10]+0.120*[#  18]+0.104*[#   2]
          +0.104*[#   6]+0.104*[#  26]+0.104*[#  30]+0.002*[#  13]+0.002*[#  21]
          
    |psi|^2 = 0.981
==== e(   8) =    -6.07919 eV ==== 
     psi = 0.262*[#  14]+0.262*[#  22]+0.165*[#  10]+0.165*[#  18]+0.033*[#   2]
          +0.033*[#   6]+0.033*[#  26]+0.033*[#  30]
    |psi|^2 = 0.991
==== e(   9) =    -5.20803 eV ==== 
     psi = 0.115*[#   7]+0.115*[#   8]+0.115*[#  31]+0.115*[#  32]+0.114*[#   3]
          +0.114*[#   4]+0.114*[#  27]+0.114*[#  28]+0.020*[#   1]+0.020*[#   5]
          +0.020*[#  25]+0.020*[#  29]
    |psi|^2 = 0.997
==== e(  10) =    -5.20798 eV ==== 
     psi = 0.115*[#   7]+0.115*[#   8]+0.115*[#  31]+0.115*[#  32]+0.114*[#   3]
          +0.114*[#   4]+0.114*[#  27]+0.114*[#  28]+0.020*[#   1]+0.020*[#   5]
          +0.020*[#  25]+0.020*[#  29]
    |psi|^2 = 0.997
==== e(  11) =    -4.74979 eV ==== 
     psi = 0.183*[#  15]+0.183*[#  16]+0.183*[#  23]+0.183*[#  24]+0.043*[#  11]
          +0.043*[#  12]+0.043*[#  19]+0.043*[#  20]+0.026*[#   9]+0.026*[#  17]
          +0.018*[#  13]+0.018*[#  21]
    |psi|^2 = 0.996
==== e(  12) =    -4.70468 eV ==== 
     psi = 0.184*[#  15]+0.184*[#  16]+0.184*[#  23]+0.184*[#  24]+0.045*[#  11]
          +0.045*[#  12]+0.045*[#  19]+0.045*[#  20]+0.023*[#   9]+0.023*[#  17]
          +0.016*[#  13]+0.016*[#  21]
    |psi|^2 = 0.996
==== e(  13) =    -4.53063 eV ==== 
     psi = 0.123*[#   7]+0.123*[#   8]+0.123*[#  31]+0.123*[#  32]+0.123*[#   3]
          +0.123*[#   4]+0.123*[#  27]+0.123*[#  28]+0.003*[#   1]+0.003*[#   5]
          +0.003*[#  25]+0.003*[#  29]
    |psi|^2 = 0.995
==== e(  14) =    -4.53056 eV ==== 
     psi = 0.123*[#   7]+0.123*[#   8]+0.123*[#  31]+0.123*[#  32]+0.123*[#   3]
          +0.123*[#   4]+0.123*[#  27]+0.123*[#  28]+0.003*[#   1]+0.003*[#   5]
          +0.003*[#  25]+0.003*[#  29]
    |psi|^2 = 0.995
==== e(  15) =    -4.04118 eV ==== 
     psi = 0.185*[#  15]+0.185*[#  16]+0.185*[#  23]+0.185*[#  24]+0.060*[#  11]
          +0.060*[#  12]+0.060*[#  19]+0.060*[#  20]+0.007*[#   9]+0.007*[#  17]
          
    |psi|^2 = 0.994
==== e(  16) =    -4.01758 eV ==== 
     psi = 0.185*[#  15]+0.185*[#  16]+0.185*[#  23]+0.185*[#  24]+0.061*[#  11]
          +0.061*[#  12]+0.061*[#  19]+0.061*[#  20]+0.006*[#   9]+0.006*[#  17]
          
    |psi|^2 = 0.996
==== e(  17) =     3.58866 eV ==== 
     psi = 0.011*[#   9]+0.011*[#  17]+0.010*[#  13]+0.010*[#  21]+0.005*[#  11]
          +0.005*[#  12]+0.005*[#  19]+0.005*[#  20]+0.002*[#   3]+0.002*[#   4]
          +0.002*[#   7]+0.002*[#   8]+0.002*[#  27]+0.002*[#  28]+0.002*[#  31]
          +0.002*[#  32]+0.002*[#   6]+0.002*[#  30]+0.002*[#   2]+0.002*[#  26]
          
    |psi|^2 = 0.087
==== e(  18) =     3.66532 eV ==== 
     psi = 0.004*[#  10]+0.004*[#  18]+0.002*[#   2]+0.002*[#   6]+0.002*[#  26]
          +0.002*[#  30]+0.002*[#   3]+0.002*[#   4]+0.002*[#   7]+0.002*[#   8]
          +0.002*[#  27]+0.002*[#  28]+0.002*[#  31]+0.002*[#  32]+0.002*[#   9]
          +0.001*[#  13]+0.002*[#  14]+0.002*[#  17]+0.001*[#  21]+0.002*[#  22]
          
    |psi|^2 = 0.042
==== e(  19) =     3.94722 eV ==== 
     psi = 0.004*[#   9]+0.004*[#  17]+0.003*[#  13]+0.003*[#  21]+0.001*[#  11]
          +0.001*[#  12]+0.001*[#  19]+0.001*[#  20]
    |psi|^2 = 0.023
==== e(  20) =     4.24616 eV ==== 
     psi = 0.002*[#  10]+0.002*[#  18]
    |psi|^2 = 0.018

 k =   0.0833333333  0.2405626123  0.0000000000
==== e(   1) =   -18.92821 eV ==== 
     psi = 0.227*[#  13]+0.227*[#  21]+0.101*[#   9]+0.101*[#  17]+0.048*[#  11]
          +0.048*[#  12]+0.048*[#  19]+0.048*[#  20]+0.018*[#   1]+0.018*[#   5]
          +0.018*[#  25]+0.018*[#  29]+0.009*[#  15]+0.009*[#  16]+0.009*[#  23]
          +0.009*[#  24]+0.003*[#   3]+0.003*[#   4]+0.003*[#   7]+0.003*[#   8]
          +0.003*[#  27]+0.003*[#  28]+0.003*[#  31]+0.003*[#  32]
    |psi|^2 = 0.986
==== e(   2) =   -18.83120 eV ==== 
     psi = 0.171*[#  13]+0.171*[#  21]+0.078*[#   9]+0.078*[#  17]+0.059*[#   1]
          +0.060*[#   5]+0.059*[#  25]+0.060*[#  29]+0.035*[#  11]+0.035*[#  12]
          +0.035*[#  19]+0.035*[#  20]+0.010*[#   3]+0.010*[#   4]+0.010*[#   7]
          +0.010*[#   8]+0.010*[#  27]+0.010*[#  28]+0.010*[#  31]+0.010*[#  32]
          +0.007*[#  15]+0.007*[#  16]+0.007*[#  23]+0.007*[#  24]
    |psi|^2 = 0.987
==== e(   3) =   -18.71396 eV ==== 
     psi = 0.166*[#   5]+0.166*[#  29]+0.165*[#   1]+0.165*[#  25]+0.028*[#   3]
          +0.028*[#   4]+0.028*[#   7]+0.028*[#   8]+0.028*[#  27]+0.028*[#  28]
          +0.028*[#  31]+0.028*[#  32]+0.027*[#  13]+0.027*[#  21]+0.012*[#   9]
          +0.012*[#  17]+0.005*[#  11]+0.005*[#  12]+0.005*[#  19]+0.005*[#  20]
          
    |psi|^2 = 0.985
==== e(   4) =   -18.68874 eV ==== 
     psi = 0.124*[#   5]+0.124*[#  29]+0.124*[#   1]+0.124*[#  25]+0.086*[#  13]
          +0.086*[#  21]+0.040*[#   9]+0.040*[#  17]+0.021*[#   3]+0.021*[#   4]
          +0.021*[#   7]+0.021*[#   8]+0.021*[#  27]+0.021*[#  28]+0.021*[#  31]
          +0.021*[#  32]+0.015*[#  11]+0.015*[#  12]+0.015*[#  19]+0.015*[#  20]
          +0.003*[#  15]+0.003*[#  16]+0.003*[#  23]+0.003*[#  24]
    |psi|^2 = 0.988
==== e(   5) =    -7.03809 eV ==== 
     psi = 0.137*[#   6]+0.137*[#  30]+0.137*[#   2]+0.137*[#  26]+0.117*[#  14]
          +0.117*[#  22]+0.098*[#  10]+0.098*[#  18]
    |psi|^2 = 0.979
==== e(   6) =    -6.90503 eV ==== 
     psi = 0.105*[#   7]+0.105*[#   8]+0.105*[#  31]+0.105*[#  32]+0.105*[#   3]
          +0.105*[#   4]+0.105*[#  27]+0.105*[#  28]+0.038*[#   5]+0.038*[#  29]
          +0.038*[#   1]+0.038*[#  25]
    |psi|^2 = 0.995
==== e(   7) =    -6.90478 eV ==== 
     psi = 0.105*[#   7]+0.105*[#   8]+0.105*[#  31]+0.105*[#  32]+0.105*[#   3]
          +0.105*[#   4]+0.105*[#  27]+0.105*[#  28]+0.038*[#   1]+0.038*[#   5]
          +0.038*[#  25]+0.038*[#  29]
    |psi|^2 = 0.995
==== e(   8) =    -6.84702 eV ==== 
     psi = 0.205*[#   2]+0.205*[#   6]+0.205*[#  26]+0.205*[#  30]+0.037*[#  14]
          +0.037*[#  22]+0.031*[#  10]+0.031*[#  18]+0.003*[#  15]+0.003*[#  16]
          +0.003*[#  23]+0.003*[#  24]+0.002*[#  13]+0.002*[#  21]
    |psi|^2 = 0.980
==== e(   9) =    -6.32762 eV ==== 
     psi = 0.134*[#  15]+0.134*[#  16]+0.134*[#  23]+0.134*[#  24]+0.036*[#  14]
          +0.036*[#  22]+0.031*[#   9]+0.031*[#  17]+0.029*[#  11]+0.029*[#  12]
          +0.029*[#  19]+0.029*[#  20]+0.029*[#  13]+0.029*[#  21]+0.029*[#  10]
          +0.029*[#  18]+0.023*[#   2]+0.023*[#  26]+0.022*[#   6]+0.022*[#  30]
          
    |psi|^2 = 0.994
==== e(  10) =    -6.19978 eV ==== 
     psi = 0.171*[#  15]+0.171*[#  16]+0.171*[#  23]+0.171*[#  24]+0.041*[#  11]
          +0.041*[#  12]+0.041*[#  19]+0.041*[#  20]+0.038*[#   9]+0.038*[#  17]
          +0.027*[#  13]+0.027*[#  21]+0.005*[#   6]+0.005*[#  30]+0.004*[#   2]
          +0.004*[#  26]
    |psi|^2 = 0.996
==== e(  11) =    -6.07951 eV ==== 
     psi = 0.129*[#  14]+0.129*[#  22]+0.085*[#   6]+0.085*[#  30]+0.085*[#   2]
          +0.085*[#  26]+0.084*[#  10]+0.084*[#  18]+0.040*[#  15]+0.040*[#  16]
          +0.040*[#  23]+0.040*[#  24]+0.010*[#   9]+0.010*[#  17]+0.010*[#  11]
          +0.010*[#  12]+0.010*[#  19]+0.010*[#  20]+0.003*[#  13]+0.003*[#  21]
          
    |psi|^2 = 0.989
==== e(  12) =    -5.51316 eV ==== 
     psi = 0.121*[#   7]+0.121*[#   8]+0.121*[#  31]+0.121*[#  32]+0.121*[#   3]
          +0.121*[#   4]+0.121*[#  27]+0.121*[#  28]+0.006*[#   1]+0.006*[#   5]
          +0.006*[#  25]+0.006*[#  29]+0.001*[#  10]+0.001*[#  14]+0.001*[#  18]
          +0.001*[#  22]
    |psi|^2 = 0.994
==== e(  13) =    -5.51267 eV ==== 
     psi = 0.121*[#   7]+0.121*[#   8]+0.121*[#  31]+0.121*[#  32]+0.121*[#   3]
          +0.121*[#   4]+0.121*[#  27]+0.121*[#  28]+0.006*[#   1]+0.006*[#   5]
          +0.006*[#  25]+0.006*[#  29]
    |psi|^2 = 0.994
==== e(  14) =    -5.39259 eV ==== 
     psi = 0.271*[#  14]+0.271*[#  22]+0.154*[#  10]+0.154*[#  18]+0.034*[#   2]
          +0.034*[#  26]+0.033*[#   6]+0.033*[#  30]
    |psi|^2 = 0.994
==== e(  15) =    -4.85696 eV ==== 
     psi = 0.176*[#  15]+0.176*[#  16]+0.176*[#  23]+0.176*[#  24]+0.064*[#  11]
          +0.064*[#  12]+0.064*[#  19]+0.064*[#  20]+0.014*[#   9]+0.014*[#  17]
          
    |psi|^2 = 0.993
==== e(  16) =    -4.82663 eV ==== 
     psi = 0.176*[#  15]+0.176*[#  16]+0.176*[#  23]+0.176*[#  24]+0.066*[#  11]
          +0.066*[#  12]+0.066*[#  19]+0.066*[#  20]+0.013*[#   9]+0.013*[#  17]
          
    |psi|^2 = 0.995
==== e(  17) =     4.46739 eV ==== 
     psi = 0.010*[#  13]+0.010*[#  21]+0.009*[#   9]+0.009*[#  17]+0.006*[#  11]
          +0.006*[#  12]+0.006*[#  19]+0.006*[#  20]+0.002*[#   3]+0.002*[#   4]
          +0.002*[#   7]+0.002*[#   8]+0.002*[#  27]+0.002*[#  28]+0.002*[#  31]
          +0.002*[#  32]+0.001*[#   6]+0.001*[#  30]+0.001*[#   2]+0.001*[#  26]
          
    |psi|^2 = 0.088
==== e(  18) =     4.54456 eV ==== 
     psi = 0.005*[#  10]+0.005*[#  18]+0.002*[#  14]+0.002*[#  22]+0.002*[#   3]
          +0.002*[#   4]+0.002*[#   7]+0.002*[#   8]+0.002*[#  27]+0.002*[#  28]
          +0.002*[#  31]+0.002*[#  32]+0.002*[#   2]+0.002*[#  13]+0.002*[#  21]
          +0.002*[#  26]+0.001*[#   6]+0.001*[#   9]+0.001*[#  17]+0.001*[#  30]
          
    |psi|^2 = 0.045
==== e(  19) =     4.84727 eV ==== 
     psi = 0.003*[#  13]+0.003*[#  21]+0.003*[#   9]+0.003*[#  17]+0.002*[#  11]
          +0.002*[#  12]+0.002*[#  19]+0.002*[#  20]
    |psi|^2 = 0.022
==== e(  20) =     5.13929 eV ==== 
     psi = 0.003*[#  10]+0.003*[#  18]+0.001*[#  14]+0.001*[#  22]
    |psi|^2 = 0.019

 k =   0.0833333333  0.3367876572  0.0000000000
==== e(   1) =   -18.17487 eV ==== 
     psi = 0.248*[#  13]+0.248*[#  21]+0.075*[#   9]+0.075*[#  17]+0.067*[#  11]
          +0.067*[#  12]+0.067*[#  19]+0.067*[#  20]+0.012*[#  15]+0.012*[#  16]
          +0.012*[#  23]+0.012*[#  24]+0.003*[#   1]+0.003*[#   5]+0.003*[#  25]
          +0.003*[#  29]
    |psi|^2 = 0.987
==== e(   2) =   -18.06888 eV ==== 
     psi = 0.246*[#  13]+0.246*[#  21]+0.077*[#   9]+0.077*[#  17]+0.064*[#  11]
          +0.064*[#  12]+0.064*[#  19]+0.064*[#  20]+0.012*[#  15]+0.012*[#  16]
          +0.012*[#  23]+0.012*[#  24]+0.006*[#   1]+0.006*[#   5]+0.006*[#  25]
          +0.006*[#  29]+0.002*[#   3]+0.002*[#   4]+0.002*[#   7]+0.002*[#   8]
          +0.002*[#  27]+0.002*[#  28]+0.002*[#  31]+0.002*[#  32]
    |psi|^2 = 0.990
==== e(   3) =   -17.77239 eV ==== 
     psi = 0.157*[#   5]+0.157*[#  29]+0.157*[#   1]+0.157*[#  25]+0.042*[#   3]
          +0.042*[#   4]+0.042*[#   7]+0.042*[#   8]+0.042*[#  27]+0.042*[#  28]
          +0.042*[#  31]+0.042*[#  32]+0.006*[#  13]+0.006*[#  21]+0.002*[#   9]
          +0.002*[#  17]+0.001*[#  11]+0.001*[#  12]+0.001*[#  19]+0.001*[#  20]
          
    |psi|^2 = 0.983
==== e(   4) =   -17.76838 eV ==== 
     psi = 0.154*[#   5]+0.154*[#  29]+0.153*[#   1]+0.153*[#  25]+0.041*[#   3]
          +0.041*[#   4]+0.041*[#   7]+0.041*[#   8]+0.041*[#  27]+0.041*[#  28]
          +0.041*[#  31]+0.041*[#  32]+0.012*[#  13]+0.012*[#  21]+0.004*[#   9]
          +0.004*[#  17]+0.002*[#  11]+0.002*[#  12]+0.002*[#  19]+0.002*[#  20]
          
    |psi|^2 = 0.984
==== e(   5) =    -8.95845 eV ==== 
     psi = 0.096*[#   7]+0.096*[#   8]+0.096*[#  31]+0.096*[#  32]+0.096*[#   3]
          +0.096*[#   4]+0.096*[#  27]+0.096*[#  28]+0.056*[#   1]+0.056*[#   5]
          +0.056*[#  25]+0.056*[#  29]
    |psi|^2 = 0.992
==== e(   6) =    -8.95837 eV ==== 
     psi = 0.096*[#   7]+0.096*[#   8]+0.096*[#  31]+0.096*[#  32]+0.096*[#   3]
          +0.096*[#   4]+0.096*[#  27]+0.096*[#  28]+0.056*[#   5]+0.056*[#  29]
          +0.056*[#   1]+0.056*[#  25]
    |psi|^2 = 0.992
==== e(   7) =    -8.04108 eV ==== 
     psi = 0.165*[#  15]+0.165*[#  16]+0.165*[#  23]+0.165*[#  24]+0.061*[#   9]
          +0.061*[#  17]+0.036*[#  13]+0.036*[#  21]+0.034*[#  11]+0.034*[#  12]
          +0.034*[#  19]+0.034*[#  20]
    |psi|^2 = 0.994
==== e(   8) =    -7.95840 eV ==== 
     psi = 0.165*[#  15]+0.165*[#  16]+0.165*[#  23]+0.165*[#  24]+0.058*[#   9]
          +0.058*[#  17]+0.037*[#  11]+0.037*[#  12]+0.037*[#  19]+0.037*[#  20]
          +0.034*[#  13]+0.034*[#  21]
    |psi|^2 = 0.995
==== e(   9) =    -6.38656 eV ==== 
     psi = 0.121*[#   7]+0.121*[#   8]+0.121*[#  31]+0.121*[#  32]+0.121*[#   3]
          +0.121*[#   4]+0.121*[#  27]+0.121*[#  28]+0.007*[#   1]+0.007*[#   5]
          +0.007*[#  25]+0.007*[#  29]
    |psi|^2 = 0.994
==== e(  10) =    -6.38653 eV ==== 
     psi = 0.121*[#   7]+0.121*[#   8]+0.121*[#  31]+0.121*[#  32]+0.121*[#   3]
          +0.121*[#   4]+0.121*[#  27]+0.121*[#  28]+0.007*[#   1]+0.007*[#   5]
          +0.007*[#  25]+0.007*[#  29]
    |psi|^2 = 0.994
==== e(  11) =    -5.94544 eV ==== 
     psi = 0.138*[#  14]+0.138*[#  22]+0.131*[#   6]+0.131*[#  30]+0.130*[#   2]
          +0.130*[#  26]+0.094*[#  10]+0.094*[#  18]
    |psi|^2 = 0.989
==== e(  12) =    -5.73909 eV ==== 
     psi = 0.202*[#   6]+0.202*[#  30]+0.201*[#   2]+0.201*[#  26]+0.042*[#  14]
          +0.042*[#  22]+0.029*[#  10]+0.029*[#  18]+0.007*[#  15]+0.007*[#  16]
          +0.007*[#  23]+0.007*[#  24]+0.003*[#  11]+0.003*[#  12]+0.003*[#  19]
          +0.003*[#  20]
    |psi|^2 = 0.991
==== e(  13) =    -5.62838 eV ==== 
     psi = 0.169*[#  15]+0.169*[#  16]+0.169*[#  23]+0.169*[#  24]+0.070*[#  11]
          +0.070*[#  12]+0.070*[#  19]+0.070*[#  20]+0.015*[#   9]+0.015*[#  17]
          +0.001*[#  13]+0.001*[#  21]
    |psi|^2 = 0.995
==== e(  14) =    -5.58427 eV ==== 
     psi = 0.164*[#  15]+0.164*[#  16]+0.164*[#  23]+0.164*[#  24]+0.068*[#  11]
          +0.068*[#  12]+0.068*[#  19]+0.068*[#  20]+0.014*[#   9]+0.014*[#  17]
          +0.009*[#   6]+0.009*[#  30]+0.009*[#   2]+0.009*[#  26]+0.001*[#  14]
          +0.001*[#  22]+0.001*[#  13]+0.001*[#  21]
    |psi|^2 = 0.995
==== e(  15) =    -5.08769 eV ==== 
     psi = 0.169*[#  14]+0.169*[#  22]+0.116*[#   2]+0.116*[#  26]+0.115*[#   6]
          +0.115*[#  30]+0.092*[#  10]+0.092*[#  18]+0.001*[#  15]+0.001*[#  16]
          +0.001*[#  23]+0.001*[#  24]
    |psi|^2 = 0.994
==== e(  16) =    -4.42941 eV ==== 
     psi = 0.290*[#  14]+0.290*[#  22]+0.134*[#  10]+0.134*[#  18]+0.037*[#   2]
          +0.037*[#  26]+0.036*[#   6]+0.036*[#  30]
    |psi|^2 = 0.997
==== e(  17) =     5.22536 eV ==== 
     psi = 0.187*[#   6]+0.187*[#  30]+0.175*[#   2]+0.175*[#  26]+0.068*[#  10]
          +0.068*[#  18]+0.040*[#  14]+0.040*[#  22]
    |psi|^2 = 0.942
==== e(  18) =     5.28964 eV ==== 
     psi = 0.225*[#   6]+0.225*[#  30]+0.214*[#   2]+0.214*[#  26]+0.018*[#  10]
          +0.018*[#  18]+0.008*[#  14]+0.008*[#  22]
    |psi|^2 = 0.932
==== e(  19) =     5.75307 eV ==== 
     psi = 0.206*[#  10]+0.206*[#  18]+0.125*[#  14]+0.125*[#  22]+0.056*[#   2]
          +0.056*[#  26]+0.045*[#   6]+0.045*[#  30]+0.008*[#   9]+0.008*[#  17]
          +0.007*[#  13]+0.007*[#  21]+0.002*[#  11]+0.002*[#  12]+0.002*[#  19]
          +0.002*[#  20]+0.001*[#  15]+0.001*[#  16]+0.001*[#  23]+0.001*[#  24]
          
    |psi|^2 = 0.910
==== e(  20) =     5.80910 eV ==== 
     psi = 0.037*[#  10]+0.037*[#  18]+0.018*[#  14]+0.018*[#  22]+0.011*[#   2]
          +0.011*[#  26]+0.003*[#   6]+0.003*[#  30]+0.003*[#   9]+0.003*[#  13]
          +0.003*[#  17]+0.003*[#  21]+0.002*[#  11]+0.002*[#  12]+0.002*[#  19]
          +0.002*[#  20]+0.001*[#   3]+0.001*[#   4]+0.001*[#  27]+0.001*[#  28]
          +0.001*[#   7]+0.001*[#   8]+0.001*[#  31]+0.001*[#  32]
    |psi|^2 = 0.172

 k =   0.0833333333  0.4330127022  0.0000000000
==== e(   1) =   -17.32782 eV ==== 
     psi = 0.266*[#  13]+0.266*[#  21]+0.080*[#  11]+0.080*[#  12]+0.080*[#  19]
          +0.080*[#  20]+0.046*[#   9]+0.046*[#  17]+0.010*[#  15]+0.010*[#  16]
          +0.010*[#  23]+0.010*[#  24]
    |psi|^2 = 0.987
==== e(   2) =   -17.23469 eV ==== 
     psi = 0.269*[#  13]+0.269*[#  21]+0.078*[#  11]+0.078*[#  12]+0.078*[#  19]
          +0.078*[#  20]+0.048*[#   9]+0.048*[#  17]+0.010*[#  15]+0.010*[#  16]
          +0.010*[#  23]+0.010*[#  24]
    |psi|^2 = 0.991
==== e(   3) =   -16.53194 eV ==== 
     psi = 0.142*[#   5]+0.142*[#  29]+0.142*[#   1]+0.142*[#  25]+0.052*[#   3]
          +0.052*[#   4]+0.052*[#   7]+0.052*[#   8]+0.052*[#  27]+0.052*[#  28]
          +0.052*[#  31]+0.052*[#  32]+0.001*[#  13]+0.001*[#  21]
    |psi|^2 = 0.984
==== e(   4) =   -16.53130 eV ==== 
     psi = 0.142*[#   5]+0.142*[#  29]+0.142*[#   1]+0.142*[#  25]+0.051*[#   3]
          +0.051*[#   4]+0.051*[#   7]+0.051*[#   8]+0.051*[#  27]+0.051*[#  28]
          +0.051*[#  31]+0.051*[#  32]+0.002*[#  13]+0.002*[#  21]
    |psi|^2 = 0.984
==== e(   5) =   -11.05918 eV ==== 
     psi = 0.088*[#   7]+0.088*[#   8]+0.088*[#  31]+0.088*[#  32]+0.088*[#   3]
          +0.088*[#   4]+0.088*[#  27]+0.088*[#  28]+0.071*[#   1]+0.071*[#   5]
          +0.071*[#  25]+0.071*[#  29]
    |psi|^2 = 0.989
==== e(   6) =   -11.05912 eV ==== 
     psi = 0.088*[#   7]+0.088*[#   8]+0.088*[#  31]+0.088*[#  32]+0.088*[#   3]
          +0.088*[#   4]+0.088*[#  27]+0.088*[#  28]+0.071*[#   5]+0.071*[#  29]
          +0.071*[#   1]+0.071*[#  25]
    |psi|^2 = 0.989
==== e(   7) =    -9.67851 eV ==== 
     psi = 0.164*[#  15]+0.164*[#  16]+0.164*[#  23]+0.164*[#  24]+0.082*[#   9]
          +0.082*[#  17]+0.029*[#  11]+0.029*[#  12]+0.029*[#  19]+0.029*[#  20]
          +0.028*[#  13]+0.028*[#  21]
    |psi|^2 = 0.992
==== e(   8) =    -9.57520 eV ==== 
     psi = 0.164*[#  15]+0.164*[#  16]+0.164*[#  23]+0.164*[#  24]+0.080*[#   9]
          +0.080*[#  17]+0.031*[#  11]+0.031*[#  12]+0.031*[#  19]+0.031*[#  20]
          +0.027*[#  13]+0.027*[#  21]
    |psi|^2 = 0.994
==== e(   9) =    -7.01268 eV ==== 
     psi = 0.121*[#   7]+0.121*[#   8]+0.121*[#  31]+0.121*[#  32]+0.120*[#   3]
          +0.120*[#   4]+0.120*[#  27]+0.120*[#  28]+0.007*[#   1]+0.007*[#   5]
          +0.007*[#  25]+0.007*[#  29]
    |psi|^2 = 0.994
==== e(  10) =    -7.01268 eV ==== 
     psi = 0.121*[#   7]+0.121*[#   8]+0.121*[#  31]+0.121*[#  32]+0.120*[#   3]
          +0.120*[#   4]+0.120*[#  27]+0.120*[#  28]+0.007*[#   1]+0.007*[#   5]
          +0.007*[#  25]+0.007*[#  29]
    |psi|^2 = 0.994
==== e(  11) =    -6.19287 eV ==== 
     psi = 0.166*[#  15]+0.166*[#  16]+0.166*[#  23]+0.166*[#  24]+0.075*[#  11]
          +0.075*[#  12]+0.075*[#  19]+0.075*[#  20]+0.014*[#   9]+0.014*[#  17]
          +0.002*[#  13]+0.002*[#  21]
    |psi|^2 = 0.995
==== e(  12) =    -6.15493 eV ==== 
     psi = 0.167*[#  15]+0.167*[#  16]+0.167*[#  23]+0.167*[#  24]+0.075*[#  11]
          +0.075*[#  12]+0.075*[#  19]+0.075*[#  20]+0.014*[#   9]+0.014*[#  17]
          +0.002*[#  13]+0.002*[#  21]
    |psi|^2 = 0.996
==== e(  13) =    -4.61885 eV ==== 
     psi = 0.187*[#  14]+0.187*[#  22]+0.114*[#   6]+0.114*[#  30]+0.110*[#   2]
          +0.110*[#  26]+0.087*[#  10]+0.087*[#  18]
    |psi|^2 = 0.995
==== e(  14) =    -4.38402 eV ==== 
     psi = 0.205*[#   6]+0.205*[#  30]+0.202*[#   2]+0.202*[#  26]+0.062*[#  14]
          +0.062*[#  22]+0.028*[#  10]+0.028*[#  18]
    |psi|^2 = 0.996
==== e(  15) =    -3.84373 eV ==== 
     psi = 0.165*[#  14]+0.165*[#  22]+0.138*[#   2]+0.138*[#  26]+0.135*[#   6]
          +0.135*[#  30]+0.058*[#  10]+0.058*[#  18]
    |psi|^2 = 0.996
==== e(  16) =    -3.31342 eV ==== 
     psi = 0.313*[#  14]+0.313*[#  22]+0.095*[#  10]+0.095*[#  18]+0.047*[#   2]
          +0.047*[#  26]+0.043*[#   6]+0.043*[#  30]
    |psi|^2 = 0.996
==== e(  17) =     3.07089 eV ==== 
     psi = 0.213*[#   6]+0.213*[#  30]+0.203*[#   2]+0.203*[#  26]+0.042*[#  10]
          +0.042*[#  18]+0.015*[#  14]+0.015*[#  22]
    |psi|^2 = 0.946
==== e(  18) =     3.12176 eV ==== 
     psi = 0.231*[#   6]+0.231*[#  30]+0.224*[#   2]+0.224*[#  26]+0.015*[#  10]
          +0.015*[#  18]+0.004*[#  14]+0.004*[#  22]
    |psi|^2 = 0.948
==== e(  19) =     4.08009 eV ==== 
     psi = 0.293*[#  10]+0.293*[#  18]+0.119*[#  14]+0.119*[#  22]+0.034*[#   2]
          +0.034*[#  26]+0.025*[#   6]+0.025*[#  30]
    |psi|^2 = 0.946
==== e(  20) =     5.03818 eV ==== 
     psi = 0.340*[#  10]+0.340*[#  18]+0.110*[#  14]+0.110*[#  22]+0.014*[#   2]
          +0.014*[#  26]+0.007*[#   6]+0.007*[#  30]+0.001*[#   9]+0.001*[#  17]
          
    |psi|^2 = 0.948

 k =   0.0833333333  0.5292377471  0.0000000000
==== e(   1) =   -16.66832 eV ==== 
     psi = 0.290*[#  13]+0.290*[#  21]+0.089*[#  11]+0.089*[#  12]+0.089*[#  19]
          +0.089*[#  20]+0.022*[#   9]+0.022*[#  17]+0.002*[#  15]+0.002*[#  16]
          +0.002*[#  23]+0.002*[#  24]
    |psi|^2 = 0.989
==== e(   2) =   -16.59067 eV ==== 
     psi = 0.292*[#  13]+0.292*[#  21]+0.088*[#  11]+0.088*[#  12]+0.088*[#  19]
          +0.088*[#  20]+0.022*[#   9]+0.022*[#  17]+0.002*[#  15]+0.002*[#  16]
          +0.002*[#  23]+0.002*[#  24]
    |psi|^2 = 0.991
==== e(   3) =   -15.07873 eV ==== 
     psi = 0.139*[#   5]+0.139*[#  29]+0.139*[#   1]+0.139*[#  25]+0.054*[#   3]
          +0.054*[#   4]+0.054*[#   7]+0.054*[#   8]+0.054*[#  27]+0.054*[#  28]
          +0.054*[#  31]+0.054*[#  32]
    |psi|^2 = 0.989
==== e(   4) =   -15.07863 eV ==== 
     psi = 0.139*[#   5]+0.139*[#  29]+0.139*[#   1]+0.139*[#  25]+0.054*[#   3]
          +0.054*[#   4]+0.054*[#   7]+0.054*[#   8]+0.054*[#  27]+0.054*[#  28]
          +0.054*[#  31]+0.054*[#  32]
    |psi|^2 = 0.989
==== e(   5) =   -12.97224 eV ==== 
     psi = 0.086*[#   7]+0.086*[#   8]+0.086*[#  31]+0.086*[#  32]+0.086*[#   3]
          +0.086*[#   4]+0.086*[#  27]+0.086*[#  28]+0.073*[#   1]+0.073*[#   5]
          +0.073*[#  25]+0.073*[#  29]
    |psi|^2 = 0.984
==== e(   6) =   -12.97222 eV ==== 
     psi = 0.086*[#   7]+0.086*[#   8]+0.086*[#  31]+0.086*[#  32]+0.086*[#   3]
          +0.086*[#   4]+0.086*[#  27]+0.086*[#  28]+0.073*[#   1]+0.073*[#   5]
          +0.073*[#  25]+0.073*[#  29]
    |psi|^2 = 0.984
==== e(   7) =   -10.76471 eV ==== 
     psi = 0.169*[#  15]+0.169*[#  16]+0.169*[#  23]+0.169*[#  24]+0.101*[#   9]
          +0.101*[#  17]+0.023*[#  11]+0.023*[#  12]+0.023*[#  19]+0.023*[#  20]
          +0.008*[#  13]+0.008*[#  21]
    |psi|^2 = 0.990
==== e(   8) =   -10.64352 eV ==== 
     psi = 0.169*[#  15]+0.169*[#  16]+0.169*[#  23]+0.169*[#  24]+0.101*[#   9]
          +0.101*[#  17]+0.024*[#  11]+0.024*[#  12]+0.024*[#  19]+0.024*[#  20]
          +0.009*[#  13]+0.009*[#  21]
    |psi|^2 = 0.993
==== e(   9) =    -7.33664 eV ==== 
     psi = 0.121*[#   7]+0.121*[#   8]+0.121*[#  31]+0.121*[#  32]+0.120*[#   3]
          +0.120*[#   4]+0.120*[#  27]+0.120*[#  28]+0.008*[#   1]+0.008*[#   5]
          +0.008*[#  25]+0.008*[#  29]
    |psi|^2 = 0.994
==== e(  10) =    -7.33664 eV ==== 
     psi = 0.121*[#   7]+0.121*[#   8]+0.121*[#  31]+0.121*[#  32]+0.120*[#   3]
          +0.120*[#   4]+0.120*[#  27]+0.120*[#  28]+0.008*[#   1]+0.008*[#   5]
          +0.008*[#  25]+0.008*[#  29]
    |psi|^2 = 0.994
==== e(  11) =    -6.48915 eV ==== 
     psi = 0.164*[#  15]+0.164*[#  16]+0.164*[#  23]+0.164*[#  24]+0.077*[#  11]
          +0.077*[#  12]+0.077*[#  19]+0.077*[#  20]+0.013*[#   9]+0.013*[#  17]
          +0.002*[#  13]+0.002*[#  21]
    |psi|^2 = 0.995
==== e(  12) =    -6.44994 eV ==== 
     psi = 0.165*[#  15]+0.165*[#  16]+0.165*[#  23]+0.165*[#  24]+0.077*[#  11]
          +0.077*[#  12]+0.077*[#  19]+0.077*[#  20]+0.013*[#   9]+0.013*[#  17]
          +0.002*[#  13]+0.002*[#  21]
    |psi|^2 = 0.996
==== e(  13) =    -3.43832 eV ==== 
     psi = 0.293*[#  14]+0.293*[#  22]+0.073*[#   6]+0.073*[#  30]+0.067*[#  10]
          +0.067*[#  18]+0.064*[#   2]+0.064*[#  26]
    |psi|^2 = 0.995
==== e(  14) =    -3.13333 eV ==== 
     psi = 0.180*[#   6]+0.180*[#  30]+0.170*[#   2]+0.170*[#  26]+0.120*[#  14]
          +0.120*[#  22]+0.028*[#  10]+0.028*[#  18]
    |psi|^2 = 0.996
==== e(  15) =    -2.71541 eV ==== 
     psi = 0.186*[#   2]+0.186*[#  26]+0.174*[#   6]+0.174*[#  30]+0.121*[#  14]
          +0.121*[#  22]+0.016*[#  10]+0.016*[#  18]
    |psi|^2 = 0.996
==== e(  16) =    -2.39180 eV ==== 
     psi = 0.308*[#  14]+0.308*[#  22]+0.081*[#   2]+0.081*[#  26]+0.067*[#   6]
          +0.067*[#  30]+0.041*[#  10]+0.041*[#  18]
    |psi|^2 = 0.994
==== e(  17) =     1.33576 eV ==== 
     psi = 0.223*[#   6]+0.223*[#  30]+0.208*[#   2]+0.208*[#  26]+0.040*[#  10]
          +0.040*[#  18]+0.005*[#  14]+0.005*[#  22]
    |psi|^2 = 0.950
==== e(  18) =     1.38306 eV ==== 
     psi = 0.235*[#   6]+0.235*[#  30]+0.223*[#   2]+0.223*[#  26]+0.016*[#  10]
          +0.016*[#  18]
    |psi|^2 = 0.951
==== e(  19) =     2.70565 eV ==== 
     psi = 0.357*[#  10]+0.357*[#  18]+0.068*[#  14]+0.068*[#  22]+0.029*[#   2]
          +0.029*[#  26]+0.017*[#   6]+0.017*[#  30]
    |psi|^2 = 0.946
==== e(  20) =     3.84011 eV ==== 
     psi = 0.396*[#  10]+0.396*[#  18]+0.061*[#  14]+0.061*[#  22]+0.014*[#   2]
          +0.014*[#  26]+0.006*[#   6]+0.006*[#  30]
    |psi|^2 = 0.954

 k =   0.1666666667  0.2886751348  0.0000000000
==== e(   1) =   -18.29142 eV ==== 
     psi = 0.245*[#  13]+0.245*[#  21]+0.079*[#   9]+0.079*[#  17]+0.065*[#  11]
          +0.065*[#  12]+0.065*[#  19]+0.065*[#  20]+0.012*[#  15]+0.012*[#  16]
          +0.012*[#  23]+0.012*[#  24]+0.004*[#   1]+0.004*[#   5]+0.004*[#  25]
          +0.004*[#  29]+0.001*[#   3]+0.001*[#   4]+0.001*[#   7]+0.001*[#   8]
          +0.001*[#  27]+0.001*[#  28]+0.001*[#  31]+0.001*[#  32]
    |psi|^2 = 0.987
==== e(   2) =   -18.18470 eV ==== 
     psi = 0.240*[#  13]+0.240*[#  21]+0.080*[#   9]+0.080*[#  17]+0.061*[#  11]
          +0.061*[#  12]+0.061*[#  19]+0.061*[#  20]+0.012*[#  15]+0.012*[#  16]
          +0.012*[#  23]+0.012*[#  24]+0.009*[#   1]+0.009*[#   5]+0.009*[#  25]
          +0.009*[#  29]+0.003*[#   3]+0.003*[#   4]+0.003*[#   7]+0.003*[#   8]
          +0.003*[#  27]+0.003*[#  28]+0.003*[#  31]+0.003*[#  32]
    |psi|^2 = 0.990
==== e(   3) =   -17.92940 eV ==== 
     psi = 0.159*[#   5]+0.159*[#  29]+0.158*[#   1]+0.158*[#  25]+0.040*[#   3]
          +0.040*[#   4]+0.040*[#   7]+0.040*[#   8]+0.040*[#  27]+0.040*[#  28]
          +0.040*[#  31]+0.040*[#  32]+0.008*[#  13]+0.008*[#  21]+0.003*[#   9]
          +0.003*[#  17]+0.002*[#  11]+0.002*[#  12]+0.002*[#  19]+0.002*[#  20]
          
    |psi|^2 = 0.984
==== e(   4) =   -17.92401 eV ==== 
     psi = 0.154*[#   5]+0.154*[#  29]+0.154*[#   1]+0.154*[#  25]+0.039*[#   3]
          +0.039*[#   4]+0.039*[#   7]+0.039*[#   8]+0.039*[#  27]+0.039*[#  28]
          +0.039*[#  31]+0.039*[#  32]+0.016*[#  13]+0.016*[#  21]+0.005*[#   9]
          +0.005*[#  17]+0.003*[#  11]+0.003*[#  12]+0.003*[#  19]+0.003*[#  20]
          
    |psi|^2 = 0.984
==== e(   5) =    -8.23003 eV ==== 
     psi = 0.098*[#   7]+0.098*[#   8]+0.098*[#  31]+0.098*[#  32]+0.098*[#   3]
          +0.098*[#   4]+0.098*[#  27]+0.098*[#  28]+0.052*[#   5]+0.052*[#  29]
          +0.052*[#   1]+0.052*[#  25]
    |psi|^2 = 0.996
==== e(   6) =    -8.22996 eV ==== 
     psi = 0.098*[#   7]+0.098*[#   8]+0.098*[#  31]+0.098*[#  32]+0.098*[#   3]
          +0.098*[#   4]+0.098*[#  27]+0.098*[#  28]+0.052*[#   5]+0.052*[#  29]
          +0.052*[#   1]+0.052*[#  25]
    |psi|^2 = 0.996
==== e(   7) =    -7.52110 eV ==== 
     psi = 0.165*[#  15]+0.165*[#  16]+0.165*[#  23]+0.165*[#  24]+0.044*[#  11]
          +0.044*[#  12]+0.044*[#  19]+0.044*[#  20]+0.041*[#   9]+0.041*[#  17]
          +0.039*[#  13]+0.039*[#  21]
    |psi|^2 = 0.997
==== e(   8) =    -7.44823 eV ==== 
     psi = 0.165*[#  15]+0.165*[#  16]+0.165*[#  23]+0.165*[#  24]+0.045*[#  11]
          +0.045*[#  12]+0.045*[#  19]+0.045*[#  20]+0.039*[#   9]+0.039*[#  17]
          +0.037*[#  13]+0.037*[#  21]
    |psi|^2 = 0.997
==== e(   9) =    -6.85245 eV ==== 
     psi = 0.117*[#   7]+0.117*[#   8]+0.117*[#  31]+0.117*[#  32]+0.117*[#   3]
          +0.117*[#   4]+0.117*[#  27]+0.117*[#  28]+0.013*[#   1]+0.013*[#   5]
          +0.013*[#  25]+0.013*[#  29]
    |psi|^2 = 0.990
==== e(  10) =    -6.85240 eV ==== 
     psi = 0.117*[#   7]+0.117*[#   8]+0.117*[#  31]+0.117*[#  32]+0.117*[#   3]
          +0.117*[#   4]+0.117*[#  27]+0.117*[#  28]+0.013*[#   1]+0.013*[#   5]
          +0.013*[#  25]+0.013*[#  29]
    |psi|^2 = 0.990
==== e(  11) =    -6.12001 eV ==== 
     psi = 0.134*[#  14]+0.134*[#  22]+0.133*[#   6]+0.133*[#  30]+0.132*[#   2]
          +0.132*[#  26]+0.095*[#  10]+0.095*[#  18]
    |psi|^2 = 0.988
==== e(  12) =    -5.93401 eV ==== 
     psi = 0.153*[#   2]+0.153*[#   6]+0.153*[#  26]+0.153*[#  30]+0.046*[#  15]
          +0.046*[#  16]+0.046*[#  23]+0.046*[#  24]+0.032*[#  14]+0.032*[#  22]
          +0.024*[#  10]+0.024*[#  18]+0.017*[#  11]+0.017*[#  12]+0.017*[#  19]
          +0.017*[#  20]+0.007*[#   9]+0.007*[#  17]
    |psi|^2 = 0.992
==== e(  13) =    -5.91180 eV ==== 
     psi = 0.168*[#  15]+0.168*[#  16]+0.168*[#  23]+0.168*[#  24]+0.059*[#  11]
          +0.059*[#  12]+0.059*[#  19]+0.059*[#  20]+0.038*[#   9]+0.038*[#  17]
          +0.002*[#  10]+0.002*[#  18]+0.002*[#  14]+0.002*[#  22]
    |psi|^2 = 0.990
==== e(  14) =    -5.83493 eV ==== 
     psi = 0.123*[#  15]+0.123*[#  16]+0.123*[#  23]+0.123*[#  24]+0.057*[#   6]
          +0.057*[#  30]+0.056*[#   2]+0.056*[#  26]+0.045*[#  11]+0.045*[#  12]
          +0.045*[#  19]+0.045*[#  20]+0.028*[#   9]+0.028*[#  17]+0.010*[#  14]
          +0.010*[#  22]+0.006*[#  10]+0.006*[#  18]
    |psi|^2 = 0.990
==== e(  15) =    -5.24968 eV ==== 
     psi = 0.168*[#  14]+0.168*[#  22]+0.114*[#   2]+0.114*[#  26]+0.113*[#   6]
          +0.113*[#  30]+0.095*[#  10]+0.095*[#  18]+0.002*[#  15]+0.002*[#  16]
          +0.002*[#  23]+0.002*[#  24]
    |psi|^2 = 0.993
==== e(  16) =    -4.57991 eV ==== 
     psi = 0.287*[#  14]+0.287*[#  22]+0.138*[#  10]+0.138*[#  18]+0.037*[#   2]
          +0.037*[#  26]+0.036*[#   6]+0.036*[#  30]
    |psi|^2 = 0.997
==== e(  17) =     5.55346 eV ==== 
     psi = 0.012*[#   6]+0.012*[#  30]+0.010*[#   9]+0.010*[#  17]+0.009*[#  13]
          +0.009*[#  21]+0.006*[#  10]+0.006*[#  11]+0.006*[#  12]+0.006*[#  18]
          +0.006*[#  19]+0.006*[#  20]+0.003*[#   2]+0.003*[#  26]+0.003*[#  14]
          +0.003*[#  22]+0.002*[#   3]+0.002*[#   4]+0.002*[#  27]+0.002*[#  28]
          +0.002*[#   7]+0.002*[#   8]+0.002*[#  31]+0.002*[#  32]
    |psi|^2 = 0.129
==== e(  18) =     5.59838 eV ==== 
     psi = 0.031*[#   6]+0.031*[#  30]+0.027*[#  10]+0.027*[#  18]+0.014*[#   2]
          +0.014*[#  26]+0.013*[#  14]+0.013*[#  22]+0.002*[#   9]+0.002*[#  17]
          +0.002*[#  13]+0.002*[#  21]+0.002*[#   3]+0.002*[#   4]+0.002*[#  27]
          +0.002*[#  28]+0.002*[#   7]+0.002*[#   8]+0.002*[#  31]+0.002*[#  32]
          +0.001*[#  11]+0.001*[#  12]+0.001*[#  19]+0.001*[#  20]
    |psi|^2 = 0.201
==== e(  19) =     5.66379 eV ==== 
     psi = 0.172*[#   6]+0.172*[#  30]+0.170*[#   2]+0.170*[#  26]+0.069*[#  10]
          +0.069*[#  18]+0.043*[#  14]+0.043*[#  22]+0.004*[#  13]+0.004*[#  21]
          +0.002*[#   9]+0.002*[#  17]+0.002*[#  11]+0.002*[#  12]+0.002*[#  19]
          +0.002*[#  20]
    |psi|^2 = 0.929
==== e(  20) =     5.75886 eV ==== 
     psi = 0.210*[#   2]+0.210*[#  26]+0.198*[#   6]+0.198*[#  30]+0.007*[#  10]
          +0.007*[#  18]+0.003*[#  14]+0.003*[#  22]
    |psi|^2 = 0.839

 k =   0.1666666667  0.3849001797  0.0000000000
==== e(   1) =   -17.50121 eV ==== 
     psi = 0.260*[#  13]+0.260*[#  21]+0.077*[#  11]+0.077*[#  12]+0.077*[#  19]
          +0.077*[#  20]+0.052*[#   9]+0.052*[#  17]+0.012*[#  15]+0.012*[#  16]
          +0.012*[#  23]+0.012*[#  24]
    |psi|^2 = 0.987
==== e(   2) =   -17.40425 eV ==== 
     psi = 0.263*[#  13]+0.263*[#  21]+0.075*[#  11]+0.075*[#  12]+0.075*[#  19]
          +0.075*[#  20]+0.054*[#   9]+0.054*[#  17]+0.012*[#  15]+0.012*[#  16]
          +0.012*[#  23]+0.012*[#  24]+0.001*[#   1]+0.001*[#   5]+0.001*[#  25]
          +0.001*[#  29]
    |psi|^2 = 0.991
==== e(   3) =   -16.83959 eV ==== 
     psi = 0.144*[#   5]+0.144*[#  29]+0.144*[#   1]+0.144*[#  25]+0.050*[#   3]
          +0.050*[#   4]+0.050*[#   7]+0.050*[#   8]+0.050*[#  27]+0.050*[#  28]
          +0.050*[#  31]+0.050*[#  32]+0.002*[#  13]+0.002*[#  21]
    |psi|^2 = 0.984
==== e(   4) =   -16.83856 eV ==== 
     psi = 0.144*[#   5]+0.144*[#  29]+0.144*[#   1]+0.144*[#  25]+0.050*[#   3]
          +0.050*[#   4]+0.050*[#   7]+0.050*[#   8]+0.050*[#  27]+0.050*[#  28]
          +0.050*[#  31]+0.050*[#  32]+0.003*[#  13]+0.003*[#  21]
    |psi|^2 = 0.984
==== e(   5) =    -9.94040 eV ==== 
     psi = 0.091*[#   7]+0.091*[#   8]+0.091*[#  31]+0.091*[#  32]+0.090*[#   3]
          +0.090*[#   4]+0.090*[#  27]+0.090*[#  28]+0.067*[#   5]+0.067*[#  29]
          +0.067*[#   1]+0.067*[#  25]
    |psi|^2 = 0.993
==== e(   6) =    -9.94035 eV ==== 
     psi = 0.091*[#   7]+0.091*[#   8]+0.091*[#  31]+0.091*[#  32]+0.090*[#   3]
          +0.090*[#   4]+0.090*[#  27]+0.090*[#  28]+0.067*[#   5]+0.067*[#  29]
          +0.067*[#   1]+0.067*[#  25]
    |psi|^2 = 0.993
==== e(   7) =    -8.91521 eV ==== 
     psi = 0.160*[#  15]+0.160*[#  16]+0.160*[#  23]+0.160*[#  24]+0.053*[#   9]
          +0.053*[#  17]+0.044*[#  11]+0.044*[#  12]+0.044*[#  19]+0.044*[#  20]
          +0.035*[#  13]+0.035*[#  21]
    |psi|^2 = 0.994
==== e(   8) =    -8.82766 eV ==== 
     psi = 0.160*[#  15]+0.160*[#  16]+0.160*[#  23]+0.160*[#  24]+0.052*[#   9]
          +0.052*[#  17]+0.045*[#  11]+0.045*[#  12]+0.045*[#  19]+0.045*[#  20]
          +0.034*[#  13]+0.034*[#  21]
    |psi|^2 = 0.996
==== e(   9) =    -7.89676 eV ==== 
     psi = 0.115*[#   7]+0.115*[#   8]+0.115*[#  31]+0.115*[#  32]+0.115*[#   3]
          +0.115*[#   4]+0.115*[#  27]+0.115*[#  28]+0.017*[#   1]+0.017*[#   5]
          +0.017*[#  25]+0.017*[#  29]
    |psi|^2 = 0.990
==== e(  10) =    -7.89674 eV ==== 
     psi = 0.115*[#   7]+0.115*[#   8]+0.115*[#  31]+0.115*[#  32]+0.115*[#   3]
          +0.115*[#   4]+0.115*[#  27]+0.115*[#  28]+0.017*[#   1]+0.017*[#   5]
          +0.017*[#  25]+0.017*[#  29]
    |psi|^2 = 0.990
==== e(  11) =    -6.79796 eV ==== 
     psi = 0.164*[#  15]+0.164*[#  16]+0.164*[#  23]+0.164*[#  24]+0.059*[#  11]
          +0.059*[#  12]+0.059*[#  19]+0.059*[#  20]+0.047*[#   9]+0.047*[#  17]
          +0.002*[#  13]+0.002*[#  21]
    |psi|^2 = 0.992
==== e(  12) =    -6.74044 eV ==== 
     psi = 0.164*[#  15]+0.164*[#  16]+0.164*[#  23]+0.164*[#  24]+0.061*[#  11]
          +0.061*[#  12]+0.061*[#  19]+0.061*[#  20]+0.045*[#   9]+0.045*[#  17]
          +0.002*[#  13]+0.002*[#  21]
    |psi|^2 = 0.994
==== e(  13) =    -4.91026 eV ==== 
     psi = 0.172*[#  14]+0.172*[#  22]+0.119*[#   6]+0.119*[#  30]+0.117*[#   2]
          +0.117*[#  26]+0.090*[#  10]+0.090*[#  18]
    |psi|^2 = 0.995
==== e(  14) =    -4.68099 eV ==== 
     psi = 0.207*[#   6]+0.207*[#  30]+0.205*[#   2]+0.205*[#  26]+0.056*[#  14]
          +0.056*[#  22]+0.029*[#  10]+0.029*[#  18]
    |psi|^2 = 0.995
==== e(  15) =    -4.11155 eV ==== 
     psi = 0.168*[#  14]+0.168*[#  22]+0.132*[#   2]+0.132*[#  26]+0.129*[#   6]
          +0.129*[#  30]+0.068*[#  10]+0.068*[#  18]
    |psi|^2 = 0.996
==== e(  16) =    -3.54456 eV ==== 
     psi = 0.308*[#  14]+0.308*[#  22]+0.106*[#  10]+0.106*[#  18]+0.044*[#   2]
          +0.044*[#  26]+0.041*[#   6]+0.041*[#  30]
    |psi|^2 = 0.997
==== e(  17) =     3.79104 eV ==== 
     psi = 0.222*[#   6]+0.222*[#  30]+0.213*[#   2]+0.213*[#  26]+0.034*[#  10]
          +0.034*[#  18]+0.015*[#  14]+0.015*[#  22]
    |psi|^2 = 0.966
==== e(  18) =     3.82941 eV ==== 
     psi = 0.237*[#   6]+0.237*[#  30]+0.231*[#   2]+0.231*[#  26]+0.012*[#  10]
          +0.012*[#  18]+0.004*[#  14]+0.004*[#  22]
    |psi|^2 = 0.967
==== e(  19) =     4.68625 eV ==== 
     psi = 0.293*[#  10]+0.293*[#  18]+0.136*[#  14]+0.136*[#  22]+0.029*[#   2]
          +0.029*[#  26]+0.021*[#   6]+0.021*[#  30]+0.001*[#   9]+0.001*[#  17]
          
    |psi|^2 = 0.965
==== e(  20) =     5.53303 eV ==== 
     psi = 0.331*[#  10]+0.331*[#  18]+0.122*[#  14]+0.122*[#  22]+0.012*[#   2]
          +0.012*[#  26]+0.005*[#   6]+0.005*[#  30]+0.002*[#   9]+0.002*[#  17]
          +0.001*[#  13]+0.001*[#  21]
    |psi|^2 = 0.951

 k =   0.1666666667  0.4811252246  0.0000000000
==== e(   1) =   -16.73469 eV ==== 
     psi = 0.282*[#  13]+0.282*[#  21]+0.087*[#  11]+0.087*[#  12]+0.087*[#  19]
          +0.087*[#  20]+0.026*[#   9]+0.026*[#  17]+0.006*[#  15]+0.006*[#  16]
          +0.006*[#  23]+0.006*[#  24]
    |psi|^2 = 0.989
==== e(   2) =   -16.65348 eV ==== 
     psi = 0.285*[#  13]+0.285*[#  21]+0.086*[#  11]+0.086*[#  12]+0.086*[#  19]
          +0.086*[#  20]+0.027*[#   9]+0.027*[#  17]+0.006*[#  15]+0.006*[#  16]
          +0.006*[#  23]+0.006*[#  24]
    |psi|^2 = 0.992
==== e(   3) =   -15.48379 eV ==== 
     psi = 0.133*[#   5]+0.133*[#  29]+0.132*[#   1]+0.132*[#  25]+0.057*[#   3]
          +0.057*[#   4]+0.057*[#   7]+0.057*[#   8]+0.057*[#  27]+0.057*[#  28]
          +0.057*[#  31]+0.057*[#  32]
    |psi|^2 = 0.986
==== e(   4) =   -15.48360 eV ==== 
     psi = 0.133*[#   5]+0.133*[#  29]+0.132*[#   1]+0.132*[#  25]+0.057*[#   3]
          +0.057*[#   4]+0.057*[#   7]+0.057*[#   8]+0.057*[#  27]+0.057*[#  28]
          +0.057*[#  31]+0.057*[#  32]
    |psi|^2 = 0.986
==== e(   5) =   -11.82644 eV ==== 
     psi = 0.085*[#   7]+0.085*[#   8]+0.085*[#  31]+0.085*[#  32]+0.085*[#   3]
          +0.085*[#   4]+0.085*[#  27]+0.085*[#  28]+0.077*[#   1]+0.077*[#   5]
          +0.077*[#  25]+0.077*[#  29]
    |psi|^2 = 0.989
==== e(   6) =   -11.82640 eV ==== 
     psi = 0.085*[#   7]+0.085*[#   8]+0.085*[#  31]+0.085*[#  32]+0.085*[#   3]
          +0.085*[#   4]+0.085*[#  27]+0.085*[#  28]+0.077*[#   1]+0.077*[#   5]
          +0.077*[#  25]+0.077*[#  29]
    |psi|^2 = 0.989
==== e(   7) =   -10.15246 eV ==== 
     psi = 0.162*[#  15]+0.162*[#  16]+0.162*[#  23]+0.162*[#  24]+0.075*[#   9]
          +0.075*[#  17]+0.040*[#  11]+0.040*[#  12]+0.040*[#  19]+0.040*[#  20]
          +0.017*[#  13]+0.017*[#  21]
    |psi|^2 = 0.991
==== e(   8) =   -10.04724 eV ==== 
     psi = 0.162*[#  15]+0.162*[#  16]+0.162*[#  23]+0.162*[#  24]+0.074*[#   9]
          +0.074*[#  17]+0.041*[#  11]+0.041*[#  12]+0.041*[#  19]+0.041*[#  20]
          +0.017*[#  13]+0.017*[#  21]
    |psi|^2 = 0.993
==== e(   9) =    -8.46894 eV ==== 
     psi = 0.114*[#   7]+0.114*[#   8]+0.114*[#  31]+0.114*[#  32]+0.114*[#   3]
          +0.114*[#   4]+0.114*[#  27]+0.114*[#  28]+0.019*[#   1]+0.019*[#   5]
          +0.019*[#  25]+0.019*[#  29]
    |psi|^2 = 0.991
==== e(  10) =    -8.46890 eV ==== 
     psi = 0.114*[#   7]+0.114*[#   8]+0.114*[#  31]+0.114*[#  32]+0.114*[#   3]
          +0.114*[#   4]+0.114*[#  27]+0.114*[#  28]+0.019*[#   1]+0.019*[#   5]
          +0.019*[#  25]+0.019*[#  29]
    |psi|^2 = 0.991
==== e(  11) =    -7.32906 eV ==== 
     psi = 0.161*[#  15]+0.161*[#  16]+0.161*[#  23]+0.161*[#  24]+0.062*[#  11]
          +0.062*[#  12]+0.062*[#  19]+0.062*[#  20]+0.047*[#   9]+0.047*[#  17]
          +0.003*[#  13]+0.003*[#  21]
    |psi|^2 = 0.993
==== e(  12) =    -7.26607 eV ==== 
     psi = 0.162*[#  15]+0.162*[#  16]+0.162*[#  23]+0.162*[#  24]+0.062*[#  11]
          +0.062*[#  12]+0.062*[#  19]+0.062*[#  20]+0.046*[#   9]+0.046*[#  17]
          +0.003*[#  13]+0.003*[#  21]
    |psi|^2 = 0.995
==== e(  13) =    -3.60204 eV ==== 
     psi = 0.265*[#  14]+0.265*[#  22]+0.082*[#   6]+0.082*[#  30]+0.075*[#   2]
          +0.075*[#  26]+0.075*[#  10]+0.075*[#  18]
    |psi|^2 = 0.995
==== e(  14) =    -3.31036 eV ==== 
     psi = 0.187*[#   6]+0.187*[#  30]+0.180*[#   2]+0.180*[#  26]+0.103*[#  14]
          +0.103*[#  22]+0.029*[#  10]+0.029*[#  18]
    |psi|^2 = 0.996
==== e(  15) =    -2.86085 eV ==== 
     psi = 0.174*[#   2]+0.174*[#  26]+0.166*[#   6]+0.166*[#  30]+0.133*[#  14]
          +0.133*[#  22]+0.024*[#  10]+0.024*[#  18]
    |psi|^2 = 0.995
==== e(  16) =    -2.48821 eV ==== 
     psi = 0.314*[#  14]+0.314*[#  22]+0.070*[#   2]+0.070*[#  26]+0.061*[#   6]
          +0.061*[#  30]+0.053*[#  10]+0.053*[#  18]
    |psi|^2 = 0.995
==== e(  17) =     1.91650 eV ==== 
     psi = 0.230*[#   6]+0.230*[#  30]+0.219*[#   2]+0.219*[#  26]+0.029*[#  10]
          +0.029*[#  18]+0.005*[#  14]+0.005*[#  22]
    |psi|^2 = 0.967
==== e(  18) =     1.94963 eV ==== 
     psi = 0.239*[#   6]+0.239*[#  30]+0.230*[#   2]+0.230*[#  26]+0.012*[#  10]
          +0.012*[#  18]+0.001*[#  14]+0.001*[#  22]
    |psi|^2 = 0.967
==== e(  19) =     3.22192 eV ==== 
     psi = 0.357*[#  10]+0.357*[#  18]+0.088*[#  14]+0.088*[#  22]+0.023*[#   2]
          +0.023*[#  26]+0.013*[#   6]+0.013*[#  30]
    |psi|^2 = 0.963
==== e(  20) =     4.23766 eV ==== 
     psi = 0.392*[#  10]+0.392*[#  18]+0.075*[#  14]+0.075*[#  22]+0.011*[#   2]
          +0.011*[#  26]+0.004*[#   6]+0.004*[#  30]
    |psi|^2 = 0.968

 k =   0.1666666667  0.5773502696  0.0000000000
==== e(   1) =   -16.37797 eV ==== 
     psi = 0.297*[#  13]+0.297*[#  21]+0.092*[#  11]+0.092*[#  12]+0.092*[#  19]
          +0.092*[#  20]+0.012*[#   9]+0.012*[#  17]+0.001*[#  15]+0.001*[#  16]
          +0.001*[#  23]+0.001*[#  24]
    |psi|^2 = 0.991
==== e(   2) =   -16.30604 eV ==== 
     psi = 0.299*[#  13]+0.299*[#  21]+0.091*[#  11]+0.091*[#  12]+0.091*[#  19]
          +0.091*[#  20]+0.012*[#   9]+0.012*[#  17]
    |psi|^2 = 0.993
==== e(   3) =   -14.28302 eV ==== 
     psi = 0.147*[#   5]+0.147*[#  29]+0.146*[#   1]+0.146*[#  25]+0.051*[#   3]
          +0.051*[#   4]+0.051*[#  27]+0.051*[#  28]+0.051*[#   7]+0.051*[#   8]
          +0.051*[#  31]+0.051*[#  32]
    |psi|^2 = 0.993
==== e(   4) =   -14.28296 eV ==== 
     psi = 0.147*[#   5]+0.147*[#  29]+0.146*[#   1]+0.146*[#  25]+0.051*[#   3]
          +0.051*[#   4]+0.051*[#  27]+0.051*[#  28]+0.051*[#   7]+0.051*[#   8]
          +0.051*[#  31]+0.051*[#  32]
    |psi|^2 = 0.993
==== e(   5) =   -13.22586 eV ==== 
     psi = 0.092*[#   7]+0.092*[#   8]+0.092*[#  31]+0.092*[#  32]+0.091*[#   3]
          +0.091*[#   4]+0.091*[#  27]+0.091*[#  28]+0.063*[#   1]+0.063*[#  25]
          +0.062*[#   5]+0.062*[#  29]
    |psi|^2 = 0.982
==== e(   6) =   -13.22584 eV ==== 
     psi = 0.092*[#   7]+0.092*[#   8]+0.092*[#  31]+0.092*[#  32]+0.091*[#   3]
          +0.091*[#   4]+0.091*[#  27]+0.091*[#  28]+0.063*[#   1]+0.063*[#  25]
          +0.062*[#   5]+0.062*[#  29]
    |psi|^2 = 0.982
==== e(   7) =   -10.68435 eV ==== 
     psi = 0.166*[#  15]+0.166*[#  16]+0.166*[#  23]+0.166*[#  24]+0.088*[#   9]
          +0.088*[#  17]+0.036*[#  11]+0.036*[#  12]+0.036*[#  19]+0.036*[#  20]
          +0.003*[#  13]+0.003*[#  21]
    |psi|^2 = 0.989
==== e(   8) =   -10.56910 eV ==== 
     psi = 0.166*[#  15]+0.166*[#  16]+0.166*[#  23]+0.166*[#  24]+0.087*[#   9]
          +0.087*[#  17]+0.037*[#  11]+0.037*[#  12]+0.037*[#  19]+0.037*[#  20]
          +0.003*[#  13]+0.003*[#  21]
    |psi|^2 = 0.992
==== e(   9) =    -8.65258 eV ==== 
     psi = 0.114*[#   7]+0.114*[#   8]+0.114*[#  31]+0.114*[#  32]+0.114*[#   3]
          +0.114*[#   4]+0.114*[#  27]+0.114*[#  28]+0.020*[#   1]+0.020*[#   5]
          +0.020*[#  25]+0.020*[#  29]
    |psi|^2 = 0.991
==== e(  10) =    -8.65255 eV ==== 
     psi = 0.114*[#   7]+0.114*[#   8]+0.114*[#  31]+0.114*[#  32]+0.114*[#   3]
          +0.114*[#   4]+0.114*[#  27]+0.114*[#  28]+0.020*[#   1]+0.020*[#   5]
          +0.020*[#  25]+0.020*[#  29]
    |psi|^2 = 0.991
==== e(  11) =    -7.50362 eV ==== 
     psi = 0.161*[#  15]+0.161*[#  16]+0.161*[#  23]+0.161*[#  24]+0.063*[#  11]
          +0.063*[#  12]+0.063*[#  19]+0.063*[#  20]+0.046*[#   9]+0.046*[#  17]
          +0.004*[#  13]+0.004*[#  21]
    |psi|^2 = 0.994
==== e(  12) =    -7.43916 eV ==== 
     psi = 0.161*[#  15]+0.161*[#  16]+0.161*[#  23]+0.161*[#  24]+0.063*[#  11]
          +0.063*[#  12]+0.063*[#  19]+0.063*[#  20]+0.045*[#   9]+0.045*[#  17]
          +0.004*[#  13]+0.004*[#  21]
    |psi|^2 = 0.995
==== e(  13) =    -2.90038 eV ==== 
     psi = 0.370*[#  14]+0.370*[#  22]+0.048*[#  10]+0.048*[#  18]+0.045*[#   6]
          +0.045*[#  30]+0.033*[#   2]+0.033*[#  26]
    |psi|^2 = 0.993
==== e(  14) =    -2.51841 eV ==== 
     psi = 0.214*[#  14]+0.214*[#  22]+0.137*[#   6]+0.137*[#  30]+0.119*[#   2]
          +0.119*[#  26]+0.027*[#  10]+0.027*[#  18]
    |psi|^2 = 0.995
==== e(  15) =    -2.09986 eV ==== 
     psi = 0.218*[#   2]+0.218*[#  26]+0.201*[#   6]+0.201*[#  30]+0.075*[#  14]
          +0.075*[#  22]+0.003*[#  10]+0.003*[#  18]
    |psi|^2 = 0.996
==== e(  16) =    -1.91318 eV ==== 
     psi = 0.240*[#  14]+0.240*[#  22]+0.134*[#   2]+0.134*[#  26]+0.109*[#   6]
          +0.109*[#  30]+0.015*[#  10]+0.015*[#  18]
    |psi|^2 = 0.994
==== e(  17) =     0.87612 eV ==== 
     psi = 0.237*[#   6]+0.237*[#  30]+0.219*[#   2]+0.219*[#  26]+0.027*[#  10]
          +0.027*[#  18]
    |psi|^2 = 0.966
==== e(  18) =     0.90601 eV ==== 
     psi = 0.242*[#   6]+0.242*[#  30]+0.228*[#   2]+0.228*[#  26]+0.013*[#  10]
          +0.013*[#  18]
    |psi|^2 = 0.966
==== e(  19) =     2.50105 eV ==== 
     psi = 0.407*[#  10]+0.407*[#  18]+0.044*[#  14]+0.044*[#  22]+0.020*[#   2]
          +0.020*[#  26]+0.009*[#   6]+0.009*[#  30]
    |psi|^2 = 0.962
==== e(  20) =     3.62263 eV ==== 
     psi = 0.431*[#  10]+0.431*[#  18]+0.038*[#  14]+0.038*[#  22]+0.011*[#   2]
          +0.011*[#  26]+0.003*[#   6]+0.003*[#  30]
    |psi|^2 = 0.969

 k =   0.2500000000  0.4330127022  0.0000000000
==== e(   1) =   -16.76652 eV ==== 
     psi = 0.278*[#  13]+0.278*[#  21]+0.086*[#  11]+0.086*[#  12]+0.086*[#  19]
          +0.086*[#  20]+0.028*[#   9]+0.028*[#  17]+0.008*[#  15]+0.008*[#  16]
          +0.008*[#  23]+0.008*[#  24]
    |psi|^2 = 0.989
==== e(   2) =   -16.68369 eV ==== 
     psi = 0.281*[#  13]+0.281*[#  21]+0.085*[#  11]+0.085*[#  12]+0.085*[#  19]
          +0.085*[#  20]+0.029*[#   9]+0.029*[#  17]+0.008*[#  15]+0.008*[#  16]
          +0.008*[#  23]+0.008*[#  24]
    |psi|^2 = 0.992
==== e(   3) =   -15.62832 eV ==== 
     psi = 0.131*[#   5]+0.131*[#  29]+0.131*[#   1]+0.131*[#  25]+0.057*[#   3]
          +0.057*[#   4]+0.057*[#   7]+0.057*[#   8]+0.057*[#  27]+0.057*[#  28]
          +0.057*[#  31]+0.057*[#  32]
    |psi|^2 = 0.986
==== e(   4) =   -15.62808 eV ==== 
     psi = 0.131*[#   5]+0.131*[#  29]+0.131*[#   1]+0.131*[#  25]+0.057*[#   3]
          +0.057*[#   4]+0.057*[#   7]+0.057*[#   8]+0.057*[#  27]+0.057*[#  28]
          +0.057*[#  31]+0.057*[#  32]
    |psi|^2 = 0.986
==== e(   5) =   -10.97729 eV ==== 
     psi = 0.085*[#   5]+0.085*[#  29]+0.085*[#   1]+0.085*[#  25]+0.082*[#   7]
          +0.082*[#   8]+0.082*[#  31]+0.082*[#  32]+0.082*[#   3]+0.082*[#   4]
          +0.082*[#  27]+0.082*[#  28]
    |psi|^2 = 0.994
==== e(   6) =   -10.97725 eV ==== 
     psi = 0.085*[#   5]+0.085*[#  29]+0.085*[#   1]+0.085*[#  25]+0.082*[#   7]
          +0.082*[#   8]+0.082*[#  31]+0.082*[#  32]+0.082*[#   3]+0.082*[#   4]
          +0.082*[#  27]+0.082*[#  28]
    |psi|^2 = 0.994
==== e(   7) =    -9.67902 eV ==== 
     psi = 0.156*[#  15]+0.156*[#  16]+0.156*[#  23]+0.156*[#  24]+0.056*[#  11]
          +0.056*[#  12]+0.056*[#  19]+0.056*[#  20]+0.047*[#   9]+0.047*[#  17]
          +0.025*[#  13]+0.025*[#  21]
    |psi|^2 = 0.992
==== e(   8) =    -9.58889 eV ==== 
     psi = 0.156*[#  15]+0.156*[#  16]+0.156*[#  23]+0.156*[#  24]+0.057*[#  11]
          +0.057*[#  12]+0.057*[#  19]+0.057*[#  20]+0.045*[#   9]+0.045*[#  17]
          +0.024*[#  13]+0.024*[#  21]
    |psi|^2 = 0.994
==== e(   9) =    -9.35181 eV ==== 
     psi = 0.115*[#   7]+0.115*[#   8]+0.115*[#  31]+0.115*[#  32]+0.115*[#   3]
          +0.115*[#   4]+0.115*[#  27]+0.115*[#  28]+0.017*[#   5]+0.017*[#  29]
          +0.016*[#   1]+0.016*[#  25]
    |psi|^2 = 0.987
==== e(  10) =    -9.35140 eV ==== 
     psi = 0.114*[#   7]+0.114*[#   8]+0.114*[#  31]+0.114*[#  32]+0.114*[#   3]
          +0.114*[#   4]+0.114*[#  27]+0.114*[#  28]+0.017*[#   5]+0.017*[#  29]
          +0.016*[#   1]+0.016*[#  25]
    |psi|^2 = 0.987
==== e(  11) =    -7.90924 eV ==== 
     psi = 0.163*[#  15]+0.163*[#  16]+0.163*[#  23]+0.163*[#  24]+0.078*[#   9]
          +0.078*[#  17]+0.046*[#  11]+0.046*[#  12]+0.046*[#  19]+0.046*[#  20]
          
    |psi|^2 = 0.992
==== e(  12) =    -7.82827 eV ==== 
     psi = 0.163*[#  15]+0.163*[#  16]+0.163*[#  23]+0.163*[#  24]+0.076*[#   9]
          +0.076*[#  17]+0.047*[#  11]+0.047*[#  12]+0.047*[#  19]+0.047*[#  20]
          
    |psi|^2 = 0.994
==== e(  13) =    -3.67701 eV ==== 
     psi = 0.254*[#  14]+0.254*[#  22]+0.085*[#   6]+0.085*[#  30]+0.080*[#   2]
          +0.080*[#  26]+0.078*[#  10]+0.078*[#  18]
    |psi|^2 = 0.995
==== e(  14) =    -3.39033 eV ==== 
     psi = 0.189*[#   6]+0.189*[#  30]+0.183*[#   2]+0.183*[#  26]+0.096*[#  14]
          +0.096*[#  22]+0.029*[#  10]+0.029*[#  18]
    |psi|^2 = 0.996
==== e(  15) =    -2.92690 eV ==== 
     psi = 0.169*[#   2]+0.169*[#  26]+0.162*[#   6]+0.162*[#  30]+0.137*[#  14]
          +0.137*[#  22]+0.028*[#  10]+0.028*[#  18]
    |psi|^2 = 0.996
==== e(  16) =    -2.53352 eV ==== 
     psi = 0.315*[#  14]+0.315*[#  22]+0.066*[#   2]+0.066*[#  26]+0.059*[#   6]
          +0.059*[#  30]+0.058*[#  10]+0.058*[#  18]
    |psi|^2 = 0.995
==== e(  17) =     2.22413 eV ==== 
     psi = 0.236*[#   6]+0.236*[#  30]+0.226*[#   2]+0.226*[#  26]+0.023*[#  10]
          +0.023*[#  18]+0.005*[#  14]+0.005*[#  22]
    |psi|^2 = 0.980
==== e(  18) =     2.24913 eV ==== 
     psi = 0.243*[#   6]+0.243*[#  30]+0.235*[#   2]+0.235*[#  26]+0.010*[#  10]
          +0.010*[#  18]+0.001*[#  14]+0.001*[#  22]
    |psi|^2 = 0.980
==== e(  19) =     3.50768 eV ==== 
     psi = 0.362*[#  10]+0.362*[#  18]+0.098*[#  14]+0.098*[#  22]+0.018*[#   2]
          +0.018*[#  26]+0.010*[#   6]+0.010*[#  30]
    |psi|^2 = 0.978
==== e(  20) =     4.45191 eV ==== 
     psi = 0.393*[#  10]+0.393*[#  18]+0.082*[#  14]+0.082*[#  22]+0.009*[#   2]
          +0.009*[#  26]+0.003*[#   6]+0.003*[#  30]
    |psi|^2 = 0.979

 k =   0.2500000000  0.5292377471  0.0000000000
==== e(   1) =   -16.22664 eV ==== 
     psi = 0.299*[#  13]+0.299*[#  21]+0.093*[#  11]+0.093*[#  12]+0.093*[#  19]
          +0.093*[#  20]+0.008*[#   9]+0.008*[#  17]+0.002*[#  15]+0.002*[#  16]
          +0.002*[#  23]+0.002*[#  24]
    |psi|^2 = 0.992
==== e(   2) =   -16.15664 eV ==== 
     psi = 0.301*[#  13]+0.301*[#  21]+0.092*[#  11]+0.092*[#  12]+0.092*[#  19]
          +0.092*[#  20]+0.008*[#   9]+0.008*[#  17]+0.002*[#  15]+0.002*[#  16]
          +0.002*[#  23]+0.002*[#  24]
    |psi|^2 = 0.994
==== e(   3) =   -14.22911 eV ==== 
     psi = 0.126*[#   5]+0.126*[#  29]+0.125*[#   1]+0.125*[#  25]+0.061*[#   3]
          +0.061*[#   4]+0.061*[#  27]+0.061*[#  28]+0.061*[#   7]+0.061*[#   8]
          +0.061*[#  31]+0.061*[#  32]
    |psi|^2 = 0.990
==== e(   4) =   -14.22906 eV ==== 
     psi = 0.126*[#   5]+0.126*[#  29]+0.125*[#   1]+0.125*[#  25]+0.061*[#   3]
          +0.061*[#   4]+0.061*[#  27]+0.061*[#  28]+0.061*[#   7]+0.061*[#   8]
          +0.061*[#  31]+0.061*[#  32]
    |psi|^2 = 0.990
==== e(   5) =   -12.37617 eV ==== 
     psi = 0.091*[#   1]+0.091*[#  25]+0.091*[#   5]+0.091*[#  29]+0.079*[#   7]
          +0.079*[#   8]+0.079*[#  31]+0.079*[#  32]+0.078*[#   3]+0.078*[#   4]
          +0.078*[#  27]+0.078*[#  28]
    |psi|^2 = 0.991
==== e(   6) =   -12.37614 eV ==== 
     psi = 0.091*[#   1]+0.091*[#  25]+0.091*[#   5]+0.091*[#  29]+0.079*[#   7]
          +0.079*[#   8]+0.079*[#  31]+0.079*[#  32]+0.078*[#   3]+0.078*[#   4]
          +0.078*[#  27]+0.078*[#  28]
    |psi|^2 = 0.991
==== e(   7) =   -10.23273 eV ==== 
     psi = 0.156*[#  15]+0.156*[#  16]+0.156*[#  23]+0.156*[#  24]+0.061*[#  11]
          +0.061*[#  12]+0.061*[#  19]+0.061*[#  20]+0.051*[#   9]+0.051*[#  17]
          +0.005*[#  13]+0.005*[#  21]
    |psi|^2 = 0.988
==== e(   8) =   -10.13882 eV ==== 
     psi = 0.151*[#  15]+0.151*[#  16]+0.151*[#  23]+0.151*[#  24]+0.060*[#  11]
          +0.060*[#  12]+0.060*[#  19]+0.060*[#  20]+0.047*[#   9]+0.047*[#  17]
          +0.005*[#  13]+0.005*[#  21]+0.005*[#   7]+0.005*[#   8]+0.005*[#  31]
          +0.005*[#  32]+0.004*[#   3]+0.004*[#   4]+0.004*[#  27]+0.004*[#  28]
          +0.001*[#   1]+0.001*[#  25]
    |psi|^2 = 0.990
==== e(   9) =   -10.05287 eV ==== 
     psi = 0.113*[#   3]+0.113*[#   4]+0.113*[#   7]+0.113*[#   8]+0.113*[#  27]
          +0.113*[#  28]+0.113*[#  31]+0.113*[#  32]+0.018*[#   5]+0.018*[#  29]
          +0.018*[#   1]+0.018*[#  25]+0.001*[#  15]+0.001*[#  16]+0.001*[#  23]
          +0.001*[#  24]
    |psi|^2 = 0.986
==== e(  10) =   -10.05087 eV ==== 
     psi = 0.109*[#   3]+0.109*[#   4]+0.109*[#   7]+0.109*[#   8]+0.109*[#  27]
          +0.109*[#  28]+0.109*[#  31]+0.109*[#  32]+0.018*[#   5]+0.018*[#  29]
          +0.018*[#   1]+0.018*[#  25]+0.006*[#  15]+0.006*[#  16]+0.006*[#  23]
          +0.006*[#  24]+0.003*[#   9]+0.003*[#  17]+0.002*[#  11]+0.002*[#  12]
          +0.002*[#  19]+0.002*[#  20]
    |psi|^2 = 0.986
==== e(  11) =    -8.52568 eV ==== 
     psi = 0.163*[#  15]+0.163*[#  16]+0.163*[#  23]+0.163*[#  24]+0.091*[#   9]
          +0.091*[#  17]+0.038*[#  11]+0.038*[#  12]+0.038*[#  19]+0.038*[#  20]
          +0.002*[#  13]+0.002*[#  21]
    |psi|^2 = 0.993
==== e(  12) =    -8.43133 eV ==== 
     psi = 0.164*[#  15]+0.164*[#  16]+0.164*[#  23]+0.164*[#  24]+0.092*[#   9]
          +0.092*[#  17]+0.038*[#  11]+0.038*[#  12]+0.038*[#  19]+0.038*[#  20]
          +0.002*[#  13]+0.002*[#  21]
    |psi|^2 = 0.995
==== e(  13) =    -2.63772 eV ==== 
     psi = 0.404*[#  14]+0.404*[#  22]+0.038*[#  10]+0.038*[#  18]+0.033*[#   6]
          +0.033*[#  30]+0.021*[#   2]+0.021*[#  26]
    |psi|^2 = 0.992
==== e(  14) =    -2.21264 eV ==== 
     psi = 0.292*[#  14]+0.292*[#  22]+0.100*[#   6]+0.100*[#  30]+0.079*[#   2]
          +0.079*[#  26]+0.025*[#  10]+0.025*[#  18]
    |psi|^2 = 0.994
==== e(  15) =    -1.72536 eV ==== 
     psi = 0.231*[#   2]+0.231*[#  26]+0.212*[#   6]+0.212*[#  30]+0.054*[#  14]
          +0.054*[#  22]
    |psi|^2 = 0.995
==== e(  16) =    -1.60312 eV ==== 
     psi = 0.175*[#  14]+0.175*[#  22]+0.174*[#   2]+0.174*[#  26]+0.144*[#   6]
          +0.144*[#  30]+0.005*[#  10]+0.005*[#  18]
    |psi|^2 = 0.994
==== e(  17) =     0.75024 eV ==== 
     psi = 0.247*[#   6]+0.247*[#  30]+0.229*[#   2]+0.229*[#  26]+0.016*[#  10]
          +0.016*[#  18]
    |psi|^2 = 0.985
==== e(  18) =     0.76792 eV ==== 
     psi = 0.250*[#   6]+0.250*[#  30]+0.233*[#   2]+0.233*[#  26]+0.009*[#  10]
          +0.009*[#  18]
    |psi|^2 = 0.985
==== e(  19) =     2.58445 eV ==== 
     psi = 0.438*[#  10]+0.438*[#  18]+0.035*[#  14]+0.035*[#  22]+0.014*[#   2]
          +0.014*[#  26]+0.003*[#   6]+0.003*[#  30]
    |psi|^2 = 0.983
==== e(  20) =     3.63549 eV ==== 
     psi = 0.454*[#  10]+0.454*[#  18]+0.028*[#  14]+0.028*[#  22]+0.008*[#   2]
          +0.008*[#  26]+0.001*[#   6]+0.001*[#  30]
    |psi|^2 = 0.985

 k =   0.3333333333  0.5773502696  0.0000000000
==== e(   1) =   -16.02004 eV ==== 
     psi = 0.307*[#  13]+0.307*[#  21]+0.095*[#  11]+0.095*[#  12]+0.095*[#  19]
          +0.095*[#  20]
    |psi|^2 = 0.993
==== e(   2) =   -15.95479 eV ==== 
     psi = 0.309*[#  13]+0.309*[#  21]+0.094*[#  11]+0.094*[#  12]+0.094*[#  19]
          +0.094*[#  20]
    |psi|^2 = 0.995
==== e(   3) =   -13.03288 eV ==== 
     psi = 0.236*[#   5]+0.236*[#  29]+0.130*[#   3]+0.130*[#   4]+0.130*[#  27]
          +0.130*[#  28]
    |psi|^2 = 0.993
==== e(   4) =   -13.03285 eV ==== 
     psi = 0.236*[#   5]+0.236*[#  29]+0.130*[#   3]+0.130*[#   4]+0.130*[#  27]
          +0.130*[#  28]
    |psi|^2 = 0.993
==== e(   5) =   -13.02950 eV ==== 
     psi = 0.236*[#   1]+0.236*[#  25]+0.130*[#   7]+0.130*[#   8]+0.130*[#  31]
          +0.130*[#  32]
    |psi|^2 = 0.993
==== e(   6) =   -13.02950 eV ==== 
     psi = 0.236*[#   1]+0.236*[#  25]+0.130*[#   7]+0.130*[#   8]+0.130*[#  31]
          +0.130*[#  32]
    |psi|^2 = 0.993
==== e(   7) =   -10.91750 eV ==== 
     psi = 0.122*[#   7]+0.122*[#   8]+0.122*[#  31]+0.122*[#  32]+0.122*[#   3]
          +0.122*[#   4]+0.122*[#  27]+0.122*[#  28]
    |psi|^2 = 0.979
==== e(   8) =   -10.91746 eV ==== 
     psi = 0.122*[#   7]+0.122*[#   8]+0.122*[#  31]+0.122*[#  32]+0.122*[#   3]
          +0.122*[#   4]+0.122*[#  27]+0.122*[#  28]
    |psi|^2 = 0.979
==== e(   9) =   -10.04449 eV ==== 
     psi = 0.147*[#  15]+0.147*[#  16]+0.147*[#  23]+0.147*[#  24]+0.098*[#  11]
          +0.098*[#  12]+0.098*[#  19]+0.098*[#  20]
    |psi|^2 = 0.983
==== e(  10) =    -9.97222 eV ==== 
     psi = 0.147*[#  15]+0.147*[#  16]+0.147*[#  23]+0.147*[#  24]+0.099*[#  11]
          +0.099*[#  12]+0.099*[#  19]+0.099*[#  20]
    |psi|^2 = 0.987
==== e(  11) =    -9.19819 eV ==== 
     psi = 0.173*[#  15]+0.173*[#  16]+0.173*[#  23]+0.173*[#  24]+0.152*[#   9]
          +0.152*[#  17]
    |psi|^2 = 0.996
==== e(  12) =    -9.07166 eV ==== 
     psi = 0.174*[#  15]+0.174*[#  16]+0.174*[#  23]+0.174*[#  24]+0.150*[#   9]
          +0.150*[#  17]
    |psi|^2 = 0.997
==== e(  13) =    -2.21534 eV ==== 
     psi = 0.482*[#  14]+0.482*[#  22]+0.013*[#   6]+0.013*[#  30]
    |psi|^2 = 0.991
==== e(  14) =    -1.75141 eV ==== 
     psi = 0.469*[#  14]+0.469*[#  22]+0.026*[#   6]+0.026*[#  30]
    |psi|^2 = 0.991
==== e(  15) =    -0.52773 eV ==== 
     psi = 0.486*[#   2]+0.486*[#  26]+0.011*[#  10]+0.011*[#  18]
    |psi|^2 = 0.993
==== e(  16) =    -0.51891 eV ==== 
     psi = 0.489*[#   2]+0.489*[#  26]+0.007*[#  10]+0.007*[#  18]
    |psi|^2 = 0.993
==== e(  17) =    -0.43675 eV ==== 
     psi = 0.483*[#   6]+0.483*[#  30]+0.013*[#  14]+0.013*[#  22]
    |psi|^2 = 0.993
==== e(  18) =    -0.41252 eV ==== 
     psi = 0.470*[#   6]+0.470*[#  30]+0.026*[#  14]+0.026*[#  22]
    |psi|^2 = 0.993
==== e(  19) =     2.33099 eV ==== 
     psi = 0.485*[#  10]+0.485*[#  18]+0.011*[#   2]+0.011*[#  26]
    |psi|^2 = 0.994
==== e(  20) =     3.40066 eV ==== 
     psi = 0.488*[#  10]+0.488*[#  18]+0.007*[#   2]+0.007*[#  26]
    |psi|^2 = 0.993

Lowdin Charges: 

     Atom #   1: total charge =   3.9627, s =  0.9074, 
     Atom #   1: total charge =   3.9627, p =  3.0554, pz=  0.9956, px=  1.0299, py=  1.0299, 
     Atom #   2: total charge =   3.9525, s =  0.9084, 
     Atom #   2: total charge =   3.9525, p =  3.0441, pz=  0.9814, px=  1.0314, py=  1.0314, 
     Atom #   3: total charge =   2.5491, s =  0.6188, 
     Atom #   3: total charge =   2.5491, p =  1.9303, pz=  0.5351, px=  0.6976, py=  0.6976, 
     Atom #   4: total charge =   5.3958, s =  1.1858, 
     Atom #   4: total charge =   5.3958, p =  4.2100, pz=  1.4512, px=  1.3794, py=  1.3794, 
     Atom #   5: total charge =   2.5491, s =  0.6188, 
     Atom #   5: total charge =   2.5491, p =  1.9303, pz=  0.5351, px=  0.6976, py=  0.6976, 
     Atom #   6: total charge =   5.3958, s =  1.1858, 
     Atom #   6: total charge =   5.3958, p =  4.2100, pz=  1.4512, px=  1.3794, py=  1.3794, 
     Atom #   7: total charge =   3.9627, s =  0.9074, 
     Atom #   7: total charge =   3.9627, p =  3.0554, pz=  0.9956, px=  1.0299, py=  1.0299, 
     Atom #   8: total charge =   3.9525, s =  0.9084, 
     Atom #   8: total charge =   3.9525, p =  3.0441, pz=  0.9814, px=  1.0314, py=  1.0314, 
     Spilling Parameter:   0.0087

     PROJWFC      :      1.66s CPU      1.74s WALL


   This run was terminated on:   2:36: 7  25Jun2026            

=------------------------------------------------------------------------------=
   JOB DONE.
=------------------------------------------------------------------------------=
