
     Program PROJWFC v.7.2 starts on 25Jun2026 at  2:34:50 

     This program is part of the open-source Quantum ESPRESSO suite
     for quantum simulation of materials; please cite
         "P. Giannozzi et al., J. Phys.:Condens. Matter 21 395502 (2009);
         "P. Giannozzi et al., J. Phys.:Condens. Matter 29 465901 (2017);
         "P. Giannozzi et al., J. Chem. Phys. 152 154105 (2020);
          URL http://www.quantum-espresso.org", 
     in publications or presentations arising from this work. More details at
     http://www.quantum-espresso.org/quote

     Serial version
     2965 MiB available memory on the printing compute node when the environment starts


     Reading xml data from directory:

     ./tmp/ghbn_n1.save/
     file C.pbe-n-kjpaw_psl.0.1.UPF: wavefunction(s)  2P renormalized
     file N.pbe-n-kjpaw_psl.0.1.UPF: wavefunction(s)  2P renormalized

     IMPORTANT: XC functional enforced from input :
     Exchange-correlation= PBE
                           (   1   4   3   4   0   0   0)
     Any further DFT definition will be discarded
     Please, verify this is what you really want


     G-vector sticks info
     --------------------
     sticks:   dense  smooth     PW     G-vecs:    dense   smooth      PW
     Sum         595     301     91               168279    59707   10529

     Using Slab Decomposition


     Check: negative core charge=   -0.000003

     negative rho (up, down):  1.208E-04 0.000E+00

     Gaussian broadening (read from input): ngauss,degauss=   0    0.020000


     Calling projwave .... 

  Problem Sizes 
  natomwfc =           24
  nbnd     =           16
  nkstot   =           19
  npwx     =         7488
  nkb      =           48


     Atomic states used for projection
     (read from pseudopotential files):

     state #   1: atom   1 (C  ), wfc  1 (l=0 m= 1)
     state #   2: atom   1 (C  ), wfc  2 (l=1 m= 1)
     state #   3: atom   1 (C  ), wfc  2 (l=1 m= 2)
     state #   4: atom   1 (C  ), wfc  2 (l=1 m= 3)
     state #   5: atom   2 (C  ), wfc  1 (l=0 m= 1)
     state #   6: atom   2 (C  ), wfc  2 (l=1 m= 1)
     state #   7: atom   2 (C  ), wfc  2 (l=1 m= 2)
     state #   8: atom   2 (C  ), wfc  2 (l=1 m= 3)
     state #   9: atom   3 (B  ), wfc  1 (l=0 m= 1)
     state #  10: atom   3 (B  ), wfc  2 (l=1 m= 1)
     state #  11: atom   3 (B  ), wfc  2 (l=1 m= 2)
     state #  12: atom   3 (B  ), wfc  2 (l=1 m= 3)
     state #  13: atom   4 (N  ), wfc  1 (l=0 m= 1)
     state #  14: atom   4 (N  ), wfc  2 (l=1 m= 1)
     state #  15: atom   4 (N  ), wfc  2 (l=1 m= 2)
     state #  16: atom   4 (N  ), wfc  2 (l=1 m= 3)
     state #  17: atom   5 (C  ), wfc  1 (l=0 m= 1)
     state #  18: atom   5 (C  ), wfc  2 (l=1 m= 1)
     state #  19: atom   5 (C  ), wfc  2 (l=1 m= 2)
     state #  20: atom   5 (C  ), wfc  2 (l=1 m= 3)
     state #  21: atom   6 (C  ), wfc  1 (l=0 m= 1)
     state #  22: atom   6 (C  ), wfc  2 (l=1 m= 1)
     state #  23: atom   6 (C  ), wfc  2 (l=1 m= 2)
     state #  24: atom   6 (C  ), wfc  2 (l=1 m= 3)

 k =   0.0000000000  0.0000000000  0.0000000000
==== e(   1) =   -20.58513 eV ==== 
     psi = 0.171*[#   5]+0.171*[#  21]+0.170*[#   1]+0.170*[#  17]+0.169*[#  13]
          +0.132*[#   9]
    |psi|^2 = 0.984
==== e(   2) =   -20.52009 eV ==== 
     psi = 0.244*[#   5]+0.244*[#  21]+0.244*[#   1]+0.244*[#  17]+0.009*[#  10]
          
    |psi|^2 = 0.986
==== e(   3) =   -20.36138 eV ==== 
     psi = 0.395*[#  13]+0.292*[#   9]+0.076*[#   1]+0.076*[#   5]+0.076*[#  17]
          +0.076*[#  21]
    |psi|^2 = 0.993
==== e(   4) =    -9.05418 eV ==== 
     psi = 0.166*[#   2]+0.166*[#   6]+0.166*[#  18]+0.166*[#  22]+0.146*[#  14]
          +0.144*[#  10]
    |psi|^2 = 0.958
==== e(   5) =    -8.64800 eV ==== 
     psi = 0.239*[#   2]+0.239*[#   6]+0.239*[#  18]+0.239*[#  22]+0.002*[#  13]
          +0.001*[#   9]
    |psi|^2 = 0.959
==== e(   6) =    -7.50759 eV ==== 
     psi = 0.402*[#  14]+0.279*[#  10]+0.074*[#   6]+0.074*[#  22]+0.073*[#   2]
          +0.073*[#  18]+0.001*[#   1]+0.001*[#   5]+0.001*[#  17]+0.001*[#  21]
          
    |psi|^2 = 0.981
==== e(   7) =    -4.18757 eV ==== 
     psi = 0.125*[#   7]+0.125*[#   8]+0.125*[#  23]+0.125*[#  24]+0.124*[#   3]
          +0.124*[#   4]+0.124*[#  19]+0.124*[#  20]
    |psi|^2 = 0.997
==== e(   8) =    -4.18757 eV ==== 
     psi = 0.125*[#   7]+0.125*[#   8]+0.125*[#  23]+0.125*[#  24]+0.124*[#   3]
          +0.124*[#   4]+0.124*[#  19]+0.124*[#  20]
    |psi|^2 = 0.997
==== e(   9) =    -4.18707 eV ==== 
     psi = 0.125*[#   7]+0.125*[#   8]+0.125*[#  23]+0.125*[#  24]+0.124*[#   3]
          +0.124*[#   4]+0.124*[#  19]+0.124*[#  20]
    |psi|^2 = 0.997
==== e(  10) =    -4.18707 eV ==== 
     psi = 0.125*[#   7]+0.125*[#   8]+0.125*[#  23]+0.125*[#  24]+0.124*[#   3]
          +0.124*[#   4]+0.124*[#  19]+0.124*[#  20]
    |psi|^2 = 0.997
==== e(  11) =    -3.88783 eV ==== 
     psi = 0.389*[#  15]+0.389*[#  16]+0.108*[#  11]+0.108*[#  12]
    |psi|^2 = 0.996
==== e(  12) =    -3.88783 eV ==== 
     psi = 0.389*[#  15]+0.389*[#  16]+0.108*[#  11]+0.108*[#  12]
    |psi|^2 = 0.996
==== e(  13) =     2.27516 eV ==== 
     psi = 0.038*[#   9]+0.017*[#  13]+0.002*[#   2]+0.002*[#   6]+0.002*[#  18]
          +0.002*[#  22]+0.001*[#   1]
    |psi|^2 = 0.067
==== e(  14) =     2.41753 eV ==== 
     psi = 0.010*[#  10]+0.003*[#   2]+0.003*[#   6]+0.003*[#  18]+0.003*[#  22]
          +0.003*[#  14]
    |psi|^2 = 0.026
==== e(  15) =     2.67907 eV ==== 
     psi = 0.008*[#   9]+0.004*[#  13]
    |psi|^2 = 0.012
==== e(  16) =     2.99698 eV ==== 
     psi = 0.005*[#  10]+0.002*[#  14]
    |psi|^2 = 0.011

 k =   0.0000000000  0.0962250449  0.0000000000
==== e(   1) =   -20.42993 eV ==== 
     psi = 0.191*[#  13]+0.149*[#   5]+0.149*[#  21]+0.149*[#   1]+0.149*[#  17]
          +0.136*[#   9]+0.010*[#  11]+0.010*[#  12]+0.005*[#   3]+0.005*[#   4]
          +0.005*[#   7]+0.005*[#   8]+0.005*[#  19]+0.005*[#  20]+0.005*[#  23]
          +0.005*[#  24]+0.002*[#  15]+0.002*[#  16]
    |psi|^2 = 0.984
==== e(   2) =   -20.35774 eV ==== 
     psi = 0.231*[#   5]+0.231*[#  21]+0.231*[#   1]+0.231*[#  17]+0.008*[#  10]
          +0.007*[#   3]+0.007*[#   4]+0.007*[#   7]+0.007*[#   8]+0.007*[#  19]
          +0.007*[#  20]+0.007*[#  23]+0.007*[#  24]
    |psi|^2 = 0.986
==== e(   3) =   -20.21748 eV ==== 
     psi = 0.358*[#  13]+0.244*[#   9]+0.084*[#   1]+0.084*[#   5]+0.084*[#  17]
          +0.084*[#  21]+0.015*[#  11]+0.015*[#  12]+0.003*[#  15]+0.003*[#  16]
          +0.002*[#   3]+0.002*[#   4]+0.002*[#   7]+0.002*[#   8]+0.002*[#  19]
          +0.002*[#  20]+0.002*[#  23]+0.002*[#  24]
    |psi|^2 = 0.992
==== e(   4) =    -8.85994 eV ==== 
     psi = 0.167*[#   2]+0.167*[#   6]+0.167*[#  18]+0.167*[#  22]+0.149*[#  14]
          +0.144*[#  10]
    |psi|^2 = 0.961
==== e(   5) =    -8.45546 eV ==== 
     psi = 0.240*[#   6]+0.240*[#  22]+0.240*[#   2]+0.240*[#  18]+0.002*[#  13]
          
    |psi|^2 = 0.963
==== e(   6) =    -7.32632 eV ==== 
     psi = 0.405*[#  14]+0.277*[#  10]+0.074*[#   2]+0.074*[#   6]+0.074*[#  18]
          +0.074*[#  22]+0.001*[#   1]+0.001*[#   5]+0.001*[#  17]+0.001*[#  21]
          
    |psi|^2 = 0.983
==== e(   7) =    -4.83427 eV ==== 
     psi = 0.120*[#   7]+0.120*[#   8]+0.120*[#  23]+0.120*[#  24]+0.120*[#   3]
          +0.120*[#   4]+0.120*[#  19]+0.120*[#  20]+0.009*[#   1]+0.009*[#   5]
          +0.009*[#  17]+0.009*[#  21]
    |psi|^2 = 0.997
==== e(   8) =    -4.83358 eV ==== 
     psi = 0.120*[#   7]+0.120*[#   8]+0.120*[#  23]+0.120*[#  24]+0.120*[#   3]
          +0.120*[#   4]+0.120*[#  19]+0.120*[#  20]+0.008*[#   1]+0.009*[#   5]
          +0.008*[#  17]+0.009*[#  21]
    |psi|^2 = 0.997
==== e(   9) =    -4.51955 eV ==== 
     psi = 0.125*[#   7]+0.125*[#   8]+0.125*[#  23]+0.125*[#  24]+0.124*[#   3]
          +0.124*[#   4]+0.124*[#  19]+0.124*[#  20]
    |psi|^2 = 0.997
==== e(  10) =    -4.51906 eV ==== 
     psi = 0.125*[#   7]+0.125*[#   8]+0.125*[#  23]+0.125*[#  24]+0.124*[#   3]
          +0.124*[#   4]+0.124*[#  19]+0.124*[#  20]
    |psi|^2 = 0.997
==== e(  11) =    -4.45257 eV ==== 
     psi = 0.380*[#  15]+0.380*[#  16]+0.096*[#  11]+0.096*[#  12]+0.026*[#   9]
          +0.014*[#  13]
    |psi|^2 = 0.995
==== e(  12) =    -4.15468 eV ==== 
     psi = 0.382*[#  15]+0.382*[#  16]+0.116*[#  11]+0.116*[#  12]
    |psi|^2 = 0.996
==== e(  13) =     2.49773 eV ==== 
     psi = 0.028*[#   9]+0.017*[#  13]+0.004*[#  11]+0.004*[#  12]+0.002*[#   6]
          +0.002*[#  22]+0.002*[#   2]+0.002*[#  18]+0.001*[#   3]+0.001*[#   4]
          +0.001*[#   7]+0.001*[#   8]+0.001*[#  19]+0.001*[#  20]+0.001*[#  23]
          +0.001*[#  24]
    |psi|^2 = 0.073
==== e(  14) =     2.63922 eV ==== 
     psi = 0.009*[#  10]+0.003*[#  14]+0.003*[#   2]+0.003*[#   6]+0.003*[#  18]
          +0.003*[#  22]
    |psi|^2 = 0.029
==== e(  15) =     2.90589 eV ==== 
     psi = 0.005*[#   9]+0.003*[#  13]
    |psi|^2 = 0.011
==== e(  16) =     3.22085 eV ==== 
     psi = 0.005*[#  10]+0.002*[#  14]
    |psi|^2 = 0.012

 k =   0.0000000000  0.1924500899  0.0000000000
==== e(   1) =   -19.97762 eV ==== 
     psi = 0.284*[#  13]+0.158*[#   9]+0.089*[#   1]+0.089*[#   5]+0.089*[#  17]
          +0.089*[#  21]+0.044*[#  11]+0.044*[#  12]+0.010*[#   3]+0.010*[#   4]
          +0.010*[#   7]+0.010*[#   8]+0.010*[#  19]+0.010*[#  20]+0.010*[#  23]
          +0.010*[#  24]+0.009*[#  15]+0.009*[#  16]
    |psi|^2 = 0.984
==== e(   2) =   -19.87251 eV ==== 
     psi = 0.202*[#   5]+0.202*[#  21]+0.202*[#   1]+0.202*[#  17]+0.021*[#   3]
          +0.021*[#   4]+0.021*[#   7]+0.021*[#   8]+0.021*[#  19]+0.021*[#  20]
          +0.021*[#  23]+0.021*[#  24]+0.004*[#  10]
    |psi|^2 = 0.984
==== e(   3) =   -19.78168 eV ==== 
     psi = 0.238*[#  13]+0.130*[#   9]+0.114*[#   5]+0.114*[#  21]+0.114*[#   1]
          +0.114*[#  17]+0.031*[#  11]+0.031*[#  12]+0.012*[#   3]+0.012*[#   4]
          +0.012*[#   7]+0.012*[#   8]+0.012*[#  19]+0.012*[#  20]+0.012*[#  23]
          +0.012*[#  24]+0.007*[#  15]+0.007*[#  16]
    |psi|^2 = 0.990
==== e(   4) =    -8.28285 eV ==== 
     psi = 0.168*[#   6]+0.168*[#  22]+0.168*[#   2]+0.168*[#  18]+0.156*[#  14]
          +0.142*[#  10]
    |psi|^2 = 0.970
==== e(   5) =    -7.88448 eV ==== 
     psi = 0.242*[#   2]+0.242*[#   6]+0.242*[#  18]+0.242*[#  22]+0.003*[#  13]
          
    |psi|^2 = 0.973
==== e(   6) =    -6.79074 eV ==== 
     psi = 0.416*[#  14]+0.269*[#  10]+0.075*[#   2]+0.075*[#  18]+0.075*[#   6]
          +0.075*[#  22]
    |psi|^2 = 0.989
==== e(   7) =    -6.45995 eV ==== 
     psi = 0.111*[#   7]+0.111*[#   8]+0.111*[#  23]+0.111*[#  24]+0.110*[#   3]
          +0.110*[#   4]+0.110*[#  19]+0.110*[#  20]+0.028*[#   1]+0.028*[#   5]
          +0.028*[#  17]+0.028*[#  21]
    |psi|^2 = 0.995
==== e(   8) =    -6.45868 eV ==== 
     psi = 0.111*[#   7]+0.111*[#   8]+0.111*[#  23]+0.111*[#  24]+0.110*[#   3]
          +0.110*[#   4]+0.110*[#  19]+0.110*[#  20]+0.028*[#   5]+0.028*[#  21]
          +0.027*[#   1]+0.027*[#  17]
    |psi|^2 = 0.995
==== e(   9) =    -5.87975 eV ==== 
     psi = 0.360*[#  15]+0.360*[#  16]+0.078*[#  11]+0.078*[#  12]+0.073*[#   9]
          +0.042*[#  13]
    |psi|^2 = 0.994
==== e(  10) =    -5.29774 eV ==== 
     psi = 0.125*[#   7]+0.125*[#   8]+0.125*[#  23]+0.125*[#  24]+0.124*[#   3]
          +0.124*[#   4]+0.124*[#  19]+0.124*[#  20]
    |psi|^2 = 0.997
==== e(  11) =    -5.29721 eV ==== 
     psi = 0.125*[#   7]+0.125*[#   8]+0.125*[#  23]+0.125*[#  24]+0.125*[#   3]
          +0.125*[#   4]+0.125*[#  19]+0.125*[#  20]
    |psi|^2 = 0.997
==== e(  12) =    -4.80317 eV ==== 
     psi = 0.367*[#  15]+0.367*[#  16]+0.131*[#  11]+0.131*[#  12]
    |psi|^2 = 0.997
==== e(  13) =     3.15909 eV ==== 
     psi = 0.018*[#   9]+0.017*[#  13]+0.009*[#  11]+0.009*[#  12]+0.003*[#   3]
          +0.003*[#   4]+0.003*[#   7]+0.003*[#   8]+0.003*[#  19]+0.003*[#  20]
          +0.003*[#  23]+0.003*[#  24]+0.002*[#   6]+0.002*[#  22]+0.001*[#   2]
          +0.001*[#  18]
    |psi|^2 = 0.081
==== e(  14) =     3.30207 eV ==== 
     psi = 0.009*[#  10]+0.003*[#  14]+0.002*[#   6]+0.002*[#  22]+0.002*[#   2]
          +0.002*[#  18]+0.002*[#   3]+0.002*[#   4]+0.002*[#   7]+0.002*[#   8]
          +0.002*[#  19]+0.002*[#  20]+0.002*[#  23]+0.002*[#  24]
    |psi|^2 = 0.033
==== e(  15) =     3.58123 eV ==== 
     psi = 0.003*[#   9]+0.003*[#  13]+0.002*[#  11]+0.002*[#  12]
    |psi|^2 = 0.013
==== e(  16) =     3.89305 eV ==== 
     psi = 0.005*[#  10]+0.002*[#  14]
    |psi|^2 = 0.013

 k =   0.0000000000  0.2886751348  0.0000000000
==== e(   1) =   -19.28492 eV ==== 
     psi = 0.431*[#  13]+0.171*[#   9]+0.101*[#  11]+0.101*[#  12]+0.025*[#   1]
          +0.025*[#   5]+0.025*[#  17]+0.025*[#  21]+0.020*[#  15]+0.020*[#  16]
          +0.005*[#   3]+0.005*[#   4]+0.005*[#   7]+0.005*[#   8]+0.005*[#  19]
          +0.005*[#  20]+0.005*[#  23]+0.005*[#  24]
    |psi|^2 = 0.986
==== e(   2) =   -19.07022 eV ==== 
     psi = 0.174*[#   5]+0.174*[#  21]+0.174*[#   1]+0.174*[#  17]+0.036*[#   3]
          +0.036*[#   4]+0.036*[#   7]+0.036*[#   8]+0.036*[#  19]+0.036*[#  20]
          +0.036*[#  23]+0.036*[#  24]+0.002*[#  10]
    |psi|^2 = 0.983
==== e(   3) =   -19.03010 eV ==== 
     psi = 0.150*[#   5]+0.150*[#  21]+0.150*[#   1]+0.150*[#  17]+0.078*[#  13]
          +0.031*[#   9]+0.030*[#   3]+0.030*[#   4]+0.030*[#   7]+0.030*[#   8]
          +0.030*[#  19]+0.030*[#  20]+0.030*[#  23]+0.030*[#  24]+0.015*[#  11]
          +0.015*[#  12]+0.003*[#  15]+0.003*[#  16]
    |psi|^2 = 0.986
==== e(   4) =    -8.54033 eV ==== 
     psi = 0.100*[#   7]+0.100*[#   8]+0.100*[#  23]+0.100*[#  24]+0.100*[#   3]
          +0.100*[#   4]+0.100*[#  19]+0.100*[#  20]+0.047*[#   1]+0.048*[#   5]
          +0.047*[#  17]+0.048*[#  21]
    |psi|^2 = 0.992
==== e(   5) =    -8.53901 eV ==== 
     psi = 0.100*[#   7]+0.100*[#   8]+0.100*[#  23]+0.100*[#  24]+0.100*[#   3]
          +0.100*[#   4]+0.100*[#  19]+0.100*[#  20]+0.047*[#   1]+0.047*[#   5]
          +0.047*[#  17]+0.047*[#  21]
    |psi|^2 = 0.993
==== e(   6) =    -7.71630 eV ==== 
     psi = 0.333*[#  15]+0.333*[#  16]+0.111*[#   9]+0.066*[#  13]+0.064*[#  11]
          +0.064*[#  12]+0.006*[#   2]+0.006*[#  18]+0.005*[#   6]+0.005*[#  22]
          
    |psi|^2 = 0.994
==== e(   7) =    -7.34326 eV ==== 
     psi = 0.173*[#  14]+0.168*[#   6]+0.168*[#  22]+0.167*[#   2]+0.167*[#  18]
          +0.137*[#  10]
    |psi|^2 = 0.982
==== e(   8) =    -6.92982 eV ==== 
     psi = 0.241*[#   6]+0.241*[#  22]+0.240*[#   2]+0.240*[#  18]+0.008*[#  15]
          +0.008*[#  16]+0.003*[#   9]+0.002*[#  11]+0.002*[#  12]
    |psi|^2 = 0.984
==== e(   9) =    -6.16265 eV ==== 
     psi = 0.125*[#   7]+0.125*[#   8]+0.125*[#  23]+0.125*[#  24]+0.124*[#   3]
          +0.124*[#   4]+0.124*[#  19]+0.124*[#  20]
    |psi|^2 = 0.997
==== e(  10) =    -6.16214 eV ==== 
     psi = 0.125*[#   7]+0.125*[#   8]+0.125*[#  23]+0.125*[#  24]+0.124*[#   3]
          +0.124*[#   4]+0.124*[#  19]+0.124*[#  20]
    |psi|^2 = 0.997
==== e(  11) =    -5.92947 eV ==== 
     psi = 0.436*[#  14]+0.245*[#  10]+0.078*[#   2]+0.078*[#  18]+0.077*[#   6]
          +0.077*[#  22]
    |psi|^2 = 0.994
==== e(  12) =    -5.55335 eV ==== 
     psi = 0.352*[#  15]+0.352*[#  16]+0.146*[#  11]+0.146*[#  12]
    |psi|^2 = 0.997
==== e(  13) =     4.24599 eV ==== 
     psi = 0.020*[#  13]+0.020*[#   9]+0.011*[#  11]+0.011*[#  12]+0.002*[#   3]
          +0.002*[#   4]+0.002*[#   7]+0.002*[#   8]+0.002*[#  19]+0.002*[#  20]
          +0.002*[#  23]+0.002*[#  24]+0.001*[#   6]+0.001*[#  22]+0.001*[#   2]
          +0.001*[#  18]
    |psi|^2 = 0.089
==== e(  14) =     4.39140 eV ==== 
     psi = 0.017*[#  10]+0.008*[#  14]+0.002*[#   6]+0.002*[#  22]+0.002*[#   3]
          +0.002*[#   4]+0.002*[#   7]+0.002*[#   8]+0.002*[#  19]+0.002*[#  20]
          +0.002*[#  23]+0.002*[#  24]+0.001*[#   2]+0.001*[#  18]
    |psi|^2 = 0.044
==== e(  15) =     4.70719 eV ==== 
     psi = 0.004*[#   9]+0.004*[#  13]+0.002*[#  11]+0.002*[#  12]
    |psi|^2 = 0.014
==== e(  16) =     5.00290 eV ==== 
     psi = 0.012*[#  10]+0.006*[#  14]
    |psi|^2 = 0.023

 k =   0.0000000000  0.3849001797  0.0000000000
==== e(   1) =   -18.44759 eV ==== 
     psi = 0.506*[#  13]+0.142*[#  11]+0.142*[#  12]+0.128*[#   9]+0.023*[#  15]
          +0.023*[#  16]+0.004*[#   1]+0.004*[#   5]+0.004*[#  17]+0.004*[#  21]
          +0.001*[#   3]+0.001*[#   4]+0.001*[#   7]+0.001*[#   8]+0.001*[#  19]
          +0.001*[#  20]+0.001*[#  23]+0.001*[#  24]
    |psi|^2 = 0.988
==== e(   2) =   -17.96333 eV ==== 
     psi = 0.152*[#   5]+0.152*[#  21]+0.152*[#   1]+0.152*[#  17]+0.047*[#   3]
          +0.047*[#   4]+0.047*[#   7]+0.047*[#   8]+0.047*[#  19]+0.047*[#  20]
          +0.047*[#  23]+0.047*[#  24]
    |psi|^2 = 0.983
==== e(   3) =   -17.94818 eV ==== 
     psi = 0.149*[#   5]+0.149*[#  21]+0.149*[#   1]+0.149*[#  17]+0.045*[#   3]
          +0.045*[#   4]+0.045*[#   7]+0.045*[#   8]+0.045*[#  19]+0.045*[#  20]
          +0.045*[#  23]+0.045*[#  24]+0.015*[#  13]+0.004*[#   9]+0.003*[#  11]
          +0.003*[#  12]
    |psi|^2 = 0.984
==== e(   4) =   -10.72260 eV ==== 
     psi = 0.091*[#   7]+0.091*[#   8]+0.091*[#  23]+0.091*[#  24]+0.091*[#   3]
          +0.091*[#   4]+0.091*[#  19]+0.091*[#  20]+0.064*[#   5]+0.064*[#  21]
          +0.064*[#   1]+0.064*[#  17]
    |psi|^2 = 0.990
==== e(   5) =   -10.72115 eV ==== 
     psi = 0.092*[#   7]+0.092*[#   8]+0.092*[#  23]+0.092*[#  24]+0.091*[#   3]
          +0.091*[#   4]+0.091*[#  19]+0.091*[#  20]+0.064*[#   1]+0.064*[#   5]
          +0.064*[#  17]+0.064*[#  21]
    |psi|^2 = 0.990
==== e(   6) =    -9.52195 eV ==== 
     psi = 0.329*[#  15]+0.329*[#  16]+0.153*[#   9]+0.066*[#  13]+0.056*[#  11]
          +0.056*[#  12]
    |psi|^2 = 0.993
==== e(   7) =    -6.88425 eV ==== 
     psi = 0.124*[#   7]+0.124*[#   8]+0.124*[#  23]+0.124*[#  24]+0.124*[#   3]
          +0.124*[#   4]+0.124*[#  19]+0.124*[#  20]
    |psi|^2 = 0.996
==== e(   8) =    -6.88377 eV ==== 
     psi = 0.125*[#   7]+0.125*[#   8]+0.125*[#  23]+0.125*[#  24]+0.124*[#   3]
          +0.124*[#   4]+0.124*[#  19]+0.124*[#  20]
    |psi|^2 = 0.996
==== e(   9) =    -6.19684 eV ==== 
     psi = 0.342*[#  15]+0.342*[#  16]+0.156*[#  11]+0.156*[#  12]
    |psi|^2 = 0.997
==== e(  10) =    -6.09599 eV ==== 
     psi = 0.210*[#  14]+0.165*[#   6]+0.165*[#  22]+0.162*[#   2]+0.162*[#  18]
          +0.128*[#  10]
    |psi|^2 = 0.992
==== e(  11) =    -5.69354 eV ==== 
     psi = 0.248*[#   6]+0.248*[#  22]+0.247*[#   2]+0.247*[#  18]
    |psi|^2 = 0.993
==== e(  12) =    -4.81721 eV ==== 
     psi = 0.464*[#  14]+0.194*[#  10]+0.086*[#   2]+0.086*[#  18]+0.083*[#   6]
          +0.083*[#  22]
    |psi|^2 = 0.996
==== e(  13) =     3.54839 eV ==== 
     psi = 0.210*[#   6]+0.210*[#  22]+0.195*[#   2]+0.195*[#  18]+0.087*[#  10]
          +0.038*[#  14]
    |psi|^2 = 0.934
==== e(  14) =     3.69793 eV ==== 
     psi = 0.234*[#   2]+0.234*[#  18]+0.234*[#   6]+0.234*[#  22]
    |psi|^2 = 0.938
==== e(  15) =     4.84461 eV ==== 
     psi = 0.529*[#  10]+0.248*[#  14]+0.039*[#   2]+0.039*[#  18]+0.024*[#   6]
          +0.024*[#  22]
    |psi|^2 = 0.905
==== e(  16) =     5.71692 eV ==== 
     psi = 0.046*[#   9]+0.034*[#  13]+0.017*[#  11]+0.017*[#  12]+0.003*[#   5]
          +0.003*[#  21]+0.003*[#   1]+0.003*[#  17]+0.002*[#  15]+0.002*[#  16]
          
    |psi|^2 = 0.134

 k =   0.0000000000  0.4811252246  0.0000000000
==== e(   1) =   -17.63438 eV ==== 
     psi = 0.557*[#  13]+0.167*[#  11]+0.167*[#  12]+0.071*[#   9]+0.012*[#  15]
          +0.012*[#  16]
    |psi|^2 = 0.989
==== e(   2) =   -16.58482 eV ==== 
     psi = 0.139*[#   5]+0.139*[#  21]+0.139*[#   1]+0.139*[#  17]+0.054*[#   3]
          +0.054*[#   4]+0.054*[#   7]+0.054*[#   8]+0.054*[#  19]+0.054*[#  20]
          +0.054*[#  23]+0.054*[#  24]
    |psi|^2 = 0.985
==== e(   3) =   -16.57943 eV ==== 
     psi = 0.139*[#   5]+0.139*[#  21]+0.139*[#   1]+0.139*[#  17]+0.053*[#   3]
          +0.053*[#   4]+0.053*[#   7]+0.053*[#   8]+0.053*[#  19]+0.053*[#  20]
          +0.053*[#  23]+0.053*[#  24]+0.003*[#  13]
    |psi|^2 = 0.986
==== e(   4) =   -12.79880 eV ==== 
     psi = 0.086*[#   7]+0.086*[#   8]+0.086*[#  23]+0.086*[#  24]+0.085*[#   3]
          +0.085*[#   4]+0.085*[#  19]+0.085*[#  20]+0.076*[#   5]+0.076*[#  21]
          +0.075*[#   1]+0.075*[#  17]
    |psi|^2 = 0.987
==== e(   5) =   -12.79783 eV ==== 
     psi = 0.086*[#   7]+0.086*[#   8]+0.086*[#  23]+0.086*[#  24]+0.085*[#   3]
          +0.085*[#   4]+0.085*[#  19]+0.085*[#  20]+0.075*[#   1]+0.075*[#   5]
          +0.075*[#  17]+0.075*[#  21]
    |psi|^2 = 0.987
==== e(   6) =   -10.98253 eV ==== 
     psi = 0.335*[#  15]+0.335*[#  16]+0.195*[#   9]+0.044*[#  11]+0.044*[#  12]
          +0.037*[#  13]
    |psi|^2 = 0.992
==== e(   7) =    -7.34977 eV ==== 
     psi = 0.124*[#   7]+0.124*[#   8]+0.124*[#  23]+0.124*[#  24]+0.124*[#   3]
          +0.124*[#   4]+0.124*[#  19]+0.124*[#  20]
    |psi|^2 = 0.995
==== e(   8) =    -7.34928 eV ==== 
     psi = 0.125*[#   7]+0.125*[#   8]+0.125*[#  23]+0.125*[#  24]+0.124*[#   3]
          +0.124*[#   4]+0.124*[#  19]+0.124*[#  20]
    |psi|^2 = 0.995
==== e(   9) =    -6.61860 eV ==== 
     psi = 0.336*[#  15]+0.336*[#  16]+0.162*[#  11]+0.162*[#  12]
    |psi|^2 = 0.997
==== e(  10) =    -4.71923 eV ==== 
     psi = 0.303*[#  14]+0.149*[#   6]+0.149*[#  22]+0.141*[#   2]+0.141*[#  18]
          +0.112*[#  10]
    |psi|^2 = 0.996
==== e(  11) =    -4.29654 eV ==== 
     psi = 0.249*[#   6]+0.249*[#  22]+0.248*[#   2]+0.248*[#  18]
    |psi|^2 = 0.997
==== e(  12) =    -3.65716 eV ==== 
     psi = 0.476*[#  14]+0.109*[#   2]+0.109*[#  18]+0.106*[#  10]+0.098*[#   6]
          +0.098*[#  22]
    |psi|^2 = 0.995
==== e(  13) =     1.43567 eV ==== 
     psi = 0.219*[#   6]+0.219*[#  22]+0.199*[#   2]+0.199*[#  18]+0.088*[#  10]
          +0.017*[#  14]
    |psi|^2 = 0.941
==== e(  14) =     1.59926 eV ==== 
     psi = 0.236*[#   2]+0.236*[#  18]+0.235*[#   6]+0.235*[#  22]
    |psi|^2 = 0.944
==== e(  15) =     3.26511 eV ==== 
     psi = 0.653*[#  10]+0.177*[#  14]+0.036*[#   2]+0.036*[#  18]+0.021*[#   6]
          +0.021*[#  22]
    |psi|^2 = 0.944
==== e(  16) =     6.15289 eV ==== 
     psi = 0.161*[#   1]+0.161*[#  17]+0.161*[#   5]+0.161*[#  21]+0.029*[#   3]
          +0.029*[#   4]+0.029*[#   7]+0.029*[#   8]+0.029*[#  19]+0.029*[#  20]
          +0.029*[#  23]+0.029*[#  24]+0.002*[#   9]
    |psi|^2 = 0.881

 k =   0.0000000000 -0.5773502696  0.0000000000
==== e(   1) =   -17.25006 eV ==== 
     psi = 0.591*[#  13]+0.179*[#  11]+0.179*[#  12]+0.040*[#   9]
    |psi|^2 = 0.990
==== e(   2) =   -15.35670 eV ==== 
     psi = 0.159*[#   5]+0.159*[#  21]+0.159*[#   1]+0.159*[#  17]+0.045*[#   3]
          +0.045*[#   4]+0.045*[#  19]+0.045*[#  20]+0.045*[#   7]+0.045*[#   8]
          +0.045*[#  23]+0.045*[#  24]
    |psi|^2 = 0.993
==== e(   3) =   -15.35456 eV ==== 
     psi = 0.159*[#   5]+0.159*[#  21]+0.159*[#   1]+0.159*[#  17]+0.045*[#   3]
          +0.045*[#   4]+0.045*[#   7]+0.045*[#   8]+0.045*[#  19]+0.045*[#  20]
          +0.045*[#  23]+0.045*[#  24]
    |psi|^2 = 0.993
==== e(   4) =   -14.26663 eV ==== 
     psi = 0.095*[#   3]+0.095*[#   4]+0.095*[#   7]+0.095*[#   8]+0.095*[#  19]
          +0.095*[#  20]+0.095*[#  23]+0.095*[#  24]+0.055*[#   5]+0.055*[#  21]
          +0.055*[#   1]+0.055*[#  17]
    |psi|^2 = 0.979
==== e(   5) =   -14.26640 eV ==== 
     psi = 0.095*[#   7]+0.095*[#   8]+0.095*[#  23]+0.095*[#  24]+0.095*[#   3]
          +0.095*[#   4]+0.095*[#  19]+0.095*[#  20]+0.055*[#   1]+0.055*[#  17]
          +0.055*[#   5]+0.055*[#  21]
    |psi|^2 = 0.978
==== e(   6) =   -11.59171 eV ==== 
     psi = 0.345*[#  15]+0.345*[#  16]+0.221*[#   9]+0.035*[#  11]+0.035*[#  12]
          +0.009*[#  13]
    |psi|^2 = 0.992
==== e(   7) =    -7.50962 eV ==== 
     psi = 0.124*[#   7]+0.124*[#   8]+0.124*[#  23]+0.124*[#  24]+0.124*[#   3]
          +0.124*[#   4]+0.124*[#  19]+0.124*[#  20]
    |psi|^2 = 0.995
==== e(   8) =    -7.50909 eV ==== 
     psi = 0.124*[#   7]+0.124*[#   8]+0.124*[#  23]+0.124*[#  24]+0.124*[#   3]
          +0.124*[#   4]+0.124*[#  19]+0.124*[#  20]
    |psi|^2 = 0.995
==== e(   9) =    -6.76443 eV ==== 
     psi = 0.334*[#  15]+0.334*[#  16]+0.164*[#  11]+0.164*[#  12]
    |psi|^2 = 0.996
==== e(  10) =    -3.93867 eV ==== 
     psi = 0.440*[#  14]+0.124*[#   6]+0.124*[#  22]+0.107*[#   2]+0.107*[#  18]
          +0.092*[#  10]
    |psi|^2 = 0.996
==== e(  11) =    -3.46801 eV ==== 
     psi = 0.250*[#   6]+0.250*[#  22]+0.249*[#   2]+0.249*[#  18]
    |psi|^2 = 0.998
==== e(  12) =    -3.04300 eV ==== 
     psi = 0.421*[#  14]+0.147*[#   2]+0.147*[#  18]+0.120*[#   6]+0.120*[#  22]
          +0.041*[#  10]
    |psi|^2 = 0.994
==== e(  13) =     0.36021 eV ==== 
     psi = 0.226*[#   6]+0.226*[#  22]+0.198*[#   2]+0.198*[#  18]+0.093*[#  10]
          +0.004*[#  14]
    |psi|^2 = 0.945
==== e(  14) =     0.52198 eV ==== 
     psi = 0.236*[#   2]+0.236*[#  18]+0.236*[#   6]+0.236*[#  22]
    |psi|^2 = 0.946
==== e(  15) =     2.50223 eV ==== 
     psi = 0.732*[#  10]+0.110*[#  14]+0.035*[#   2]+0.035*[#  18]+0.017*[#   6]
          +0.017*[#  22]
    |psi|^2 = 0.946
==== e(  16) =     6.07130 eV ==== 
     psi = 0.169*[#   1]+0.169*[#  17]+0.169*[#   5]+0.169*[#  21]+0.027*[#   3]
          +0.027*[#   4]+0.027*[#   7]+0.027*[#   8]+0.027*[#  19]+0.027*[#  20]
          +0.027*[#  23]+0.027*[#  24]
    |psi|^2 = 0.889

 k =   0.0833333333  0.1443375674  0.0000000000
==== e(   1) =   -20.12578 eV ==== 
     psi = 0.250*[#  13]+0.150*[#   9]+0.108*[#   5]+0.108*[#  21]+0.108*[#   1]
          +0.108*[#  17]+0.032*[#  11]+0.032*[#  12]+0.009*[#   3]+0.009*[#   4]
          +0.009*[#   7]+0.009*[#   8]+0.009*[#  19]+0.009*[#  20]+0.009*[#  23]
          +0.009*[#  24]+0.006*[#  15]+0.006*[#  16]
    |psi|^2 = 0.984
==== e(   2) =   -20.03396 eV ==== 
     psi = 0.210*[#   5]+0.210*[#  21]+0.210*[#   1]+0.210*[#  17]+0.017*[#   3]
          +0.017*[#   4]+0.017*[#   7]+0.017*[#   8]+0.017*[#  19]+0.017*[#  20]
          +0.017*[#  23]+0.017*[#  24]+0.005*[#  10]
    |psi|^2 = 0.985
==== e(   3) =   -19.92791 eV ==== 
     psi = 0.279*[#  13]+0.164*[#   9]+0.103*[#   5]+0.103*[#  21]+0.103*[#   1]
          +0.103*[#  17]+0.030*[#  11]+0.030*[#  12]+0.008*[#   3]+0.008*[#   4]
          +0.008*[#   7]+0.008*[#   8]+0.008*[#  19]+0.008*[#  20]+0.008*[#  23]
          +0.008*[#  24]+0.006*[#  15]+0.006*[#  16]
    |psi|^2 = 0.991
==== e(   4) =    -8.47417 eV ==== 
     psi = 0.168*[#   6]+0.168*[#  22]+0.167*[#   2]+0.167*[#  18]+0.153*[#  14]
          +0.142*[#  10]
    |psi|^2 = 0.967
==== e(   5) =    -8.07339 eV ==== 
     psi = 0.242*[#   2]+0.242*[#   6]+0.242*[#  18]+0.242*[#  22]+0.003*[#  13]
          
    |psi|^2 = 0.970
==== e(   6) =    -6.96768 eV ==== 
     psi = 0.412*[#  14]+0.272*[#  10]+0.075*[#   2]+0.075*[#  18]+0.075*[#   6]
          +0.075*[#  22]
    |psi|^2 = 0.987
==== e(   7) =    -5.86216 eV ==== 
     psi = 0.115*[#   7]+0.115*[#   8]+0.115*[#  23]+0.115*[#  24]+0.114*[#   3]
          +0.114*[#   4]+0.114*[#  19]+0.114*[#  20]+0.020*[#   1]+0.020*[#   5]
          +0.020*[#  17]+0.020*[#  21]
    |psi|^2 = 0.997
==== e(   8) =    -5.86121 eV ==== 
     psi = 0.115*[#   7]+0.115*[#   8]+0.115*[#  23]+0.115*[#  24]+0.114*[#   3]
          +0.114*[#   4]+0.114*[#  19]+0.114*[#  20]+0.020*[#   5]+0.020*[#  21]
          +0.020*[#   1]+0.020*[#  17]
    |psi|^2 = 0.997
==== e(   9) =    -5.37967 eV ==== 
     psi = 0.367*[#  15]+0.367*[#  16]+0.087*[#  11]+0.087*[#  12]+0.049*[#   9]
          +0.035*[#  13]
    |psi|^2 = 0.996
==== e(  10) =    -5.18452 eV ==== 
     psi = 0.123*[#   7]+0.123*[#   8]+0.123*[#  23]+0.123*[#  24]+0.123*[#   3]
          +0.123*[#   4]+0.123*[#  19]+0.123*[#  20]+0.003*[#   1]+0.003*[#   5]
          +0.003*[#  17]+0.003*[#  21]
    |psi|^2 = 0.995
==== e(  11) =    -5.18413 eV ==== 
     psi = 0.123*[#   7]+0.123*[#   8]+0.123*[#  23]+0.123*[#  24]+0.123*[#   3]
          +0.123*[#   4]+0.123*[#  19]+0.123*[#  20]+0.003*[#   1]+0.003*[#   5]
          +0.003*[#  17]+0.003*[#  21]
    |psi|^2 = 0.995
==== e(  12) =    -4.68175 eV ==== 
     psi = 0.369*[#  15]+0.369*[#  16]+0.121*[#  11]+0.121*[#  12]+0.013*[#   9]
          
    |psi|^2 = 0.995
==== e(  13) =     2.94011 eV ==== 
     psi = 0.020*[#   9]+0.017*[#  13]+0.008*[#  11]+0.008*[#  12]+0.002*[#   3]
          +0.002*[#   4]+0.002*[#   7]+0.002*[#   8]+0.002*[#  19]+0.002*[#  20]
          +0.002*[#  23]+0.002*[#  24]+0.002*[#   6]+0.002*[#  22]+0.002*[#   2]
          +0.002*[#  18]
    |psi|^2 = 0.081
==== e(  14) =     3.08165 eV ==== 
     psi = 0.008*[#  10]+0.003*[#  14]+0.002*[#   2]+0.002*[#   6]+0.002*[#  18]
          +0.002*[#  22]+0.001*[#   3]+0.001*[#   4]+0.001*[#   7]+0.001*[#   8]
          +0.001*[#  19]+0.001*[#  20]+0.001*[#  23]+0.001*[#  24]
    |psi|^2 = 0.032
==== e(  15) =     3.35616 eV ==== 
     psi = 0.004*[#   9]+0.003*[#  13]+0.002*[#  11]+0.002*[#  12]
    |psi|^2 = 0.013
==== e(  16) =     3.66937 eV ==== 
     psi = 0.004*[#  10]+0.002*[#  14]
    |psi|^2 = 0.012

 k =   0.0833333333  0.2405626123  0.0000000000
==== e(   1) =   -19.55160 eV ==== 
     psi = 0.383*[#  13]+0.173*[#   9]+0.081*[#  11]+0.081*[#  12]+0.043*[#   1]
          +0.043*[#   5]+0.043*[#  17]+0.043*[#  21]+0.016*[#  15]+0.016*[#  16]
          +0.008*[#   3]+0.008*[#   4]+0.008*[#   7]+0.008*[#   8]+0.008*[#  19]
          +0.008*[#  20]+0.008*[#  23]+0.008*[#  24]
    |psi|^2 = 0.985
==== e(   2) =   -19.39020 eV ==== 
     psi = 0.184*[#   5]+0.184*[#  21]+0.183*[#   1]+0.183*[#  17]+0.031*[#   3]
          +0.031*[#   4]+0.031*[#   7]+0.031*[#   8]+0.031*[#  19]+0.031*[#  20]
          +0.031*[#  23]+0.031*[#  24]+0.003*[#  10]
    |psi|^2 = 0.983
==== e(   3) =   -19.33454 eV ==== 
     psi = 0.141*[#   5]+0.141*[#  21]+0.140*[#   1]+0.140*[#  17]+0.128*[#  13]
          +0.058*[#   9]+0.023*[#   3]+0.023*[#   4]+0.023*[#   7]+0.023*[#   8]
          +0.023*[#  19]+0.023*[#  20]+0.023*[#  23]+0.023*[#  24]+0.022*[#  11]
          +0.022*[#  12]+0.005*[#  15]+0.005*[#  16]
    |psi|^2 = 0.988
==== e(   4) =    -7.71480 eV ==== 
     psi = 0.168*[#   6]+0.168*[#  22]+0.168*[#   2]+0.168*[#  18]+0.165*[#  14]
          +0.139*[#  10]
    |psi|^2 = 0.978
==== e(   5) =    -7.55911 eV ==== 
     psi = 0.105*[#   7]+0.105*[#   8]+0.105*[#  23]+0.105*[#  24]+0.105*[#   3]
          +0.105*[#   4]+0.105*[#  19]+0.105*[#  20]+0.038*[#   5]+0.038*[#  21]
          +0.038*[#   1]+0.038*[#  17]
    |psi|^2 = 0.995
==== e(   6) =    -7.55763 eV ==== 
     psi = 0.105*[#   7]+0.105*[#   8]+0.105*[#  23]+0.105*[#  24]+0.105*[#   3]
          +0.105*[#   4]+0.105*[#  19]+0.105*[#  20]+0.038*[#   5]+0.038*[#  21]
          +0.038*[#   1]+0.038*[#  17]
    |psi|^2 = 0.995
==== e(   7) =    -7.33770 eV ==== 
     psi = 0.234*[#   2]+0.234*[#  18]+0.233*[#   6]+0.233*[#  22]+0.015*[#  15]
          +0.015*[#  16]+0.008*[#  13]+0.003*[#  11]+0.003*[#  12]+0.003*[#   9]
          
    |psi|^2 = 0.982
==== e(   8) =    -6.87100 eV ==== 
     psi = 0.332*[#  15]+0.332*[#  16]+0.078*[#   9]+0.077*[#  11]+0.077*[#  12]
          +0.053*[#  13]+0.011*[#   6]+0.011*[#  22]+0.011*[#   2]+0.011*[#  18]
          
    |psi|^2 = 0.995
==== e(   9) =    -6.26845 eV ==== 
     psi = 0.424*[#  14]+0.255*[#  10]+0.077*[#   2]+0.077*[#  18]+0.076*[#   6]
          +0.076*[#  22]
    |psi|^2 = 0.993
==== e(  10) =    -6.16660 eV ==== 
     psi = 0.121*[#   7]+0.121*[#   8]+0.121*[#  23]+0.121*[#  24]+0.121*[#   3]
          +0.121*[#   4]+0.121*[#  19]+0.121*[#  20]+0.006*[#   1]+0.006*[#   5]
          +0.006*[#  17]+0.006*[#  21]
    |psi|^2 = 0.994
==== e(  11) =    -6.16532 eV ==== 
     psi = 0.121*[#   7]+0.121*[#   8]+0.121*[#  23]+0.121*[#  24]+0.120*[#   3]
          +0.120*[#   4]+0.120*[#  19]+0.120*[#  20]+0.006*[#   1]+0.006*[#   5]
          +0.006*[#  17]+0.006*[#  21]+0.003*[#  14]
    |psi|^2 = 0.994
==== e(  12) =    -5.49422 eV ==== 
     psi = 0.353*[#  15]+0.353*[#  16]+0.130*[#  11]+0.130*[#  12]+0.027*[#   9]
          +0.001*[#  13]
    |psi|^2 = 0.994
==== e(  13) =     3.81739 eV ==== 
     psi = 0.017*[#  13]+0.016*[#   9]+0.010*[#  11]+0.010*[#  12]+0.003*[#   3]
          +0.003*[#   4]+0.003*[#   7]+0.003*[#   8]+0.003*[#  19]+0.003*[#  20]
          +0.003*[#  23]+0.003*[#  24]+0.001*[#   6]+0.001*[#  22]+0.001*[#   2]
          +0.001*[#  18]
    |psi|^2 = 0.083
==== e(  14) =     3.96111 eV ==== 
     psi = 0.011*[#  10]+0.005*[#  14]+0.002*[#   3]+0.002*[#   4]+0.002*[#   7]
          +0.002*[#   8]+0.002*[#  19]+0.002*[#  20]+0.002*[#  23]+0.002*[#  24]
          +0.002*[#   6]+0.002*[#  22]+0.001*[#   2]+0.001*[#  18]
    |psi|^2 = 0.036
==== e(  15) =     4.25769 eV ==== 
     psi = 0.003*[#  13]+0.003*[#   9]+0.002*[#  11]+0.002*[#  12]
    |psi|^2 = 0.012
==== e(  16) =     4.56290 eV ==== 
     psi = 0.006*[#  10]+0.003*[#  14]
    |psi|^2 = 0.015

 k =   0.0833333333  0.3367876572  0.0000000000
==== e(   1) =   -18.78477 eV ==== 
     psi = 0.482*[#  13]+0.148*[#   9]+0.128*[#  11]+0.128*[#  12]+0.024*[#  15]
          +0.024*[#  16]+0.008*[#   1]+0.008*[#   5]+0.008*[#  17]+0.008*[#  21]
          +0.002*[#   3]+0.002*[#   4]+0.002*[#   7]+0.002*[#   8]+0.002*[#  19]
          +0.002*[#  20]+0.002*[#  23]+0.002*[#  24]
    |psi|^2 = 0.987
==== e(   2) =   -18.43539 eV ==== 
     psi = 0.160*[#   5]+0.160*[#  21]+0.160*[#   1]+0.160*[#  17]+0.043*[#   3]
          +0.043*[#   4]+0.043*[#   7]+0.043*[#   8]+0.043*[#  19]+0.043*[#  20]
          +0.043*[#  23]+0.043*[#  24]+0.001*[#  10]
    |psi|^2 = 0.983
==== e(   3) =   -18.41280 eV ==== 
     psi = 0.152*[#   5]+0.152*[#  21]+0.152*[#   1]+0.152*[#  17]+0.040*[#   3]
          +0.040*[#   4]+0.040*[#   7]+0.040*[#   8]+0.040*[#  19]+0.040*[#  20]
          +0.040*[#  23]+0.040*[#  24]+0.030*[#  13]+0.009*[#   9]+0.006*[#  11]
          +0.006*[#  12]+0.001*[#  15]+0.001*[#  16]
    |psi|^2 = 0.984
==== e(   4) =    -9.61256 eV ==== 
     psi = 0.096*[#   7]+0.096*[#   8]+0.096*[#  23]+0.096*[#  24]+0.096*[#   3]
          +0.096*[#   4]+0.096*[#  19]+0.096*[#  20]+0.056*[#   5]+0.056*[#  21]
          +0.056*[#   1]+0.056*[#  17]
    |psi|^2 = 0.992
==== e(   5) =    -9.61113 eV ==== 
     psi = 0.096*[#   7]+0.096*[#   8]+0.096*[#  23]+0.096*[#  24]+0.096*[#   3]
          +0.096*[#   4]+0.096*[#  19]+0.096*[#  20]+0.056*[#   1]+0.056*[#   5]
          +0.056*[#  17]+0.056*[#  21]
    |psi|^2 = 0.992
==== e(   6) =    -8.65172 eV ==== 
     psi = 0.330*[#  15]+0.330*[#  16]+0.118*[#   9]+0.071*[#  13]+0.070*[#  11]
          +0.070*[#  12]
    |psi|^2 = 0.994
==== e(   7) =    -7.04036 eV ==== 
     psi = 0.121*[#   7]+0.121*[#   8]+0.121*[#  23]+0.121*[#  24]+0.121*[#   3]
          +0.121*[#   4]+0.121*[#  19]+0.121*[#  20]+0.007*[#   1]+0.007*[#   5]
          +0.007*[#  17]+0.007*[#  21]
    |psi|^2 = 0.994
==== e(   8) =    -7.03990 eV ==== 
     psi = 0.121*[#   7]+0.121*[#   8]+0.121*[#  23]+0.121*[#  24]+0.121*[#   3]
          +0.121*[#   4]+0.121*[#  19]+0.121*[#  20]+0.007*[#   1]+0.007*[#   5]
          +0.007*[#  17]+0.007*[#  21]
    |psi|^2 = 0.994
==== e(   9) =    -6.61465 eV ==== 
     psi = 0.192*[#  14]+0.167*[#   6]+0.167*[#  22]+0.165*[#   2]+0.165*[#  18]
          +0.132*[#  10]
    |psi|^2 = 0.989
==== e(  10) =    -6.27963 eV ==== 
     psi = 0.265*[#  15]+0.265*[#  16]+0.110*[#  11]+0.110*[#  12]+0.056*[#   2]
          +0.056*[#  18]+0.055*[#   6]+0.055*[#  22]+0.020*[#   9]+0.003*[#  13]
          
    |psi|^2 = 0.995
==== e(  11) =    -6.19248 eV ==== 
     psi = 0.192*[#   6]+0.192*[#  22]+0.190*[#   2]+0.190*[#  18]+0.077*[#  15]
          +0.077*[#  16]+0.032*[#  11]+0.032*[#  12]+0.009*[#   9]
    |psi|^2 = 0.991
==== e(  12) =    -5.27327 eV ==== 
     psi = 0.452*[#  14]+0.219*[#  10]+0.082*[#   2]+0.082*[#  18]+0.080*[#   6]
          +0.080*[#  22]
    |psi|^2 = 0.996
==== e(  13) =     4.55639 eV ==== 
     psi = 0.205*[#   6]+0.205*[#  22]+0.187*[#   2]+0.187*[#  18]+0.099*[#  10]
          +0.050*[#  14]
    |psi|^2 = 0.932
==== e(  14) =     4.69235 eV ==== 
     psi = 0.234*[#   6]+0.234*[#  22]+0.233*[#   2]+0.233*[#  18]+0.001*[#   9]
          
    |psi|^2 = 0.935
==== e(  15) =     5.11865 eV ==== 
     psi = 0.022*[#   9]+0.020*[#  13]+0.012*[#  11]+0.012*[#  12]+0.004*[#   2]
          +0.004*[#  18]+0.003*[#   6]+0.003*[#  22]+0.002*[#   3]+0.002*[#   4]
          +0.002*[#   7]+0.002*[#   8]+0.002*[#  19]+0.002*[#  20]+0.002*[#  23]
          +0.002*[#  24]+0.001*[#  15]+0.001*[#  16]
    |psi|^2 = 0.098
==== e(  16) =     5.19259 eV ==== 
     psi = 0.117*[#  10]+0.061*[#  14]+0.023*[#   2]+0.023*[#  18]+0.009*[#   6]
          +0.009*[#  22]+0.001*[#   3]+0.001*[#   4]+0.001*[#  19]+0.001*[#  20]
          +0.001*[#   7]+0.001*[#   8]+0.001*[#  23]+0.001*[#  24]
    |psi|^2 = 0.250

 k =   0.0833333333  0.4330127022  0.0000000000
==== e(   1) =   -17.93806 eV ==== 
     psi = 0.533*[#  13]+0.157*[#  11]+0.157*[#  12]+0.093*[#   9]+0.019*[#  15]
          +0.019*[#  16]+0.001*[#   1]+0.001*[#   5]+0.001*[#  17]+0.001*[#  21]
          
    |psi|^2 = 0.989
==== e(   2) =   -17.18907 eV ==== 
     psi = 0.143*[#   5]+0.143*[#  21]+0.142*[#   1]+0.142*[#  17]+0.052*[#   3]
          +0.052*[#   4]+0.052*[#   7]+0.052*[#   8]+0.052*[#  19]+0.052*[#  20]
          +0.052*[#  23]+0.052*[#  24]
    |psi|^2 = 0.984
==== e(   3) =   -17.18048 eV ==== 
     psi = 0.141*[#   5]+0.141*[#  21]+0.141*[#   1]+0.141*[#  17]+0.051*[#   3]
          +0.051*[#   4]+0.051*[#   7]+0.051*[#   8]+0.051*[#  19]+0.051*[#  20]
          +0.051*[#  23]+0.051*[#  24]+0.006*[#  13]+0.001*[#  11]+0.001*[#  12]
          
    |psi|^2 = 0.985
==== e(   4) =   -11.71310 eV ==== 
     psi = 0.088*[#   7]+0.088*[#   8]+0.088*[#  23]+0.088*[#  24]+0.088*[#   3]
          +0.088*[#   4]+0.088*[#  19]+0.088*[#  20]+0.071*[#   5]+0.071*[#  21]
          +0.071*[#   1]+0.071*[#  17]
    |psi|^2 = 0.989
==== e(   5) =   -11.71183 eV ==== 
     psi = 0.088*[#   7]+0.088*[#   8]+0.088*[#  23]+0.088*[#  24]+0.088*[#   3]
          +0.088*[#   4]+0.088*[#  19]+0.088*[#  20]+0.071*[#   1]+0.071*[#   5]
          +0.071*[#  17]+0.071*[#  21]
    |psi|^2 = 0.989
==== e(   6) =   -10.27823 eV ==== 
     psi = 0.327*[#  15]+0.327*[#  16]+0.161*[#   9]+0.060*[#  11]+0.060*[#  12]
          +0.054*[#  13]
    |psi|^2 = 0.993
==== e(   7) =    -7.66653 eV ==== 
     psi = 0.121*[#   7]+0.121*[#   8]+0.121*[#  23]+0.121*[#  24]+0.120*[#   3]
          +0.120*[#   4]+0.120*[#  19]+0.120*[#  20]+0.007*[#   1]+0.007*[#   5]
          +0.007*[#  17]+0.007*[#  21]
    |psi|^2 = 0.994
==== e(   8) =    -7.66595 eV ==== 
     psi = 0.121*[#   7]+0.121*[#   8]+0.121*[#  23]+0.121*[#  24]+0.120*[#   3]
          +0.120*[#   4]+0.120*[#  19]+0.120*[#  20]+0.007*[#   1]+0.007*[#   5]
          +0.007*[#  17]+0.007*[#  21]
    |psi|^2 = 0.994
==== e(   9) =    -6.82620 eV ==== 
     psi = 0.333*[#  15]+0.333*[#  16]+0.149*[#  11]+0.149*[#  12]+0.028*[#   9]
          +0.003*[#  13]
    |psi|^2 = 0.996
==== e(  10) =    -5.26859 eV ==== 
     psi = 0.253*[#  14]+0.157*[#   6]+0.157*[#  22]+0.153*[#   2]+0.153*[#  18]
          +0.121*[#  10]
    |psi|^2 = 0.995
==== e(  11) =    -4.85654 eV ==== 
     psi = 0.249*[#   6]+0.249*[#  22]+0.248*[#   2]+0.248*[#  18]
    |psi|^2 = 0.996
==== e(  12) =    -4.10377 eV ==== 
     psi = 0.476*[#  14]+0.147*[#  10]+0.096*[#   2]+0.096*[#  18]+0.090*[#   6]
          +0.090*[#  22]
    |psi|^2 = 0.996
==== e(  13) =     2.38445 eV ==== 
     psi = 0.219*[#   6]+0.219*[#  22]+0.203*[#   2]+0.203*[#  18]+0.079*[#  10]
          +0.024*[#  14]
    |psi|^2 = 0.946
==== e(  14) =     2.52812 eV ==== 
     psi = 0.237*[#   2]+0.237*[#  18]+0.237*[#   6]+0.237*[#  22]
    |psi|^2 = 0.949
==== e(  15) =     3.98054 eV ==== 
     psi = 0.616*[#  10]+0.222*[#  14]+0.035*[#   2]+0.035*[#  18]+0.020*[#   6]
          +0.020*[#  22]
    |psi|^2 = 0.948
==== e(  16) =     6.72023 eV ==== 
     psi = 0.071*[#   9]+0.040*[#  13]+0.020*[#  11]+0.020*[#  12]+0.018*[#   1]
          +0.018*[#  17]+0.018*[#   5]+0.018*[#  21]+0.004*[#  15]+0.004*[#  16]
          +0.002*[#   3]+0.002*[#   4]+0.002*[#  19]+0.002*[#  20]+0.002*[#   7]
          +0.002*[#   8]+0.002*[#  23]+0.002*[#  24]
    |psi|^2 = 0.245

 k =   0.0833333333  0.5292377471  0.0000000000
==== e(   1) =   -17.28401 eV ==== 
     psi = 0.582*[#  13]+0.177*[#  11]+0.177*[#  12]+0.044*[#   9]+0.004*[#  15]
          +0.004*[#  16]
    |psi|^2 = 0.990
==== e(   2) =   -15.73330 eV ==== 
     psi = 0.139*[#   5]+0.139*[#  21]+0.139*[#   1]+0.139*[#  17]+0.054*[#   3]
          +0.054*[#   4]+0.054*[#  19]+0.054*[#  20]+0.054*[#   7]+0.054*[#   8]
          +0.054*[#  23]+0.054*[#  24]
    |psi|^2 = 0.989
==== e(   3) =   -15.73040 eV ==== 
     psi = 0.139*[#   5]+0.139*[#  21]+0.139*[#   1]+0.139*[#  17]+0.054*[#   3]
          +0.054*[#   4]+0.054*[#   7]+0.054*[#   8]+0.054*[#  19]+0.054*[#  20]
          +0.054*[#  23]+0.054*[#  24]+0.001*[#  13]
    |psi|^2 = 0.989
==== e(   4) =   -13.62570 eV ==== 
     psi = 0.086*[#   3]+0.086*[#   4]+0.086*[#   7]+0.086*[#   8]+0.086*[#  19]
          +0.086*[#  20]+0.086*[#  23]+0.086*[#  24]+0.073*[#   5]+0.073*[#  21]
          +0.073*[#   1]+0.073*[#  17]
    |psi|^2 = 0.984
==== e(   5) =   -13.62521 eV ==== 
     psi = 0.087*[#   7]+0.087*[#   8]+0.087*[#  23]+0.087*[#  24]+0.086*[#   3]
          +0.086*[#   4]+0.086*[#  19]+0.086*[#  20]+0.073*[#   1]+0.073*[#  17]
          +0.073*[#   5]+0.073*[#  21]
    |psi|^2 = 0.984
==== e(   6) =   -11.35531 eV ==== 
     psi = 0.338*[#  15]+0.338*[#  16]+0.202*[#   9]+0.048*[#  11]+0.048*[#  12]
          +0.017*[#  13]
    |psi|^2 = 0.992
==== e(   7) =    -7.99049 eV ==== 
     psi = 0.120*[#   7]+0.120*[#   8]+0.120*[#  23]+0.120*[#  24]+0.120*[#   3]
          +0.120*[#   4]+0.120*[#  19]+0.120*[#  20]+0.008*[#   1]+0.008*[#   5]
          +0.008*[#  17]+0.008*[#  21]
    |psi|^2 = 0.994
==== e(   8) =    -7.98988 eV ==== 
     psi = 0.121*[#   7]+0.121*[#   8]+0.121*[#  23]+0.121*[#  24]+0.120*[#   3]
          +0.120*[#   4]+0.120*[#  19]+0.120*[#  20]+0.008*[#   1]+0.008*[#   5]
          +0.008*[#  17]+0.008*[#  21]
    |psi|^2 = 0.994
==== e(   9) =    -7.12178 eV ==== 
     psi = 0.329*[#  15]+0.329*[#  16]+0.153*[#  11]+0.153*[#  12]+0.026*[#   9]
          +0.004*[#  13]
    |psi|^2 = 0.996
==== e(  10) =    -4.03775 eV ==== 
     psi = 0.409*[#  14]+0.129*[#   6]+0.129*[#  22]+0.115*[#   2]+0.115*[#  18]
          +0.098*[#  10]
    |psi|^2 = 0.996
==== e(  11) =    -3.57143 eV ==== 
     psi = 0.249*[#   6]+0.249*[#  22]+0.249*[#   2]+0.249*[#  18]
    |psi|^2 = 0.997
==== e(  12) =    -3.10330 eV ==== 
     psi = 0.435*[#  14]+0.138*[#   2]+0.138*[#  18]+0.116*[#   6]+0.116*[#  22]
          +0.052*[#  10]
    |psi|^2 = 0.994
==== e(  13) =     0.64428 eV ==== 
     psi = 0.227*[#   6]+0.227*[#  22]+0.203*[#   2]+0.203*[#  18]+0.084*[#  10]
          +0.006*[#  14]
    |psi|^2 = 0.950
==== e(  14) =     0.79141 eV ==== 
     psi = 0.238*[#   2]+0.238*[#  18]+0.237*[#   6]+0.237*[#  22]
    |psi|^2 = 0.952
==== e(  15) =     2.70606 eV ==== 
     psi = 0.728*[#  10]+0.125*[#  14]+0.033*[#   2]+0.033*[#  18]+0.016*[#   6]
          +0.016*[#  22]
    |psi|^2 = 0.951
==== e(  16) =     6.80137 eV ==== 
     psi = 0.157*[#   1]+0.157*[#  17]+0.156*[#   5]+0.156*[#  21]+0.031*[#   3]
          +0.031*[#   4]+0.031*[#   7]+0.031*[#   8]+0.031*[#  19]+0.031*[#  20]
          +0.031*[#  23]+0.031*[#  24]+0.002*[#   9]
    |psi|^2 = 0.875

 k =   0.1666666667  0.2886751348  0.0000000000
==== e(   1) =   -18.90237 eV ==== 
     psi = 0.471*[#  13]+0.154*[#   9]+0.123*[#  11]+0.123*[#  12]+0.024*[#  15]
          +0.024*[#  16]+0.011*[#   1]+0.011*[#   5]+0.011*[#  17]+0.011*[#  21]
          +0.003*[#   3]+0.003*[#   4]+0.003*[#   7]+0.003*[#   8]+0.003*[#  19]
          +0.003*[#  20]+0.003*[#  23]+0.003*[#  24]
    |psi|^2 = 0.987
==== e(   2) =   -18.59384 eV ==== 
     psi = 0.163*[#   5]+0.163*[#  21]+0.163*[#   1]+0.163*[#  17]+0.041*[#   3]
          +0.041*[#   4]+0.041*[#   7]+0.041*[#   8]+0.041*[#  19]+0.041*[#  20]
          +0.041*[#  23]+0.041*[#  24]+0.001*[#  10]
    |psi|^2 = 0.983
==== e(   3) =   -18.56766 eV ==== 
     psi = 0.152*[#   5]+0.152*[#  21]+0.152*[#   1]+0.152*[#  17]+0.038*[#   3]
          +0.038*[#   4]+0.038*[#   7]+0.038*[#   8]+0.038*[#  19]+0.038*[#  20]
          +0.038*[#  23]+0.038*[#  24]+0.038*[#  13]+0.013*[#   9]+0.008*[#  11]
          +0.008*[#  12]+0.002*[#  15]+0.002*[#  16]
    |psi|^2 = 0.985
==== e(   4) =    -8.88415 eV ==== 
     psi = 0.098*[#   7]+0.098*[#   8]+0.098*[#  23]+0.098*[#  24]+0.098*[#   3]
          +0.098*[#   4]+0.098*[#  19]+0.098*[#  20]+0.052*[#   5]+0.052*[#  21]
          +0.052*[#   1]+0.052*[#  17]
    |psi|^2 = 0.996
==== e(   5) =    -8.88282 eV ==== 
     psi = 0.098*[#   7]+0.098*[#   8]+0.098*[#  23]+0.098*[#  24]+0.098*[#   3]
          +0.098*[#   4]+0.098*[#  19]+0.098*[#  20]+0.052*[#   5]+0.052*[#  21]
          +0.052*[#   1]+0.052*[#  17]
    |psi|^2 = 0.996
==== e(   6) =    -8.13722 eV ==== 
     psi = 0.330*[#  15]+0.330*[#  16]+0.088*[#  11]+0.088*[#  12]+0.079*[#   9]
          +0.075*[#  13]+0.001*[#   2]+0.001*[#  18]
    |psi|^2 = 0.997
==== e(   7) =    -7.50602 eV ==== 
     psi = 0.117*[#   7]+0.117*[#   8]+0.117*[#  23]+0.117*[#  24]+0.117*[#   3]
          +0.117*[#   4]+0.117*[#  19]+0.117*[#  20]+0.013*[#   1]+0.013*[#   5]
          +0.013*[#  17]+0.013*[#  21]
    |psi|^2 = 0.990
==== e(   8) =    -7.50588 eV ==== 
     psi = 0.117*[#   7]+0.117*[#   8]+0.117*[#  23]+0.117*[#  24]+0.117*[#   3]
          +0.117*[#   4]+0.117*[#  19]+0.117*[#  20]+0.013*[#   1]+0.013*[#   5]
          +0.013*[#  17]+0.013*[#  21]
    |psi|^2 = 0.990
==== e(   9) =    -6.79073 eV ==== 
     psi = 0.186*[#  14]+0.167*[#   6]+0.167*[#  22]+0.166*[#   2]+0.166*[#  18]
          +0.134*[#  10]
    |psi|^2 = 0.987
==== e(  10) =    -6.55260 eV ==== 
     psi = 0.307*[#  15]+0.307*[#  16]+0.110*[#  11]+0.110*[#  12]+0.063*[#   9]
          +0.024*[#   2]+0.024*[#  18]+0.023*[#   6]+0.023*[#  22]+0.001*[#  13]
          
    |psi|^2 = 0.993
==== e(  11) =    -6.37018 eV ==== 
     psi = 0.223*[#   6]+0.223*[#  22]+0.222*[#   2]+0.222*[#  18]+0.032*[#  15]
          +0.032*[#  16]+0.011*[#  11]+0.011*[#  12]+0.010*[#   9]
    |psi|^2 = 0.988
==== e(  12) =    -5.42951 eV ==== 
     psi = 0.447*[#  14]+0.226*[#  10]+0.081*[#   2]+0.081*[#  18]+0.079*[#   6]
          +0.079*[#  22]
    |psi|^2 = 0.995
==== e(  13) =     4.90788 eV ==== 
     psi = 0.017*[#   9]+0.016*[#  13]+0.011*[#  11]+0.011*[#  12]+0.003*[#   6]
          +0.003*[#  22]+0.002*[#   3]+0.002*[#   4]+0.002*[#   7]+0.002*[#   8]
          +0.002*[#  19]+0.002*[#  20]+0.002*[#  23]+0.002*[#  24]+0.001*[#  15]
          +0.001*[#  16]
    |psi|^2 = 0.082
==== e(  14) =     4.94195 eV ==== 
     psi = 0.129*[#  10]+0.111*[#   6]+0.111*[#  22]+0.080*[#   2]+0.080*[#  18]
          +0.068*[#  14]
    |psi|^2 = 0.587
==== e(  15) =     5.10339 eV ==== 
     psi = 0.123*[#   2]+0.123*[#  18]+0.100*[#   6]+0.100*[#  22]+0.002*[#  10]
          +0.001*[#  14]
    |psi|^2 = 0.457
==== e(  16) =     5.13445 eV ==== 
     psi = 0.242*[#   2]+0.242*[#  18]+0.238*[#   6]+0.238*[#  22]
    |psi|^2 = 0.961

 k =   0.1666666667  0.3849001797  0.0000000000
==== e(   1) =   -18.11067 eV ==== 
     psi = 0.518*[#  13]+0.152*[#  11]+0.152*[#  12]+0.105*[#   9]+0.024*[#  15]
          +0.024*[#  16]+0.002*[#   1]+0.002*[#   5]+0.002*[#  17]+0.002*[#  21]
          
    |psi|^2 = 0.988
==== e(   2) =   -17.49783 eV ==== 
     psi = 0.145*[#   5]+0.145*[#  21]+0.145*[#   1]+0.145*[#  17]+0.050*[#   3]
          +0.050*[#   4]+0.050*[#   7]+0.050*[#   8]+0.050*[#  19]+0.050*[#  20]
          +0.050*[#  23]+0.050*[#  24]
    |psi|^2 = 0.983
==== e(   3) =   -17.48669 eV ==== 
     psi = 0.143*[#   5]+0.143*[#  21]+0.143*[#   1]+0.143*[#  17]+0.050*[#   3]
          +0.050*[#   4]+0.050*[#   7]+0.050*[#   8]+0.050*[#  19]+0.050*[#  20]
          +0.050*[#  23]+0.050*[#  24]+0.009*[#  13]+0.002*[#   9]+0.002*[#  11]
          +0.002*[#  12]
    |psi|^2 = 0.984
==== e(   4) =   -10.59442 eV ==== 
     psi = 0.091*[#   7]+0.091*[#   8]+0.091*[#  23]+0.091*[#  24]+0.090*[#   3]
          +0.090*[#   4]+0.090*[#  19]+0.090*[#  20]+0.067*[#   5]+0.067*[#  21]
          +0.067*[#   1]+0.067*[#  17]
    |psi|^2 = 0.993
==== e(   5) =   -10.59311 eV ==== 
     psi = 0.091*[#   7]+0.091*[#   8]+0.091*[#  23]+0.091*[#  24]+0.091*[#   3]
          +0.091*[#   4]+0.091*[#  19]+0.091*[#  20]+0.067*[#   1]+0.067*[#   5]
          +0.067*[#  17]+0.067*[#  21]
    |psi|^2 = 0.993
==== e(   6) =    -9.52316 eV ==== 
     psi = 0.320*[#  15]+0.320*[#  16]+0.105*[#   9]+0.090*[#  11]+0.090*[#  12]
          +0.068*[#  13]
    |psi|^2 = 0.995
==== e(   7) =    -8.55044 eV ==== 
     psi = 0.115*[#   7]+0.115*[#   8]+0.115*[#  23]+0.115*[#  24]+0.115*[#   3]
          +0.115*[#   4]+0.115*[#  19]+0.115*[#  20]+0.017*[#   1]+0.017*[#   5]
          +0.017*[#  17]+0.017*[#  21]
    |psi|^2 = 0.990
==== e(   8) =    -8.54998 eV ==== 
     psi = 0.115*[#   7]+0.115*[#   8]+0.115*[#  23]+0.115*[#  24]+0.115*[#   3]
          +0.115*[#   4]+0.115*[#  19]+0.115*[#  20]+0.017*[#   1]+0.017*[#   5]
          +0.017*[#  17]+0.017*[#  21]
    |psi|^2 = 0.990
==== e(   9) =    -7.42137 eV ==== 
     psi = 0.328*[#  15]+0.328*[#  16]+0.120*[#  11]+0.120*[#  12]+0.092*[#   9]
          +0.003*[#  13]
    |psi|^2 = 0.993
==== e(  10) =    -5.56605 eV ==== 
     psi = 0.234*[#  14]+0.160*[#   6]+0.160*[#  22]+0.157*[#   2]+0.157*[#  18]
          +0.125*[#  10]
    |psi|^2 = 0.995
==== e(  11) =    -5.15493 eV ==== 
     psi = 0.248*[#   6]+0.248*[#  22]+0.248*[#   2]+0.248*[#  18]
    |psi|^2 = 0.995
==== e(  12) =    -4.34958 eV ==== 
     psi = 0.471*[#  14]+0.167*[#  10]+0.092*[#   2]+0.092*[#  18]+0.087*[#   6]
          +0.087*[#  22]
    |psi|^2 = 0.996
==== e(  13) =     3.11201 eV ==== 
     psi = 0.227*[#   6]+0.227*[#  22]+0.213*[#   2]+0.213*[#  18]+0.065*[#  10]
          +0.023*[#  14]
    |psi|^2 = 0.966
==== e(  14) =     3.22117 eV ==== 
     psi = 0.242*[#   2]+0.242*[#  18]+0.242*[#   6]+0.242*[#  22]
    |psi|^2 = 0.968
==== e(  15) =     4.51563 eV ==== 
     psi = 0.614*[#  10]+0.253*[#  14]+0.030*[#   2]+0.030*[#  18]+0.016*[#   6]
          +0.016*[#  22]
    |psi|^2 = 0.960
==== e(  16) =     6.40873 eV ==== 
     psi = 0.026*[#   9]+0.017*[#  13]+0.012*[#  11]+0.012*[#  12]+0.002*[#  15]
          +0.002*[#  16]+0.001*[#   3]+0.001*[#   4]+0.001*[#   7]+0.001*[#   8]
          +0.001*[#  19]+0.001*[#  20]+0.001*[#  23]+0.001*[#  24]
    |psi|^2 = 0.082

 k =   0.1666666667  0.4811252246  0.0000000000
==== e(   1) =   -17.34907 eV ==== 
     psi = 0.565*[#  13]+0.173*[#  11]+0.173*[#  12]+0.052*[#   9]+0.013*[#  15]
          +0.013*[#  16]
    |psi|^2 = 0.990
==== e(   2) =   -16.13899 eV ==== 
     psi = 0.133*[#   5]+0.133*[#  21]+0.132*[#   1]+0.132*[#  17]+0.057*[#   3]
          +0.057*[#   4]+0.057*[#   7]+0.057*[#   8]+0.057*[#  19]+0.057*[#  20]
          +0.057*[#  23]+0.057*[#  24]
    |psi|^2 = 0.986
==== e(   3) =   -16.13471 eV ==== 
     psi = 0.132*[#   5]+0.132*[#  21]+0.132*[#   1]+0.132*[#  17]+0.057*[#   3]
          +0.057*[#   4]+0.057*[#   7]+0.057*[#   8]+0.057*[#  19]+0.057*[#  20]
          +0.057*[#  23]+0.057*[#  24]+0.002*[#  13]
    |psi|^2 = 0.987
==== e(   4) =   -12.48015 eV ==== 
     psi = 0.085*[#   7]+0.085*[#   8]+0.085*[#  23]+0.085*[#  24]+0.085*[#   3]
          +0.085*[#   4]+0.085*[#  19]+0.085*[#  20]+0.077*[#   5]+0.077*[#  21]
          +0.077*[#   1]+0.077*[#  17]
    |psi|^2 = 0.989
==== e(   5) =   -12.47927 eV ==== 
     psi = 0.085*[#   7]+0.085*[#   8]+0.085*[#  23]+0.085*[#  24]+0.085*[#   3]
          +0.085*[#   4]+0.085*[#  19]+0.085*[#  20]+0.077*[#   1]+0.077*[#   5]
          +0.077*[#  17]+0.077*[#  21]
    |psi|^2 = 0.989
==== e(   6) =   -10.75127 eV ==== 
     psi = 0.324*[#  15]+0.324*[#  16]+0.148*[#   9]+0.080*[#  11]+0.080*[#  12]
          +0.034*[#  13]
    |psi|^2 = 0.992
==== e(   7) =    -9.12270 eV ==== 
     psi = 0.114*[#   7]+0.114*[#   8]+0.114*[#  23]+0.114*[#  24]+0.114*[#   3]
          +0.114*[#   4]+0.114*[#  19]+0.114*[#  20]+0.019*[#   1]+0.019*[#   5]
          +0.019*[#  17]+0.019*[#  21]
    |psi|^2 = 0.991
==== e(   8) =    -9.12202 eV ==== 
     psi = 0.114*[#   7]+0.114*[#   8]+0.114*[#  23]+0.114*[#  24]+0.114*[#   3]
          +0.114*[#   4]+0.114*[#  19]+0.114*[#  20]+0.019*[#   1]+0.019*[#   5]
          +0.019*[#  17]+0.019*[#  21]
    |psi|^2 = 0.991
==== e(   9) =    -7.94953 eV ==== 
     psi = 0.323*[#  15]+0.323*[#  16]+0.124*[#  11]+0.124*[#  12]+0.092*[#   9]
          +0.007*[#  13]
    |psi|^2 = 0.994
==== e(  10) =    -4.21458 eV ==== 
     psi = 0.366*[#  14]+0.135*[#   6]+0.135*[#  22]+0.126*[#   2]+0.126*[#  18]
          +0.108*[#  10]
    |psi|^2 = 0.996
==== e(  11) =    -3.75384 eV ==== 
     psi = 0.249*[#   6]+0.249*[#  22]+0.248*[#   2]+0.248*[#  18]
    |psi|^2 = 0.996
==== e(  12) =    -3.21464 eV ==== 
     psi = 0.451*[#  14]+0.125*[#   2]+0.125*[#  18]+0.111*[#   6]+0.111*[#  22]
          +0.072*[#  10]
    |psi|^2 = 0.995
==== e(  13) =     1.23218 eV ==== 
     psi = 0.233*[#   6]+0.233*[#  22]+0.214*[#   2]+0.214*[#  18]+0.064*[#  10]
          +0.008*[#  14]
    |psi|^2 = 0.966
==== e(  14) =     1.34271 eV ==== 
     psi = 0.242*[#   2]+0.242*[#  18]+0.241*[#   6]+0.241*[#  22]
    |psi|^2 = 0.968
==== e(  15) =     3.14099 eV ==== 
     psi = 0.730*[#  10]+0.158*[#  14]+0.027*[#   2]+0.027*[#  18]+0.012*[#   6]
          +0.012*[#  22]
    |psi|^2 = 0.966
==== e(  16) =     8.20110 eV ==== 
     psi = 0.089*[#   9]+0.033*[#  13]+0.020*[#  11]+0.020*[#  12]+0.010*[#   1]
          +0.010*[#  17]+0.010*[#  15]+0.010*[#  16]+0.007*[#   5]+0.007*[#  21]
          +0.001*[#   7]+0.001*[#   8]+0.001*[#  23]+0.001*[#  24]+0.001*[#   3]
          +0.001*[#   4]+0.001*[#  19]+0.001*[#  20]
    |psi|^2 = 0.226

 k =   0.1666666667  0.5773502696  0.0000000000
==== e(   1) =   -16.99617 eV ==== 
     psi = 0.597*[#  13]+0.183*[#  11]+0.183*[#  12]+0.024*[#   9]+0.002*[#  15]
          +0.002*[#  16]
    |psi|^2 = 0.992
==== e(   2) =   -14.93712 eV ==== 
     psi = 0.147*[#   5]+0.147*[#  21]+0.146*[#   1]+0.146*[#  17]+0.051*[#   3]
          +0.051*[#   4]+0.051*[#  19]+0.051*[#  20]+0.051*[#   7]+0.051*[#   8]
          +0.051*[#  23]+0.051*[#  24]
    |psi|^2 = 0.993
==== e(   3) =   -14.93531 eV ==== 
     psi = 0.147*[#   5]+0.147*[#  21]+0.147*[#   1]+0.147*[#  17]+0.051*[#   3]
          +0.051*[#   4]+0.051*[#   7]+0.051*[#   8]+0.051*[#  19]+0.051*[#  20]
          +0.051*[#  23]+0.051*[#  24]
    |psi|^2 = 0.993
==== e(   4) =   -13.87915 eV ==== 
     psi = 0.091*[#   7]+0.091*[#   8]+0.091*[#  23]+0.091*[#  24]+0.091*[#   3]
          +0.091*[#   4]+0.091*[#  19]+0.091*[#  20]+0.062*[#   1]+0.063*[#   5]
          +0.062*[#  17]+0.063*[#  21]
    |psi|^2 = 0.982
==== e(   5) =   -13.87896 eV ==== 
     psi = 0.092*[#   7]+0.092*[#   8]+0.092*[#  23]+0.092*[#  24]+0.091*[#   3]
          +0.091*[#   4]+0.091*[#  19]+0.091*[#  20]+0.063*[#   1]+0.063*[#  17]
          +0.062*[#   5]+0.062*[#  21]
    |psi|^2 = 0.982
==== e(   6) =   -11.27804 eV ==== 
     psi = 0.332*[#  15]+0.332*[#  16]+0.174*[#   9]+0.073*[#  11]+0.073*[#  12]
          +0.006*[#  13]
    |psi|^2 = 0.991
==== e(   7) =    -9.30637 eV ==== 
     psi = 0.114*[#   7]+0.114*[#   8]+0.114*[#  23]+0.114*[#  24]+0.114*[#   3]
          +0.114*[#   4]+0.114*[#  19]+0.114*[#  20]+0.020*[#   1]+0.020*[#   5]
          +0.020*[#  17]+0.020*[#  21]
    |psi|^2 = 0.991
==== e(   8) =    -9.30563 eV ==== 
     psi = 0.114*[#   7]+0.114*[#   8]+0.114*[#  23]+0.114*[#  24]+0.114*[#   3]
          +0.114*[#   4]+0.114*[#  19]+0.114*[#  20]+0.020*[#   1]+0.020*[#   5]
          +0.020*[#  17]+0.020*[#  21]
    |psi|^2 = 0.991
==== e(   9) =    -8.12332 eV ==== 
     psi = 0.322*[#  15]+0.322*[#  16]+0.126*[#  11]+0.126*[#  12]+0.091*[#   9]
          +0.008*[#  13]
    |psi|^2 = 0.994
==== e(  10) =    -3.45222 eV ==== 
     psi = 0.571*[#  14]+0.097*[#   6]+0.097*[#  22]+0.079*[#  10]+0.075*[#   2]
          +0.075*[#  18]
    |psi|^2 = 0.994
==== e(  11) =    -2.87779 eV ==== 
     psi = 0.250*[#   6]+0.250*[#  22]+0.248*[#   2]+0.248*[#  18]
    |psi|^2 = 0.997
==== e(  12) =    -2.57309 eV ==== 
     psi = 0.330*[#  14]+0.181*[#   2]+0.181*[#  18]+0.145*[#   6]+0.145*[#  22]
          +0.013*[#  10]
    |psi|^2 = 0.995
==== e(  13) =     0.19468 eV ==== 
     psi = 0.241*[#   6]+0.241*[#  22]+0.210*[#   2]+0.210*[#  18]+0.064*[#  10]
          
    |psi|^2 = 0.966
==== e(  14) =     0.29432 eV ==== 
     psi = 0.242*[#   2]+0.242*[#  18]+0.241*[#   6]+0.241*[#  22]
    |psi|^2 = 0.967
==== e(  15) =     2.47986 eV ==== 
     psi = 0.816*[#  10]+0.080*[#  14]+0.026*[#   2]+0.026*[#  18]+0.009*[#   6]
          +0.009*[#  22]
    |psi|^2 = 0.966
==== e(  16) =     8.56606 eV ==== 
     psi = 0.134*[#   1]+0.134*[#  17]+0.129*[#   5]+0.129*[#  21]+0.035*[#   7]
          +0.035*[#   8]+0.035*[#  23]+0.035*[#  24]+0.033*[#   3]+0.033*[#   4]
          +0.033*[#  19]+0.033*[#  20]+0.015*[#   9]+0.005*[#  13]+0.003*[#  11]
          +0.003*[#  12]+0.002*[#  15]+0.002*[#  16]
    |psi|^2 = 0.828

 k =   0.2500000000  0.4330127022  0.0000000000
==== e(   1) =   -17.38033 eV ==== 
     psi = 0.558*[#  13]+0.171*[#  11]+0.171*[#  12]+0.056*[#   9]+0.016*[#  15]
          +0.016*[#  16]
    |psi|^2 = 0.991
==== e(   2) =   -16.28382 eV ==== 
     psi = 0.132*[#   5]+0.132*[#  21]+0.131*[#   1]+0.131*[#  17]+0.057*[#   3]
          +0.057*[#   4]+0.057*[#   7]+0.057*[#   8]+0.057*[#  19]+0.057*[#  20]
          +0.057*[#  23]+0.057*[#  24]
    |psi|^2 = 0.986
==== e(   3) =   -16.27888 eV ==== 
     psi = 0.131*[#   5]+0.131*[#  21]+0.131*[#   1]+0.131*[#  17]+0.057*[#   3]
          +0.057*[#   4]+0.057*[#   7]+0.057*[#   8]+0.057*[#  19]+0.057*[#  20]
          +0.057*[#  23]+0.057*[#  24]+0.002*[#  13]
    |psi|^2 = 0.986
==== e(   4) =   -11.63104 eV ==== 
     psi = 0.085*[#   5]+0.085*[#  21]+0.085*[#   1]+0.085*[#  17]+0.082*[#   3]
          +0.082*[#   4]+0.082*[#   7]+0.082*[#   8]+0.082*[#  19]+0.082*[#  20]
          +0.082*[#  23]+0.082*[#  24]
    |psi|^2 = 0.994
==== e(   5) =   -11.63020 eV ==== 
     psi = 0.085*[#   1]+0.085*[#   5]+0.085*[#  17]+0.085*[#  21]+0.082*[#   7]
          +0.082*[#   8]+0.082*[#  23]+0.082*[#  24]+0.082*[#   3]+0.082*[#   4]
          +0.082*[#  19]+0.082*[#  20]
    |psi|^2 = 0.994
==== e(   6) =   -10.28666 eV ==== 
     psi = 0.311*[#  15]+0.311*[#  16]+0.112*[#  11]+0.112*[#  12]+0.091*[#   9]
          +0.048*[#  13]
    |psi|^2 = 0.993
==== e(   7) =   -10.00566 eV ==== 
     psi = 0.115*[#   7]+0.115*[#   8]+0.115*[#  23]+0.115*[#  24]+0.115*[#   3]
          +0.115*[#   4]+0.115*[#  19]+0.115*[#  20]+0.017*[#   1]+0.017*[#   5]
          +0.017*[#  17]+0.017*[#  21]
    |psi|^2 = 0.986
==== e(   8) =   -10.00424 eV ==== 
     psi = 0.114*[#   3]+0.114*[#   4]+0.114*[#   7]+0.114*[#   8]+0.114*[#  19]
          +0.114*[#  20]+0.114*[#  23]+0.114*[#  24]+0.017*[#   5]+0.017*[#  21]
          +0.016*[#   1]+0.016*[#  17]+0.002*[#  15]+0.002*[#  16]+0.002*[#   9]
          
    |psi|^2 = 0.987
==== e(   9) =    -8.52053 eV ==== 
     psi = 0.325*[#  15]+0.325*[#  16]+0.154*[#   9]+0.093*[#  11]+0.093*[#  12]
          
    |psi|^2 = 0.993
==== e(  10) =    -4.29454 eV ==== 
     psi = 0.349*[#  14]+0.138*[#   6]+0.138*[#  22]+0.130*[#   2]+0.130*[#  18]
          +0.111*[#  10]
    |psi|^2 = 0.996
==== e(  11) =    -3.83564 eV ==== 
     psi = 0.249*[#   6]+0.249*[#  22]+0.248*[#   2]+0.248*[#  18]
    |psi|^2 = 0.996
==== e(  12) =    -3.26659 eV ==== 
     psi = 0.456*[#  14]+0.121*[#   2]+0.121*[#  18]+0.109*[#   6]+0.109*[#  22]
          +0.081*[#  10]
    |psi|^2 = 0.995
==== e(  13) =     1.54511 eV ==== 
     psi = 0.239*[#   6]+0.239*[#  22]+0.222*[#   2]+0.222*[#  18]+0.052*[#  10]
          +0.007*[#  14]
    |psi|^2 = 0.980
==== e(  14) =     1.63270 eV ==== 
     psi = 0.245*[#   2]+0.245*[#  18]+0.245*[#   6]+0.245*[#  22]
    |psi|^2 = 0.980
==== e(  15) =     3.37864 eV ==== 
     psi = 0.739*[#  10]+0.176*[#  14]+0.023*[#   2]+0.023*[#  18]+0.009*[#   6]
          +0.009*[#  22]
    |psi|^2 = 0.978
==== e(  16) =     8.07961 eV ==== 
     psi = 0.045*[#   9]+0.014*[#  13]+0.011*[#  11]+0.011*[#  12]+0.006*[#  15]
          +0.006*[#  16]+0.001*[#   1]+0.001*[#  17]
    |psi|^2 = 0.102

 k =   0.2500000000  0.5292377471  0.0000000000
==== e(   1) =   -16.84578 eV ==== 
     psi = 0.599*[#  13]+0.184*[#  11]+0.184*[#  12]+0.015*[#   9]+0.004*[#  15]
          +0.004*[#  16]
    |psi|^2 = 0.993
==== e(   2) =   -14.88322 eV ==== 
     psi = 0.126*[#   5]+0.126*[#  21]+0.125*[#   1]+0.125*[#  17]+0.061*[#   3]
          +0.061*[#   4]+0.061*[#  19]+0.061*[#  20]+0.061*[#   7]+0.061*[#   8]
          +0.061*[#  23]+0.061*[#  24]
    |psi|^2 = 0.990
==== e(   3) =   -14.88138 eV ==== 
     psi = 0.125*[#   5]+0.125*[#  21]+0.125*[#   1]+0.125*[#  17]+0.061*[#   3]
          +0.061*[#   4]+0.061*[#   7]+0.061*[#   8]+0.061*[#  19]+0.061*[#  20]
          +0.061*[#  23]+0.061*[#  24]
    |psi|^2 = 0.990
==== e(   4) =   -13.02954 eV ==== 
     psi = 0.091*[#   1]+0.091*[#   5]+0.091*[#  17]+0.091*[#  21]+0.079*[#   7]
          +0.079*[#   8]+0.079*[#  23]+0.079*[#  24]+0.078*[#   3]+0.078*[#   4]
          +0.078*[#  19]+0.078*[#  20]
    |psi|^2 = 0.991
==== e(   5) =   -13.02934 eV ==== 
     psi = 0.091*[#   1]+0.091*[#  17]+0.090*[#   5]+0.090*[#  21]+0.079*[#   7]
          +0.079*[#   8]+0.079*[#  23]+0.079*[#  24]+0.078*[#   3]+0.078*[#   4]
          +0.078*[#  19]+0.078*[#  20]
    |psi|^2 = 0.991
==== e(   6) =   -10.83935 eV ==== 
     psi = 0.304*[#  15]+0.304*[#  16]+0.120*[#  11]+0.120*[#  12]+0.096*[#   9]
          +0.011*[#  13]+0.004*[#   7]+0.004*[#   8]+0.004*[#  23]+0.004*[#  24]
          +0.004*[#   3]+0.004*[#   4]+0.004*[#  19]+0.004*[#  20]+0.001*[#   1]
          +0.001*[#  17]
    |psi|^2 = 0.989
==== e(   7) =   -10.70746 eV ==== 
     psi = 0.114*[#   7]+0.114*[#   8]+0.114*[#  23]+0.114*[#  24]+0.114*[#   3]
          +0.114*[#   4]+0.114*[#  19]+0.114*[#  20]+0.019*[#   1]+0.019*[#   5]
          +0.019*[#  17]+0.019*[#  21]
    |psi|^2 = 0.986
==== e(   8) =   -10.70361 eV ==== 
     psi = 0.110*[#   3]+0.110*[#   4]+0.110*[#   7]+0.110*[#   8]+0.110*[#  19]
          +0.110*[#  20]+0.110*[#  23]+0.110*[#  24]+0.018*[#   5]+0.018*[#  21]
          +0.018*[#   1]+0.018*[#  17]+0.011*[#  15]+0.011*[#  16]+0.005*[#   9]
          +0.004*[#  11]+0.004*[#  12]
    |psi|^2 = 0.987
==== e(   9) =    -9.13010 eV ==== 
     psi = 0.328*[#  15]+0.328*[#  16]+0.183*[#   9]+0.076*[#  11]+0.076*[#  12]
          +0.003*[#  13]
    |psi|^2 = 0.994
==== e(  10) =    -3.16385 eV ==== 
     psi = 0.670*[#  14]+0.076*[#   6]+0.076*[#  22]+0.065*[#  10]+0.053*[#   2]
          +0.053*[#  18]
    |psi|^2 = 0.993
==== e(  11) =    -2.47399 eV ==== 
     psi = 0.249*[#   6]+0.249*[#  22]+0.248*[#   2]+0.248*[#  18]
    |psi|^2 = 0.996
==== e(  12) =    -2.23868 eV ==== 
     psi = 0.257*[#  14]+0.205*[#   2]+0.205*[#  18]+0.162*[#   6]+0.162*[#  22]
          +0.003*[#  10]
    |psi|^2 = 0.994
==== e(  13) =     0.08096 eV ==== 
     psi = 0.253*[#   6]+0.253*[#  22]+0.218*[#   2]+0.218*[#  18]+0.043*[#  10]
          
    |psi|^2 = 0.985
==== e(  14) =     0.13810 eV ==== 
     psi = 0.246*[#   2]+0.246*[#  18]+0.245*[#   6]+0.245*[#  22]
    |psi|^2 = 0.984
==== e(  15) =     2.51124 eV ==== 
     psi = 0.876*[#  10]+0.061*[#  14]+0.020*[#   2]+0.020*[#  18]+0.004*[#   6]
          +0.004*[#  22]
    |psi|^2 = 0.984
==== e(  16) =     8.95635 eV ==== 
     psi = 0.003*[#  10]
    |psi|^2 = 0.012

 k =   0.3333333333  0.5773502696  0.0000000000
==== e(   1) =   -16.64134 eV ==== 
     psi = 0.616*[#  13]+0.189*[#  11]+0.189*[#  12]
    |psi|^2 = 0.994
==== e(   2) =   -13.68697 eV ==== 
     psi = 0.236*[#   5]+0.236*[#  21]+0.130*[#   3]+0.130*[#   4]+0.130*[#  19]
          +0.130*[#  20]
    |psi|^2 = 0.993
==== e(   3) =   -13.68496 eV ==== 
     psi = 0.236*[#   5]+0.236*[#  21]+0.130*[#   3]+0.130*[#   4]+0.130*[#  19]
          +0.130*[#  20]
    |psi|^2 = 0.993
==== e(   4) =   -13.68328 eV ==== 
     psi = 0.236*[#   1]+0.236*[#  17]+0.130*[#   7]+0.130*[#   8]+0.130*[#  23]
          +0.130*[#  24]
    |psi|^2 = 0.993
==== e(   5) =   -13.68262 eV ==== 
     psi = 0.236*[#   1]+0.236*[#  17]+0.130*[#   7]+0.130*[#   8]+0.130*[#  23]
          +0.130*[#  24]
    |psi|^2 = 0.994
==== e(   6) =   -11.57188 eV ==== 
     psi = 0.122*[#   7]+0.122*[#   8]+0.122*[#  23]+0.122*[#  24]+0.122*[#   3]
          +0.122*[#   4]+0.122*[#  19]+0.122*[#  20]
    |psi|^2 = 0.979
==== e(   7) =   -11.56954 eV ==== 
     psi = 0.123*[#   7]+0.123*[#   8]+0.123*[#  23]+0.123*[#  24]+0.122*[#   3]
          +0.122*[#   4]+0.122*[#  19]+0.122*[#  20]
    |psi|^2 = 0.980
==== e(   8) =   -10.65973 eV ==== 
     psi = 0.294*[#  15]+0.294*[#  16]+0.197*[#  11]+0.197*[#  12]
    |psi|^2 = 0.985
==== e(   9) =    -9.78599 eV ==== 
     psi = 0.347*[#  15]+0.347*[#  16]+0.302*[#   9]
    |psi|^2 = 0.997
==== e(  10) =    -2.68787 eV ==== 
     psi = 0.925*[#  14]+0.033*[#   6]+0.033*[#  22]
    |psi|^2 = 0.991
==== e(  11) =    -1.21320 eV ==== 
     psi = 0.480*[#   2]+0.480*[#  18]+0.033*[#  10]
    |psi|^2 = 0.993
==== e(  12) =    -1.14336 eV ==== 
     psi = 0.496*[#   6]+0.496*[#  22]
    |psi|^2 = 0.993
==== e(  13) =    -1.13678 eV ==== 
     psi = 0.496*[#   2]+0.496*[#  18]
    |psi|^2 = 0.993
==== e(  14) =    -1.01802 eV ==== 
     psi = 0.464*[#   6]+0.464*[#  22]+0.066*[#  14]
    |psi|^2 = 0.993
==== e(  15) =     2.26385 eV ==== 
     psi = 0.959*[#  10]+0.017*[#   2]+0.017*[#  18]
    |psi|^2 = 0.993
==== e(  16) =     8.43094 eV ==== 

    |psi|^2 = 0.001

Lowdin Charges: 

     Atom #   1: total charge =   3.9625, s =  0.9074, 
     Atom #   1: total charge =   3.9625, p =  3.0551, pz=  0.9953, px=  1.0299, py=  1.0299, 
     Atom #   2: total charge =   3.9526, s =  0.9084, 
     Atom #   2: total charge =   3.9526, p =  3.0442, pz=  0.9816, px=  1.0313, py=  1.0313, 
     Atom #   3: total charge =   2.5468, s =  0.6187, 
     Atom #   3: total charge =   2.5468, p =  1.9280, pz=  0.5337, px=  0.6972, py=  0.6972, 
     Atom #   4: total charge =   5.4002, s =  1.1864, 
     Atom #   4: total charge =   5.4002, p =  4.2138, pz=  1.4543, px=  1.3797, py=  1.3797, 
     Atom #   5: total charge =   3.9625, s =  0.9074, 
     Atom #   5: total charge =   3.9625, p =  3.0551, pz=  0.9953, px=  1.0299, py=  1.0299, 
     Atom #   6: total charge =   3.9526, s =  0.9084, 
     Atom #   6: total charge =   3.9526, p =  3.0442, pz=  0.9816, px=  1.0313, py=  1.0313, 
     Spilling Parameter:   0.0093

     PROJWFC      :      1.19s CPU      1.26s WALL


   This run was terminated on:   2:34:51  25Jun2026            

=------------------------------------------------------------------------------=
   JOB DONE.
=------------------------------------------------------------------------------=
