
     Program PROJWFC v.7.2 starts on 25Jun2026 at  2:33:27 

     This program is part of the open-source Quantum ESPRESSO suite
     for quantum simulation of materials; please cite
         "P. Giannozzi et al., J. Phys.:Condens. Matter 21 395502 (2009);
         "P. Giannozzi et al., J. Phys.:Condens. Matter 29 465901 (2017);
         "P. Giannozzi et al., J. Chem. Phys. 152 154105 (2020);
          URL http://www.quantum-espresso.org", 
     in publications or presentations arising from this work. More details at
     http://www.quantum-espresso.org/quote

     Serial version
     2766 MiB available memory on the printing compute node when the environment starts


     Reading xml data from directory:

     ./tmp/ghbn_n0.save/
     file C.pbe-n-kjpaw_psl.0.1.UPF: wavefunction(s)  2P renormalized

     IMPORTANT: XC functional enforced from input :
     Exchange-correlation= PBE
                           (   1   4   3   4   0   0   0)
     Any further DFT definition will be discarded
     Please, verify this is what you really want


     G-vector sticks info
     --------------------
     sticks:   dense  smooth     PW     G-vecs:    dense   smooth      PW
     Sum         595     301     91               152063    53895    9505

     Using Slab Decomposition


     negative rho (up, down):  5.428E-05 0.000E+00

     Gaussian broadening (read from input): ngauss,degauss=   0    0.020000


     Calling projwave .... 

  Problem Sizes 
  natomwfc =           16
  nbnd     =           12
  nkstot   =           19
  npwx     =         6759
  nkb      =           32


     Atomic states used for projection
     (read from pseudopotential files):

     state #   1: atom   1 (C  ), wfc  1 (l=0 m= 1)
     state #   2: atom   1 (C  ), wfc  2 (l=1 m= 1)
     state #   3: atom   1 (C  ), wfc  2 (l=1 m= 2)
     state #   4: atom   1 (C  ), wfc  2 (l=1 m= 3)
     state #   5: atom   2 (C  ), wfc  1 (l=0 m= 1)
     state #   6: atom   2 (C  ), wfc  2 (l=1 m= 1)
     state #   7: atom   2 (C  ), wfc  2 (l=1 m= 2)
     state #   8: atom   2 (C  ), wfc  2 (l=1 m= 3)
     state #   9: atom   3 (C  ), wfc  1 (l=0 m= 1)
     state #  10: atom   3 (C  ), wfc  2 (l=1 m= 1)
     state #  11: atom   3 (C  ), wfc  2 (l=1 m= 2)
     state #  12: atom   3 (C  ), wfc  2 (l=1 m= 3)
     state #  13: atom   4 (C  ), wfc  1 (l=0 m= 1)
     state #  14: atom   4 (C  ), wfc  2 (l=1 m= 1)
     state #  15: atom   4 (C  ), wfc  2 (l=1 m= 2)
     state #  16: atom   4 (C  ), wfc  2 (l=1 m= 3)

 k =   0.0000000000  0.0000000000  0.0000000000
==== e(   1) =   -21.39139 eV ==== 
     psi = 0.245*[#   1]+0.245*[#   5]+0.245*[#   9]+0.245*[#  13]
    |psi|^2 = 0.982
==== e(   2) =   -21.23647 eV ==== 
     psi = 0.247*[#   1]+0.247*[#   5]+0.247*[#   9]+0.247*[#  13]
    |psi|^2 = 0.988
==== e(   3) =    -9.91585 eV ==== 
     psi = 0.237*[#   2]+0.237*[#   6]+0.237*[#  10]+0.237*[#  14]
    |psi|^2 = 0.952
==== e(   4) =    -8.92032 eV ==== 
     psi = 0.240*[#   2]+0.240*[#   6]+0.240*[#  10]+0.240*[#  14]
    |psi|^2 = 0.965
==== e(   5) =    -4.99058 eV ==== 
     psi = 0.125*[#   3]+0.125*[#   4]+0.125*[#   7]+0.125*[#   8]+0.125*[#  11]
          +0.125*[#  12]+0.125*[#  15]+0.125*[#  16]
    |psi|^2 = 0.997
==== e(   6) =    -4.99057 eV ==== 
     psi = 0.125*[#   3]+0.125*[#   4]+0.125*[#   7]+0.125*[#   8]+0.125*[#  11]
          +0.125*[#  12]+0.125*[#  15]+0.125*[#  16]
    |psi|^2 = 0.997
==== e(   7) =    -4.97113 eV ==== 
     psi = 0.125*[#   3]+0.125*[#   4]+0.125*[#   7]+0.125*[#   8]+0.125*[#  11]
          +0.125*[#  12]+0.125*[#  15]+0.125*[#  16]
    |psi|^2 = 0.997
==== e(   8) =    -4.97113 eV ==== 
     psi = 0.125*[#   3]+0.125*[#   4]+0.125*[#   7]+0.125*[#   8]+0.125*[#  11]
          +0.125*[#  12]+0.125*[#  15]+0.125*[#  16]
    |psi|^2 = 0.997
==== e(   9) =     1.51683 eV ==== 
     psi = 0.002*[#   1]+0.002*[#   5]+0.002*[#   9]+0.002*[#  13]+0.001*[#   2]
          +0.001*[#   6]+0.001*[#  10]+0.001*[#  14]
    |psi|^2 = 0.013
==== e(  10) =     1.81180 eV ==== 
     psi = 0.004*[#   2]+0.004*[#   6]+0.004*[#  10]+0.004*[#  14]
    |psi|^2 = 0.016
==== e(  11) =     2.09207 eV ==== 

    |psi|^2 = 0.001
==== e(  12) =     2.42580 eV ==== 
     psi = 0.001*[#   2]+0.001*[#   6]+0.001*[#  10]+0.001*[#  14]
    |psi|^2 = 0.005

 k =   0.0000000000  0.0962250449  0.0000000000
==== e(   1) =   -21.22833 eV ==== 
     psi = 0.231*[#   1]+0.231*[#   5]+0.231*[#   9]+0.231*[#  13]+0.007*[#   3]
          +0.007*[#   4]+0.007*[#   7]+0.007*[#   8]+0.007*[#  11]+0.007*[#  12]
          +0.007*[#  15]+0.007*[#  16]
    |psi|^2 = 0.981
==== e(   2) =   -21.07488 eV ==== 
     psi = 0.233*[#   1]+0.233*[#   5]+0.233*[#   9]+0.233*[#  13]+0.007*[#   3]
          +0.007*[#   4]+0.007*[#   7]+0.007*[#   8]+0.007*[#  11]+0.007*[#  12]
          +0.007*[#  15]+0.007*[#  16]
    |psi|^2 = 0.988
==== e(   3) =    -9.72029 eV ==== 
     psi = 0.238*[#   2]+0.238*[#   6]+0.238*[#  10]+0.238*[#  14]
    |psi|^2 = 0.956
==== e(   4) =    -8.73031 eV ==== 
     psi = 0.242*[#   2]+0.242*[#   6]+0.242*[#  10]+0.242*[#  14]
    |psi|^2 = 0.969
==== e(   5) =    -5.64024 eV ==== 
     psi = 0.120*[#   3]+0.120*[#   4]+0.120*[#   7]+0.120*[#   8]+0.120*[#  11]
          +0.120*[#  12]+0.120*[#  15]+0.120*[#  16]+0.009*[#   1]+0.009*[#   5]
          +0.009*[#   9]+0.009*[#  13]
    |psi|^2 = 0.997
==== e(   6) =    -5.61473 eV ==== 
     psi = 0.120*[#   3]+0.120*[#   4]+0.120*[#   7]+0.120*[#   8]+0.120*[#  11]
          +0.120*[#  12]+0.120*[#  15]+0.120*[#  16]+0.008*[#   1]+0.008*[#   5]
          +0.008*[#   9]+0.008*[#  13]
    |psi|^2 = 0.997
==== e(   7) =    -5.32339 eV ==== 
     psi = 0.125*[#   3]+0.125*[#   4]+0.125*[#   7]+0.125*[#   8]+0.125*[#  11]
          +0.125*[#  12]+0.125*[#  15]+0.125*[#  16]
    |psi|^2 = 0.997
==== e(   8) =    -5.30246 eV ==== 
     psi = 0.125*[#   3]+0.125*[#   4]+0.125*[#   7]+0.125*[#   8]+0.125*[#  11]
          +0.125*[#  12]+0.125*[#  15]+0.125*[#  16]
    |psi|^2 = 0.997
==== e(   9) =     1.73603 eV ==== 
     psi = 0.002*[#   3]+0.002*[#   4]+0.002*[#   7]+0.002*[#   8]+0.002*[#  11]
          +0.002*[#  12]+0.002*[#  15]+0.002*[#  16]+0.001*[#   2]+0.001*[#   6]
          +0.001*[#  10]+0.001*[#  14]
    |psi|^2 = 0.023
==== e(  10) =     2.03423 eV ==== 
     psi = 0.003*[#   2]+0.003*[#   6]+0.003*[#  10]+0.003*[#  14]
    |psi|^2 = 0.018
==== e(  11) =     2.31795 eV ==== 

    |psi|^2 = 0.001
==== e(  12) =     2.65169 eV ==== 
     psi = 0.001*[#   2]+0.001*[#   6]+0.001*[#  10]+0.001*[#  14]
    |psi|^2 = 0.005

 k =   0.0000000000  0.1924500899  0.0000000000
==== e(   1) =   -20.74095 eV ==== 
     psi = 0.201*[#   1]+0.201*[#   5]+0.201*[#   9]+0.201*[#  13]+0.022*[#   3]
          +0.022*[#   4]+0.022*[#   7]+0.022*[#   8]+0.022*[#  11]+0.022*[#  12]
          +0.022*[#  15]+0.022*[#  16]
    |psi|^2 = 0.980
==== e(   2) =   -20.59186 eV ==== 
     psi = 0.205*[#   1]+0.205*[#   5]+0.205*[#   9]+0.205*[#  13]+0.021*[#   3]
          +0.021*[#   4]+0.021*[#   7]+0.021*[#   8]+0.021*[#  11]+0.021*[#  12]
          +0.021*[#  15]+0.021*[#  16]
    |psi|^2 = 0.987
==== e(   3) =    -9.13848 eV ==== 
     psi = 0.241*[#   2]+0.241*[#   6]+0.241*[#  10]+0.241*[#  14]
    |psi|^2 = 0.966
==== e(   4) =    -8.16590 eV ==== 
     psi = 0.244*[#   2]+0.244*[#   6]+0.244*[#  10]+0.244*[#  14]
    |psi|^2 = 0.978
==== e(   5) =    -7.27273 eV ==== 
     psi = 0.110*[#   3]+0.110*[#   4]+0.110*[#   7]+0.110*[#   8]+0.110*[#  11]
          +0.110*[#  12]+0.110*[#  15]+0.110*[#  16]+0.028*[#   1]+0.028*[#   5]
          +0.028*[#   9]+0.028*[#  13]
    |psi|^2 = 0.994
==== e(   6) =    -7.23301 eV ==== 
     psi = 0.111*[#   3]+0.111*[#   4]+0.111*[#   7]+0.111*[#   8]+0.111*[#  11]
          +0.111*[#  12]+0.111*[#  15]+0.111*[#  16]+0.027*[#   1]+0.027*[#   5]
          +0.027*[#   9]+0.027*[#  13]
    |psi|^2 = 0.996
==== e(   7) =    -6.10308 eV ==== 
     psi = 0.125*[#   3]+0.125*[#   4]+0.125*[#   7]+0.125*[#   8]+0.125*[#  11]
          +0.125*[#  12]+0.125*[#  15]+0.125*[#  16]
    |psi|^2 = 0.997
==== e(   8) =    -6.07922 eV ==== 
     psi = 0.125*[#   3]+0.125*[#   4]+0.125*[#   7]+0.125*[#   8]+0.125*[#  11]
          +0.125*[#  12]+0.125*[#  15]+0.125*[#  16]
    |psi|^2 = 0.997
==== e(   9) =     2.39305 eV ==== 
     psi = 0.004*[#   3]+0.004*[#   4]+0.004*[#   7]+0.004*[#   8]+0.004*[#  11]
          +0.004*[#  12]+0.004*[#  15]+0.004*[#  16]+0.001*[#   2]+0.001*[#   6]
          +0.001*[#  10]+0.001*[#  14]
    |psi|^2 = 0.036
==== e(  10) =     2.70067 eV ==== 
     psi = 0.002*[#   2]+0.002*[#   6]+0.002*[#  10]+0.002*[#  14]+0.001*[#   3]
          +0.001*[#   4]+0.001*[#   7]+0.001*[#   8]+0.001*[#  11]+0.001*[#  12]
          +0.001*[#  15]+0.001*[#  16]
    |psi|^2 = 0.018
==== e(  11) =     2.99558 eV ==== 

    |psi|^2 = 0.002
==== e(  12) =     3.32474 eV ==== 

    |psi|^2 = 0.005

 k =   0.0000000000  0.2886751348  0.0000000000
==== e(   1) =   -19.93521 eV ==== 
     psi = 0.172*[#   1]+0.172*[#   5]+0.172*[#   9]+0.172*[#  13]+0.036*[#   3]
          +0.036*[#   4]+0.036*[#   7]+0.036*[#   8]+0.036*[#  11]+0.036*[#  12]
          +0.036*[#  15]+0.036*[#  16]
    |psi|^2 = 0.979
==== e(   2) =   -19.79315 eV ==== 
     psi = 0.176*[#   1]+0.176*[#   5]+0.176*[#   9]+0.176*[#  13]+0.035*[#   3]
          +0.035*[#   4]+0.035*[#   7]+0.035*[#   8]+0.035*[#  11]+0.035*[#  12]
          +0.035*[#  15]+0.035*[#  16]
    |psi|^2 = 0.986
==== e(   3) =    -9.36124 eV ==== 
     psi = 0.100*[#   3]+0.100*[#   4]+0.100*[#   7]+0.100*[#   8]+0.100*[#  11]
          +0.100*[#  12]+0.100*[#  15]+0.100*[#  16]+0.048*[#   1]+0.048*[#   5]
          +0.048*[#   9]+0.048*[#  13]
    |psi|^2 = 0.991
==== e(   4) =    -9.30494 eV ==== 
     psi = 0.101*[#   3]+0.101*[#   4]+0.101*[#   7]+0.101*[#   8]+0.101*[#  11]
          +0.101*[#  12]+0.101*[#  15]+0.101*[#  16]+0.047*[#   1]+0.047*[#   5]
          +0.047*[#   9]+0.047*[#  13]
    |psi|^2 = 0.994
==== e(   5) =    -8.18831 eV ==== 
     psi = 0.245*[#   2]+0.245*[#   6]+0.245*[#  10]+0.245*[#  14]
    |psi|^2 = 0.980
==== e(   6) =    -7.24722 eV ==== 
     psi = 0.247*[#   2]+0.247*[#   6]+0.247*[#  10]+0.247*[#  14]
    |psi|^2 = 0.988
==== e(   7) =    -6.96928 eV ==== 
     psi = 0.125*[#   3]+0.125*[#   4]+0.125*[#   7]+0.125*[#   8]+0.125*[#  11]
          +0.125*[#  12]+0.125*[#  15]+0.125*[#  16]
    |psi|^2 = 0.997
==== e(   8) =    -6.94295 eV ==== 
     psi = 0.125*[#   3]+0.125*[#   4]+0.125*[#   7]+0.125*[#   8]+0.125*[#  11]
          +0.125*[#  12]+0.125*[#  15]+0.125*[#  16]
    |psi|^2 = 0.997
==== e(   9) =     3.48347 eV ==== 
     psi = 0.003*[#   3]+0.003*[#   4]+0.003*[#   7]+0.003*[#   8]+0.003*[#  11]
          +0.003*[#  12]+0.003*[#  15]+0.003*[#  16]
    |psi|^2 = 0.031
==== e(  10) =     3.80264 eV ==== 
     psi = 0.002*[#   2]+0.002*[#   6]+0.002*[#  10]+0.002*[#  14]+0.001*[#   3]
          +0.001*[#   4]+0.001*[#   7]+0.001*[#   8]+0.001*[#  11]+0.001*[#  12]
          +0.001*[#  15]+0.001*[#  16]
    |psi|^2 = 0.017
==== e(  11) =     4.12550 eV ==== 

    |psi|^2 = 0.002
==== e(  12) =     4.44557 eV ==== 
     psi = 0.001*[#   2]+0.001*[#   6]+0.001*[#  10]+0.001*[#  14]
    |psi|^2 = 0.006

 k =   0.0000000000  0.3849001797  0.0000000000
==== e(   1) =   -18.82370 eV ==== 
     psi = 0.151*[#   1]+0.151*[#   5]+0.151*[#   9]+0.151*[#  13]+0.047*[#   3]
          +0.047*[#   4]+0.047*[#   7]+0.047*[#   8]+0.047*[#  11]+0.047*[#  12]
          +0.047*[#  15]+0.047*[#  16]
    |psi|^2 = 0.979
==== e(   2) =   -18.69102 eV ==== 
     psi = 0.154*[#   1]+0.154*[#   5]+0.154*[#   9]+0.154*[#  13]+0.046*[#   3]
          +0.046*[#   4]+0.046*[#   7]+0.046*[#   8]+0.046*[#  11]+0.046*[#  12]
          +0.046*[#  15]+0.046*[#  16]
    |psi|^2 = 0.986
==== e(   3) =   -11.55172 eV ==== 
     psi = 0.091*[#   3]+0.091*[#   4]+0.091*[#   7]+0.091*[#   8]+0.091*[#  11]
          +0.091*[#  12]+0.091*[#  15]+0.091*[#  16]+0.065*[#   1]+0.065*[#   5]
          +0.065*[#   9]+0.065*[#  13]
    |psi|^2 = 0.989
==== e(   4) =   -11.47889 eV ==== 
     psi = 0.092*[#   3]+0.092*[#   4]+0.092*[#   7]+0.092*[#   8]+0.092*[#  11]
          +0.092*[#  12]+0.092*[#  15]+0.092*[#  16]+0.064*[#   1]+0.064*[#   5]
          +0.064*[#   9]+0.064*[#  13]
    |psi|^2 = 0.991
==== e(   5) =    -7.69176 eV ==== 
     psi = 0.124*[#   3]+0.124*[#   4]+0.124*[#   7]+0.124*[#   8]+0.124*[#  11]
          +0.124*[#  12]+0.124*[#  15]+0.124*[#  16]
    |psi|^2 = 0.996
==== e(   6) =    -7.66379 eV ==== 
     psi = 0.125*[#   3]+0.125*[#   4]+0.125*[#   7]+0.125*[#   8]+0.125*[#  11]
          +0.125*[#  12]+0.125*[#  15]+0.125*[#  16]
    |psi|^2 = 0.996
==== e(   7) =    -6.91760 eV ==== 
     psi = 0.248*[#   2]+0.248*[#   6]+0.248*[#  10]+0.248*[#  14]
    |psi|^2 = 0.991
==== e(   8) =    -6.02695 eV ==== 
     psi = 0.249*[#   2]+0.249*[#   6]+0.249*[#  10]+0.249*[#  14]
    |psi|^2 = 0.995
==== e(   9) =     2.59415 eV ==== 
     psi = 0.233*[#   2]+0.233*[#   6]+0.233*[#  10]+0.233*[#  14]
    |psi|^2 = 0.933
==== e(  10) =     3.23623 eV ==== 
     psi = 0.235*[#   2]+0.235*[#   6]+0.235*[#  10]+0.235*[#  14]
    |psi|^2 = 0.942
==== e(  11) =     4.98352 eV ==== 
     psi = 0.004*[#   1]+0.004*[#   5]+0.004*[#   9]+0.004*[#  13]
    |psi|^2 = 0.021
==== e(  12) =     5.37102 eV ==== 
     psi = 0.003*[#   2]+0.003*[#   6]+0.003*[#  10]+0.003*[#  14]+0.001*[#   1]
          +0.001*[#   5]+0.001*[#   9]+0.001*[#  13]
    |psi|^2 = 0.020

 k =   0.0000000000  0.4811252246  0.0000000000
==== e(   1) =   -17.43979 eV ==== 
     psi = 0.138*[#   1]+0.138*[#   5]+0.138*[#   9]+0.138*[#  13]+0.054*[#   3]
          +0.054*[#   4]+0.054*[#   7]+0.054*[#   8]+0.054*[#  11]+0.054*[#  12]
          +0.054*[#  15]+0.054*[#  16]
    |psi|^2 = 0.983
==== e(   2) =   -17.31795 eV ==== 
     psi = 0.140*[#   1]+0.140*[#   5]+0.140*[#   9]+0.140*[#  13]+0.053*[#   3]
          +0.053*[#   4]+0.053*[#   7]+0.053*[#   8]+0.053*[#  11]+0.053*[#  12]
          +0.053*[#  15]+0.053*[#  16]
    |psi|^2 = 0.988
==== e(   3) =   -13.63602 eV ==== 
     psi = 0.085*[#   3]+0.085*[#   4]+0.085*[#   7]+0.085*[#   8]+0.085*[#  11]
          +0.085*[#  12]+0.085*[#  15]+0.085*[#  16]+0.075*[#   1]+0.075*[#   5]
          +0.075*[#   9]+0.075*[#  13]
    |psi|^2 = 0.985
==== e(   4) =   -13.54798 eV ==== 
     psi = 0.086*[#   3]+0.086*[#   4]+0.086*[#   7]+0.086*[#   8]+0.086*[#  11]
          +0.086*[#  12]+0.086*[#  15]+0.086*[#  16]+0.076*[#   1]+0.076*[#   5]
          +0.076*[#   9]+0.076*[#  13]
    |psi|^2 = 0.988
==== e(   5) =    -8.15774 eV ==== 
     psi = 0.124*[#   3]+0.124*[#   4]+0.124*[#   7]+0.124*[#   8]+0.124*[#  11]
          +0.124*[#  12]+0.124*[#  15]+0.124*[#  16]
    |psi|^2 = 0.995
==== e(   6) =    -8.12885 eV ==== 
     psi = 0.124*[#   3]+0.124*[#   4]+0.124*[#   7]+0.124*[#   8]+0.124*[#  11]
          +0.124*[#  12]+0.124*[#  15]+0.124*[#  16]
    |psi|^2 = 0.995
==== e(   7) =    -5.48257 eV ==== 
     psi = 0.249*[#   2]+0.249*[#   6]+0.249*[#  10]+0.249*[#  14]
    |psi|^2 = 0.996
==== e(   8) =    -4.67135 eV ==== 
     psi = 0.249*[#   2]+0.249*[#   6]+0.249*[#  10]+0.249*[#  14]
    |psi|^2 = 0.997
==== e(   9) =     0.42411 eV ==== 
     psi = 0.235*[#   2]+0.235*[#   6]+0.235*[#  10]+0.235*[#  14]
    |psi|^2 = 0.939
==== e(  10) =     1.21871 eV ==== 
     psi = 0.238*[#   2]+0.238*[#   6]+0.238*[#  10]+0.238*[#  14]
    |psi|^2 = 0.951
==== e(  11) =     5.26102 eV ==== 
     psi = 0.161*[#   1]+0.161*[#   5]+0.161*[#   9]+0.161*[#  13]+0.028*[#   3]
          +0.028*[#   4]+0.028*[#   7]+0.028*[#   8]+0.028*[#  11]+0.028*[#  12]
          +0.028*[#  15]+0.028*[#  16]
    |psi|^2 = 0.871
==== e(  12) =     5.46304 eV ==== 
     psi = 0.162*[#   1]+0.162*[#   5]+0.162*[#   9]+0.162*[#  13]+0.030*[#   3]
          +0.030*[#   4]+0.030*[#   7]+0.030*[#   8]+0.030*[#  11]+0.030*[#  12]
          +0.030*[#  15]+0.030*[#  16]
    |psi|^2 = 0.891

 k =   0.0000000000 -0.5773502696  0.0000000000
==== e(   1) =   -16.20874 eV ==== 
     psi = 0.158*[#   1]+0.158*[#   5]+0.158*[#   9]+0.158*[#  13]+0.045*[#   3]
          +0.045*[#   4]+0.045*[#   7]+0.045*[#   8]+0.045*[#  11]+0.045*[#  12]
          +0.045*[#  15]+0.045*[#  16]
    |psi|^2 = 0.992
==== e(   2) =   -16.09270 eV ==== 
     psi = 0.160*[#   1]+0.160*[#   5]+0.160*[#   9]+0.160*[#  13]+0.044*[#   3]
          +0.044*[#   4]+0.044*[#   7]+0.044*[#   8]+0.044*[#  11]+0.044*[#  12]
          +0.044*[#  15]+0.044*[#  16]
    |psi|^2 = 0.995
==== e(   3) =   -15.10832 eV ==== 
     psi = 0.095*[#   3]+0.095*[#   4]+0.095*[#   7]+0.095*[#   8]+0.095*[#  11]
          +0.095*[#  12]+0.095*[#  15]+0.095*[#  16]+0.055*[#   1]+0.055*[#   5]
          +0.055*[#   9]+0.055*[#  13]
    |psi|^2 = 0.976
==== e(   4) =   -15.01301 eV ==== 
     psi = 0.095*[#   3]+0.095*[#   4]+0.095*[#   7]+0.095*[#   8]+0.095*[#  11]
          +0.095*[#  12]+0.095*[#  15]+0.095*[#  16]+0.055*[#   1]+0.055*[#   5]
          +0.055*[#   9]+0.055*[#  13]
    |psi|^2 = 0.981
==== e(   5) =    -8.31772 eV ==== 
     psi = 0.124*[#   3]+0.124*[#   4]+0.124*[#   7]+0.124*[#   8]+0.124*[#  11]
          +0.124*[#  12]+0.124*[#  15]+0.124*[#  16]
    |psi|^2 = 0.995
==== e(   6) =    -8.28855 eV ==== 
     psi = 0.124*[#   3]+0.124*[#   4]+0.124*[#   7]+0.124*[#   8]+0.124*[#  11]
          +0.124*[#  12]+0.124*[#  15]+0.124*[#  16]
    |psi|^2 = 0.995
==== e(   7) =    -4.61808 eV ==== 
     psi = 0.249*[#   2]+0.249*[#   6]+0.249*[#  10]+0.249*[#  14]
    |psi|^2 = 0.998
==== e(   8) =    -3.88292 eV ==== 
     psi = 0.249*[#   2]+0.249*[#   6]+0.249*[#  10]+0.249*[#  14]
    |psi|^2 = 0.998
==== e(   9) =    -0.70015 eV ==== 
     psi = 0.236*[#   2]+0.236*[#   6]+0.236*[#  10]+0.236*[#  14]
    |psi|^2 = 0.942
==== e(  10) =     0.19431 eV ==== 
     psi = 0.238*[#   2]+0.238*[#   6]+0.238*[#  10]+0.238*[#  14]
    |psi|^2 = 0.952
==== e(  11) =     5.17724 eV ==== 
     psi = 0.169*[#   1]+0.169*[#   5]+0.169*[#   9]+0.169*[#  13]+0.026*[#   3]
          +0.026*[#   4]+0.026*[#   7]+0.026*[#   8]+0.026*[#  11]+0.026*[#  12]
          +0.026*[#  15]+0.026*[#  16]
    |psi|^2 = 0.885
==== e(  12) =     5.37952 eV ==== 
     psi = 0.169*[#   1]+0.169*[#   5]+0.169*[#   9]+0.169*[#  13]+0.027*[#   3]
          +0.027*[#   4]+0.027*[#   7]+0.027*[#   8]+0.027*[#  11]+0.027*[#  12]
          +0.027*[#  15]+0.027*[#  16]
    |psi|^2 = 0.893

 k =   0.0833333333  0.1443375674  0.0000000000
==== e(   1) =   -20.90311 eV ==== 
     psi = 0.209*[#   1]+0.209*[#   5]+0.209*[#   9]+0.209*[#  13]+0.018*[#   3]
          +0.018*[#   4]+0.018*[#   7]+0.018*[#   8]+0.018*[#  11]+0.018*[#  12]
          +0.018*[#  15]+0.018*[#  16]
    |psi|^2 = 0.980
==== e(   2) =   -20.75258 eV ==== 
     psi = 0.213*[#   1]+0.213*[#   5]+0.213*[#   9]+0.213*[#  13]+0.017*[#   3]
          +0.017*[#   4]+0.017*[#   7]+0.017*[#   8]+0.017*[#  11]+0.017*[#  12]
          +0.017*[#  15]+0.017*[#  16]
    |psi|^2 = 0.987
==== e(   3) =    -9.33149 eV ==== 
     psi = 0.240*[#   2]+0.240*[#   6]+0.240*[#  10]+0.240*[#  14]
    |psi|^2 = 0.963
==== e(   4) =    -8.35298 eV ==== 
     psi = 0.243*[#   2]+0.243*[#   6]+0.243*[#  10]+0.243*[#  14]
    |psi|^2 = 0.975
==== e(   5) =    -6.67222 eV ==== 
     psi = 0.114*[#   3]+0.114*[#   4]+0.114*[#   7]+0.114*[#   8]+0.114*[#  11]
          +0.114*[#  12]+0.114*[#  15]+0.114*[#  16]+0.020*[#   1]+0.020*[#   5]
          +0.020*[#   9]+0.020*[#  13]
    |psi|^2 = 0.997
==== e(   6) =    -6.63820 eV ==== 
     psi = 0.115*[#   3]+0.115*[#   4]+0.115*[#   7]+0.115*[#   8]+0.115*[#  11]
          +0.115*[#  12]+0.115*[#  15]+0.115*[#  16]+0.020*[#   1]+0.020*[#   5]
          +0.020*[#   9]+0.020*[#  13]
    |psi|^2 = 0.997
==== e(   7) =    -5.99063 eV ==== 
     psi = 0.123*[#   3]+0.123*[#   4]+0.123*[#   7]+0.123*[#   8]+0.123*[#  11]
          +0.123*[#  12]+0.123*[#  15]+0.123*[#  16]+0.003*[#   1]+0.003*[#   5]
          +0.003*[#   9]+0.003*[#  13]
    |psi|^2 = 0.994
==== e(   8) =    -5.96554 eV ==== 
     psi = 0.123*[#   3]+0.123*[#   4]+0.123*[#   7]+0.123*[#   8]+0.123*[#  11]
          +0.123*[#  12]+0.123*[#  15]+0.123*[#  16]+0.003*[#   1]+0.003*[#   5]
          +0.003*[#   9]+0.003*[#  13]
    |psi|^2 = 0.996
==== e(   9) =     2.17433 eV ==== 
     psi = 0.004*[#   3]+0.004*[#   4]+0.004*[#   7]+0.004*[#   8]+0.004*[#  11]
          +0.004*[#  12]+0.004*[#  15]+0.004*[#  16]+0.001*[#   2]+0.001*[#   6]
          +0.001*[#  10]+0.001*[#  14]
    |psi|^2 = 0.034
==== e(  10) =     2.47887 eV ==== 
     psi = 0.003*[#   2]+0.003*[#   6]+0.003*[#  10]+0.003*[#  14]
    |psi|^2 = 0.019
==== e(  11) =     2.77095 eV ==== 

    |psi|^2 = 0.002
==== e(  12) =     3.10261 eV ==== 

    |psi|^2 = 0.005

 k =   0.0833333333  0.2405626123  0.0000000000
==== e(   1) =   -20.25655 eV ==== 
     psi = 0.182*[#   1]+0.182*[#   5]+0.182*[#   9]+0.182*[#  13]+0.031*[#   3]
          +0.031*[#   4]+0.031*[#   7]+0.031*[#   8]+0.031*[#  11]+0.031*[#  12]
          +0.031*[#  15]+0.031*[#  16]
    |psi|^2 = 0.979
==== e(   2) =   -20.11172 eV ==== 
     psi = 0.186*[#   1]+0.186*[#   5]+0.186*[#   9]+0.186*[#  13]+0.030*[#   3]
          +0.030*[#   4]+0.030*[#   7]+0.030*[#   8]+0.030*[#  11]+0.030*[#  12]
          +0.030*[#  15]+0.030*[#  16]
    |psi|^2 = 0.986
==== e(   3) =    -8.56467 eV ==== 
     psi = 0.243*[#   2]+0.243*[#   6]+0.243*[#  10]+0.243*[#  14]
    |psi|^2 = 0.975
==== e(   4) =    -8.37542 eV ==== 
     psi = 0.105*[#   3]+0.105*[#   4]+0.105*[#   7]+0.105*[#   8]+0.105*[#  11]
          +0.105*[#  12]+0.105*[#  15]+0.105*[#  16]+0.038*[#   1]+0.038*[#   5]
          +0.038*[#   9]+0.038*[#  13]
    |psi|^2 = 0.995
==== e(   5) =    -8.32797 eV ==== 
     psi = 0.105*[#   3]+0.105*[#   4]+0.105*[#   7]+0.105*[#   8]+0.105*[#  11]
          +0.105*[#  12]+0.105*[#  15]+0.105*[#  16]+0.038*[#   1]+0.038*[#   5]
          +0.038*[#   9]+0.038*[#  13]
    |psi|^2 = 0.996
==== e(   6) =    -7.61022 eV ==== 
     psi = 0.246*[#   2]+0.246*[#   6]+0.246*[#  10]+0.246*[#  14]
    |psi|^2 = 0.985
==== e(   7) =    -6.97528 eV ==== 
     psi = 0.121*[#   3]+0.121*[#   4]+0.121*[#   7]+0.121*[#   8]+0.121*[#  11]
          +0.121*[#  12]+0.121*[#  15]+0.121*[#  16]+0.006*[#   1]+0.006*[#   5]
          +0.006*[#   9]+0.006*[#  13]
    |psi|^2 = 0.993
==== e(   8) =    -6.94482 eV ==== 
     psi = 0.122*[#   3]+0.122*[#   4]+0.122*[#   7]+0.122*[#   8]+0.122*[#  11]
          +0.122*[#  12]+0.122*[#  15]+0.122*[#  16]+0.006*[#   1]+0.006*[#   5]
          +0.006*[#   9]+0.006*[#  13]
    |psi|^2 = 0.995
==== e(   9) =     3.04947 eV ==== 
     psi = 0.004*[#   3]+0.004*[#   4]+0.004*[#   7]+0.004*[#   8]+0.004*[#  11]
          +0.004*[#  12]+0.004*[#  15]+0.004*[#  16]
    |psi|^2 = 0.036
==== e(  10) =     3.36549 eV ==== 
     psi = 0.002*[#   2]+0.002*[#   6]+0.002*[#  10]+0.002*[#  14]+0.001*[#   3]
          +0.001*[#   4]+0.001*[#   7]+0.001*[#   8]+0.001*[#  11]+0.001*[#  12]
          +0.001*[#  15]+0.001*[#  16]
    |psi|^2 = 0.017
==== e(  11) =     3.67348 eV ==== 

    |psi|^2 = 0.002
==== e(  12) =     4.00001 eV ==== 

    |psi|^2 = 0.005

 k =   0.0833333333  0.3367876572  0.0000000000
==== e(   1) =   -19.29768 eV ==== 
     psi = 0.158*[#   1]+0.158*[#   5]+0.158*[#   9]+0.158*[#  13]+0.043*[#   3]
          +0.043*[#   4]+0.043*[#   7]+0.043*[#   8]+0.043*[#  11]+0.043*[#  12]
          +0.043*[#  15]+0.043*[#  16]
    |psi|^2 = 0.979
==== e(   2) =   -19.16108 eV ==== 
     psi = 0.162*[#   1]+0.162*[#   5]+0.162*[#   9]+0.162*[#  13]+0.042*[#   3]
          +0.042*[#   4]+0.042*[#   7]+0.042*[#   8]+0.042*[#  11]+0.042*[#  12]
          +0.042*[#  15]+0.042*[#  16]
    |psi|^2 = 0.986
==== e(   3) =   -10.43720 eV ==== 
     psi = 0.096*[#   3]+0.096*[#   4]+0.096*[#   7]+0.096*[#   8]+0.096*[#  11]
          +0.096*[#  12]+0.096*[#  15]+0.096*[#  16]+0.056*[#   1]+0.056*[#   5]
          +0.056*[#   9]+0.056*[#  13]
    |psi|^2 = 0.991
==== e(   4) =   -10.37331 eV ==== 
     psi = 0.096*[#   3]+0.096*[#   4]+0.096*[#   7]+0.096*[#   8]+0.096*[#  11]
          +0.096*[#  12]+0.096*[#  15]+0.096*[#  16]+0.056*[#   1]+0.056*[#   5]
          +0.056*[#   9]+0.056*[#  13]
    |psi|^2 = 0.993
==== e(   5) =    -7.85085 eV ==== 
     psi = 0.121*[#   3]+0.121*[#   4]+0.121*[#   7]+0.121*[#   8]+0.121*[#  11]
          +0.121*[#  12]+0.121*[#  15]+0.121*[#  16]+0.007*[#   1]+0.007*[#   5]
          +0.007*[#   9]+0.007*[#  13]
    |psi|^2 = 0.993
==== e(   6) =    -7.81700 eV ==== 
     psi = 0.121*[#   3]+0.121*[#   4]+0.121*[#   7]+0.121*[#   8]+0.121*[#  11]
          +0.121*[#  12]+0.121*[#  15]+0.121*[#  16]+0.007*[#   1]+0.007*[#   5]
          +0.007*[#   9]+0.007*[#  13]
    |psi|^2 = 0.995
==== e(   7) =    -7.44776 eV ==== 
     psi = 0.247*[#   2]+0.247*[#   6]+0.247*[#  10]+0.247*[#  14]
    |psi|^2 = 0.988
==== e(   8) =    -6.53389 eV ==== 
     psi = 0.248*[#   2]+0.248*[#   6]+0.248*[#  10]+0.248*[#  14]
    |psi|^2 = 0.993
==== e(   9) =     3.63607 eV ==== 
     psi = 0.235*[#   2]+0.235*[#   6]+0.235*[#  10]+0.235*[#  14]
    |psi|^2 = 0.942
==== e(  10) =     4.16886 eV ==== 
     psi = 0.226*[#   2]+0.226*[#   6]+0.226*[#  10]+0.226*[#  14]
    |psi|^2 = 0.905
==== e(  11) =     4.35641 eV ==== 
     psi = 0.003*[#   3]+0.003*[#   4]+0.003*[#   7]+0.003*[#   8]+0.003*[#  11]
          +0.003*[#  12]+0.003*[#  15]+0.003*[#  16]
    |psi|^2 = 0.025
==== e(  12) =     4.72092 eV ==== 
     psi = 0.014*[#   2]+0.014*[#   6]+0.014*[#  10]+0.014*[#  14]
    |psi|^2 = 0.061

 k =   0.0833333333  0.4330127022  0.0000000000
==== e(   1) =   -18.04628 eV ==== 
     psi = 0.141*[#   1]+0.141*[#   5]+0.141*[#   9]+0.141*[#  13]+0.052*[#   3]
          +0.052*[#   4]+0.052*[#   7]+0.052*[#   8]+0.052*[#  11]+0.052*[#  12]
          +0.052*[#  15]+0.052*[#  16]
    |psi|^2 = 0.981
==== e(   2) =   -17.91996 eV ==== 
     psi = 0.144*[#   1]+0.144*[#   5]+0.144*[#   9]+0.144*[#  13]+0.051*[#   3]
          +0.051*[#   4]+0.051*[#   7]+0.051*[#   8]+0.051*[#  11]+0.051*[#  12]
          +0.051*[#  15]+0.051*[#  16]
    |psi|^2 = 0.987
==== e(   3) =   -12.54595 eV ==== 
     psi = 0.088*[#   3]+0.088*[#   4]+0.088*[#   7]+0.088*[#   8]+0.088*[#  11]
          +0.088*[#  12]+0.088*[#  15]+0.088*[#  16]+0.071*[#   1]+0.071*[#   5]
          +0.071*[#   9]+0.071*[#  13]
    |psi|^2 = 0.988
==== e(   4) =   -12.46604 eV ==== 
     psi = 0.088*[#   3]+0.088*[#   4]+0.088*[#   7]+0.088*[#   8]+0.088*[#  11]
          +0.088*[#  12]+0.088*[#  15]+0.088*[#  16]+0.071*[#   1]+0.071*[#   5]
          +0.071*[#   9]+0.071*[#  13]
    |psi|^2 = 0.991
==== e(   5) =    -8.47781 eV ==== 
     psi = 0.120*[#   3]+0.120*[#   4]+0.120*[#   7]+0.120*[#   8]+0.120*[#  11]
          +0.120*[#  12]+0.120*[#  15]+0.120*[#  16]+0.007*[#   1]+0.007*[#   5]
          +0.007*[#   9]+0.007*[#  13]
    |psi|^2 = 0.994
==== e(   6) =    -8.44220 eV ==== 
     psi = 0.121*[#   3]+0.121*[#   4]+0.121*[#   7]+0.121*[#   8]+0.121*[#  11]
          +0.121*[#  12]+0.121*[#  15]+0.121*[#  16]+0.007*[#   1]+0.007*[#   5]
          +0.007*[#   9]+0.007*[#  13]
    |psi|^2 = 0.995
==== e(   7) =    -6.06218 eV ==== 
     psi = 0.249*[#   2]+0.249*[#   6]+0.249*[#  10]+0.249*[#  14]
    |psi|^2 = 0.995
==== e(   8) =    -5.21123 eV ==== 
     psi = 0.249*[#   2]+0.249*[#   6]+0.249*[#  10]+0.249*[#  14]
    |psi|^2 = 0.996
==== e(   9) =     1.39914 eV ==== 
     psi = 0.236*[#   2]+0.236*[#   6]+0.236*[#  10]+0.236*[#  14]
    |psi|^2 = 0.944
==== e(  10) =     2.09358 eV ==== 
     psi = 0.239*[#   2]+0.239*[#   6]+0.239*[#  10]+0.239*[#  14]
    |psi|^2 = 0.956
==== e(  11) =     5.95945 eV ==== 
     psi = 0.073*[#   1]+0.073*[#   5]+0.073*[#   9]+0.073*[#  13]+0.012*[#   3]
          +0.012*[#   4]+0.012*[#   7]+0.012*[#   8]+0.012*[#  11]+0.012*[#  12]
          +0.012*[#  15]+0.012*[#  16]
    |psi|^2 = 0.389
==== e(  12) =     6.21785 eV ==== 
     psi = 0.070*[#   1]+0.070*[#   5]+0.070*[#   9]+0.070*[#  13]+0.026*[#   3]
          +0.026*[#   4]+0.026*[#   7]+0.026*[#   8]+0.026*[#  11]+0.026*[#  12]
          +0.026*[#  15]+0.026*[#  16]
    |psi|^2 = 0.487

 k =   0.0833333333  0.5292377471  0.0000000000
==== e(   1) =   -16.58537 eV ==== 
     psi = 0.138*[#   1]+0.138*[#   5]+0.138*[#   9]+0.138*[#  13]+0.054*[#   3]
          +0.054*[#   4]+0.054*[#   7]+0.054*[#   8]+0.054*[#  11]+0.054*[#  12]
          +0.054*[#  15]+0.054*[#  16]
    |psi|^2 = 0.987
==== e(   2) =   -16.46936 eV ==== 
     psi = 0.140*[#   1]+0.140*[#   5]+0.140*[#   9]+0.140*[#  13]+0.054*[#   3]
          +0.054*[#   4]+0.054*[#   7]+0.054*[#   8]+0.054*[#  11]+0.054*[#  12]
          +0.054*[#  15]+0.054*[#  16]
    |psi|^2 = 0.990
==== e(   3) =   -14.46600 eV ==== 
     psi = 0.086*[#   3]+0.086*[#   4]+0.086*[#   7]+0.086*[#   8]+0.086*[#  11]
          +0.086*[#  12]+0.086*[#  15]+0.086*[#  16]+0.073*[#   1]+0.073*[#   5]
          +0.073*[#   9]+0.073*[#  13]
    |psi|^2 = 0.982
==== e(   4) =   -14.37282 eV ==== 
     psi = 0.087*[#   3]+0.087*[#   4]+0.087*[#   7]+0.087*[#   8]+0.087*[#  11]
          +0.087*[#  12]+0.087*[#  15]+0.087*[#  16]+0.074*[#   1]+0.074*[#   5]
          +0.074*[#   9]+0.074*[#  13]
    |psi|^2 = 0.986
==== e(   5) =    -8.80217 eV ==== 
     psi = 0.120*[#   3]+0.120*[#   4]+0.120*[#   7]+0.120*[#   8]+0.120*[#  11]
          +0.120*[#  12]+0.120*[#  15]+0.120*[#  16]+0.008*[#   1]+0.008*[#   5]
          +0.008*[#   9]+0.008*[#  13]
    |psi|^2 = 0.994
==== e(   6) =    -8.76572 eV ==== 
     psi = 0.121*[#   3]+0.121*[#   4]+0.121*[#   7]+0.121*[#   8]+0.121*[#  11]
          +0.121*[#  12]+0.121*[#  15]+0.121*[#  16]+0.008*[#   1]+0.008*[#   5]
          +0.008*[#   9]+0.008*[#  13]
    |psi|^2 = 0.994
==== e(   7) =    -4.73346 eV ==== 
     psi = 0.249*[#   2]+0.249*[#   6]+0.249*[#  10]+0.249*[#  14]
    |psi|^2 = 0.997
==== e(   8) =    -3.97434 eV ==== 
     psi = 0.249*[#   2]+0.249*[#   6]+0.249*[#  10]+0.249*[#  14]
    |psi|^2 = 0.997
==== e(   9) =    -0.40170 eV ==== 
     psi = 0.237*[#   2]+0.237*[#   6]+0.237*[#  10]+0.237*[#  14]
    |psi|^2 = 0.948
==== e(  10) =     0.42936 eV ==== 
     psi = 0.239*[#   2]+0.239*[#   6]+0.239*[#  10]+0.239*[#  14]
    |psi|^2 = 0.958
==== e(  11) =     5.90556 eV ==== 
     psi = 0.157*[#   1]+0.157*[#   5]+0.157*[#   9]+0.157*[#  13]+0.030*[#   3]
          +0.030*[#   4]+0.030*[#   7]+0.030*[#   8]+0.030*[#  11]+0.030*[#  12]
          +0.030*[#  15]+0.030*[#  16]
    |psi|^2 = 0.869
==== e(  12) =     6.11848 eV ==== 
     psi = 0.157*[#   1]+0.157*[#   5]+0.157*[#   9]+0.157*[#  13]+0.031*[#   3]
          +0.031*[#   4]+0.031*[#   7]+0.031*[#   8]+0.031*[#  11]+0.031*[#  12]
          +0.031*[#  15]+0.031*[#  16]
    |psi|^2 = 0.882

 k =   0.1666666667  0.2886751348  0.0000000000
==== e(   1) =   -19.45679 eV ==== 
     psi = 0.161*[#   1]+0.161*[#   5]+0.161*[#   9]+0.161*[#  13]+0.042*[#   3]
          +0.042*[#   4]+0.042*[#   7]+0.042*[#   8]+0.042*[#  11]+0.042*[#  12]
          +0.042*[#  15]+0.042*[#  16]
    |psi|^2 = 0.979
==== e(   2) =   -19.31886 eV ==== 
     psi = 0.165*[#   1]+0.165*[#   5]+0.165*[#   9]+0.165*[#  13]+0.041*[#   3]
          +0.041*[#   4]+0.041*[#   7]+0.041*[#   8]+0.041*[#  11]+0.041*[#  12]
          +0.041*[#  15]+0.041*[#  16]
    |psi|^2 = 0.986
==== e(   3) =    -9.70541 eV ==== 
     psi = 0.098*[#   3]+0.098*[#   4]+0.098*[#   7]+0.098*[#   8]+0.098*[#  11]
          +0.098*[#  12]+0.098*[#  15]+0.098*[#  16]+0.052*[#   1]+0.052*[#   5]
          +0.052*[#   9]+0.052*[#  13]
    |psi|^2 = 0.996
==== e(   4) =    -9.64838 eV ==== 
     psi = 0.098*[#   3]+0.098*[#   4]+0.098*[#   7]+0.098*[#   8]+0.098*[#  11]
          +0.098*[#  12]+0.098*[#  15]+0.098*[#  16]+0.052*[#   1]+0.052*[#   5]
          +0.052*[#   9]+0.052*[#  13]
    |psi|^2 = 0.996
==== e(   5) =    -8.32077 eV ==== 
     psi = 0.117*[#   3]+0.117*[#   4]+0.117*[#   7]+0.117*[#   8]+0.117*[#  11]
          +0.117*[#  12]+0.117*[#  15]+0.117*[#  16]+0.013*[#   1]+0.013*[#   5]
          +0.013*[#   9]+0.013*[#  13]
    |psi|^2 = 0.988
==== e(   6) =    -8.27910 eV ==== 
     psi = 0.117*[#   3]+0.117*[#   4]+0.117*[#   7]+0.117*[#   8]+0.117*[#  11]
          +0.117*[#  12]+0.117*[#  15]+0.117*[#  16]+0.013*[#   1]+0.013*[#   5]
          +0.013*[#   9]+0.013*[#  13]
    |psi|^2 = 0.992
==== e(   7) =    -7.62704 eV ==== 
     psi = 0.246*[#   2]+0.246*[#   6]+0.246*[#  10]+0.246*[#  14]
    |psi|^2 = 0.986
==== e(   8) =    -6.70557 eV ==== 
     psi = 0.248*[#   2]+0.248*[#   6]+0.248*[#  10]+0.248*[#  14]
    |psi|^2 = 0.992
==== e(   9) =     4.09912 eV ==== 
     psi = 0.241*[#   2]+0.241*[#   6]+0.241*[#  10]+0.241*[#  14]
    |psi|^2 = 0.963
==== e(  10) =     4.14028 eV ==== 
     psi = 0.003*[#   3]+0.003*[#   4]+0.003*[#   7]+0.003*[#   8]+0.003*[#  11]
          +0.003*[#  12]+0.003*[#  15]+0.003*[#  16]
    |psi|^2 = 0.029
==== e(  11) =     4.47083 eV ==== 
     psi = 0.001*[#   3]+0.001*[#   4]+0.001*[#   7]+0.001*[#   8]+0.001*[#  11]
          +0.001*[#  12]+0.001*[#  15]+0.001*[#  16]
    |psi|^2 = 0.012
==== e(  12) =     4.59293 eV ==== 
     psi = 0.242*[#   2]+0.242*[#   6]+0.242*[#  10]+0.242*[#  14]
    |psi|^2 = 0.970

 k =   0.1666666667  0.3849001797  0.0000000000
==== e(   1) =   -18.35621 eV ==== 
     psi = 0.143*[#   1]+0.143*[#   5]+0.143*[#   9]+0.143*[#  13]+0.051*[#   3]
          +0.051*[#   4]+0.051*[#   7]+0.051*[#   8]+0.051*[#  11]+0.051*[#  12]
          +0.051*[#  15]+0.051*[#  16]
    |psi|^2 = 0.980
==== e(   2) =   -18.22753 eV ==== 
     psi = 0.146*[#   1]+0.146*[#   5]+0.146*[#   9]+0.146*[#  13]+0.050*[#   3]
          +0.050*[#   4]+0.050*[#   7]+0.050*[#   8]+0.050*[#  11]+0.050*[#  12]
          +0.050*[#  15]+0.050*[#  16]
    |psi|^2 = 0.986
==== e(   3) =   -11.42254 eV ==== 
     psi = 0.091*[#   3]+0.091*[#   4]+0.091*[#   7]+0.091*[#   8]+0.091*[#  11]
          +0.091*[#  12]+0.091*[#  15]+0.091*[#  16]+0.067*[#   1]+0.067*[#   5]
          +0.067*[#   9]+0.067*[#  13]
    |psi|^2 = 0.993
==== e(   4) =   -11.35195 eV ==== 
     psi = 0.091*[#   3]+0.091*[#   4]+0.091*[#   7]+0.091*[#   8]+0.091*[#  11]
          +0.091*[#  12]+0.091*[#  15]+0.091*[#  16]+0.067*[#   1]+0.067*[#   5]
          +0.067*[#   9]+0.067*[#  13]
    |psi|^2 = 0.994
==== e(   5) =    -9.36820 eV ==== 
     psi = 0.115*[#   3]+0.115*[#   4]+0.115*[#   7]+0.115*[#   8]+0.115*[#  11]
          +0.115*[#  12]+0.115*[#  15]+0.115*[#  16]+0.017*[#   1]+0.017*[#   5]
          +0.017*[#   9]+0.017*[#  13]
    |psi|^2 = 0.989
==== e(   6) =    -9.32004 eV ==== 
     psi = 0.116*[#   3]+0.116*[#   4]+0.116*[#   7]+0.116*[#   8]+0.116*[#  11]
          +0.116*[#  12]+0.116*[#  15]+0.116*[#  16]+0.017*[#   1]+0.017*[#   5]
          +0.017*[#   9]+0.017*[#  13]
    |psi|^2 = 0.992
==== e(   7) =    -6.37135 eV ==== 
     psi = 0.248*[#   2]+0.248*[#   6]+0.248*[#  10]+0.248*[#  14]
    |psi|^2 = 0.994
==== e(   8) =    -5.50024 eV ==== 
     psi = 0.249*[#   2]+0.249*[#   6]+0.249*[#  10]+0.249*[#  14]
    |psi|^2 = 0.996
==== e(   9) =     2.14368 eV ==== 
     psi = 0.241*[#   2]+0.241*[#   6]+0.241*[#  10]+0.241*[#  14]
    |psi|^2 = 0.965
==== e(  10) =     2.72615 eV ==== 
     psi = 0.243*[#   2]+0.243*[#   6]+0.243*[#  10]+0.243*[#  14]
    |psi|^2 = 0.971
==== e(  11) =     5.65323 eV ==== 
     psi = 0.002*[#   3]+0.002*[#   4]+0.002*[#   7]+0.002*[#   8]+0.002*[#  11]
          +0.002*[#  12]+0.002*[#  15]+0.002*[#  16]
    |psi|^2 = 0.015
==== e(  12) =     6.00129 eV ==== 

    |psi|^2 = 0.007

 k =   0.1666666667  0.4811252246  0.0000000000
==== e(   1) =   -16.99199 eV ==== 
     psi = 0.132*[#   1]+0.132*[#   5]+0.132*[#   9]+0.132*[#  13]+0.057*[#   3]
          +0.057*[#   4]+0.057*[#   7]+0.057*[#   8]+0.057*[#  11]+0.057*[#  12]
          +0.057*[#  15]+0.057*[#  16]
    |psi|^2 = 0.984
==== e(   2) =   -16.87414 eV ==== 
     psi = 0.134*[#   1]+0.134*[#   5]+0.134*[#   9]+0.134*[#  13]+0.057*[#   3]
          +0.057*[#   4]+0.057*[#   7]+0.057*[#   8]+0.057*[#  11]+0.057*[#  12]
          +0.057*[#  15]+0.057*[#  16]
    |psi|^2 = 0.988
==== e(   3) =   -13.31609 eV ==== 
     psi = 0.085*[#   3]+0.085*[#   4]+0.085*[#   7]+0.085*[#   8]+0.085*[#  11]
          +0.085*[#  12]+0.085*[#  15]+0.085*[#  16]+0.077*[#   1]+0.077*[#   5]
          +0.077*[#   9]+0.077*[#  13]
    |psi|^2 = 0.988
==== e(   4) =   -13.23080 eV ==== 
     psi = 0.085*[#   3]+0.085*[#   4]+0.085*[#   7]+0.085*[#   8]+0.085*[#  11]
          +0.085*[#  12]+0.085*[#  15]+0.085*[#  16]+0.077*[#   1]+0.077*[#   5]
          +0.077*[#   9]+0.077*[#  13]
    |psi|^2 = 0.991
==== e(   5) =    -9.94165 eV ==== 
     psi = 0.114*[#   3]+0.114*[#   4]+0.114*[#   7]+0.114*[#   8]+0.114*[#  11]
          +0.114*[#  12]+0.114*[#  15]+0.114*[#  16]+0.019*[#   1]+0.019*[#   5]
          +0.019*[#   9]+0.019*[#  13]
    |psi|^2 = 0.990
==== e(   6) =    -9.89069 eV ==== 
     psi = 0.114*[#   3]+0.114*[#   4]+0.114*[#   7]+0.114*[#   8]+0.114*[#  11]
          +0.114*[#  12]+0.114*[#  15]+0.114*[#  16]+0.019*[#   1]+0.019*[#   5]
          +0.019*[#   9]+0.019*[#  13]
    |psi|^2 = 0.992
==== e(   7) =    -4.93401 eV ==== 
     psi = 0.249*[#   2]+0.249*[#   6]+0.249*[#  10]+0.249*[#  14]
    |psi|^2 = 0.996
==== e(   8) =    -4.13797 eV ==== 
     psi = 0.249*[#   2]+0.249*[#   6]+0.249*[#  10]+0.249*[#  14]
    |psi|^2 = 0.997
==== e(   9) =     0.21196 eV ==== 
     psi = 0.241*[#   2]+0.241*[#   6]+0.241*[#  10]+0.241*[#  14]
    |psi|^2 = 0.965
==== e(  10) =     0.90701 eV ==== 
     psi = 0.243*[#   2]+0.243*[#   6]+0.243*[#  10]+0.243*[#  14]
    |psi|^2 = 0.972
==== e(  11) =     7.51046 eV ==== 
     psi = 0.027*[#   1]+0.027*[#   5]+0.027*[#   9]+0.027*[#  13]+0.005*[#   3]
          +0.005*[#   4]+0.005*[#   7]+0.005*[#   8]+0.005*[#  11]+0.005*[#  12]
          +0.005*[#  15]+0.005*[#  16]
    |psi|^2 = 0.149
==== e(  12) =     7.82189 eV ==== 
     psi = 0.101*[#   1]+0.101*[#   5]+0.101*[#   9]+0.101*[#  13]+0.034*[#   3]
          +0.034*[#   4]+0.034*[#   7]+0.034*[#   8]+0.034*[#  11]+0.034*[#  12]
          +0.034*[#  15]+0.034*[#  16]
    |psi|^2 = 0.679

 k =   0.1666666667  0.5773502696  0.0000000000
==== e(   1) =   -15.78681 eV ==== 
     psi = 0.146*[#   1]+0.146*[#   5]+0.146*[#   9]+0.146*[#  13]+0.051*[#   3]
          +0.051*[#   4]+0.051*[#   7]+0.051*[#   8]+0.051*[#  11]+0.051*[#  12]
          +0.051*[#  15]+0.051*[#  16]
    |psi|^2 = 0.992
==== e(   2) =   -15.67550 eV ==== 
     psi = 0.147*[#   1]+0.147*[#   5]+0.147*[#   9]+0.147*[#  13]+0.051*[#   3]
          +0.051*[#   4]+0.051*[#   7]+0.051*[#   8]+0.051*[#  11]+0.051*[#  12]
          +0.051*[#  15]+0.051*[#  16]
    |psi|^2 = 0.994
==== e(   3) =   -14.71984 eV ==== 
     psi = 0.091*[#   3]+0.091*[#   4]+0.091*[#   7]+0.091*[#   8]+0.091*[#  11]
          +0.091*[#  12]+0.091*[#  15]+0.091*[#  16]+0.062*[#   1]+0.062*[#   5]
          +0.062*[#   9]+0.062*[#  13]
    |psi|^2 = 0.980
==== e(   4) =   -14.62656 eV ==== 
     psi = 0.092*[#   3]+0.092*[#   4]+0.092*[#   7]+0.092*[#   8]+0.092*[#  11]
          +0.092*[#  12]+0.092*[#  15]+0.092*[#  16]+0.063*[#   1]+0.063*[#   5]
          +0.063*[#   9]+0.063*[#  13]
    |psi|^2 = 0.984
==== e(   5) =   -10.12567 eV ==== 
     psi = 0.114*[#   3]+0.114*[#   4]+0.114*[#   7]+0.114*[#   8]+0.114*[#  11]
          +0.114*[#  12]+0.114*[#  15]+0.114*[#  16]+0.020*[#   1]+0.020*[#   5]
          +0.020*[#   9]+0.020*[#  13]
    |psi|^2 = 0.990
==== e(   6) =   -10.07391 eV ==== 
     psi = 0.114*[#   3]+0.114*[#   4]+0.114*[#   7]+0.114*[#   8]+0.114*[#  11]
          +0.114*[#  12]+0.114*[#  15]+0.114*[#  16]+0.020*[#   1]+0.020*[#   5]
          +0.020*[#   9]+0.020*[#  13]
    |psi|^2 = 0.992
==== e(   7) =    -4.02376 eV ==== 
     psi = 0.249*[#   2]+0.249*[#   6]+0.249*[#  10]+0.249*[#  14]
    |psi|^2 = 0.997
==== e(   8) =    -3.29989 eV ==== 
     psi = 0.249*[#   2]+0.249*[#   6]+0.249*[#  10]+0.249*[#  14]
    |psi|^2 = 0.997
==== e(   9) =    -0.87803 eV ==== 
     psi = 0.241*[#   2]+0.241*[#   6]+0.241*[#  10]+0.241*[#  14]
    |psi|^2 = 0.963
==== e(  10) =    -0.09504 eV ==== 
     psi = 0.243*[#   2]+0.243*[#   6]+0.243*[#  10]+0.243*[#  14]
    |psi|^2 = 0.971
==== e(  11) =     7.65706 eV ==== 
     psi = 0.135*[#   1]+0.135*[#   5]+0.135*[#   9]+0.135*[#  13]+0.035*[#   3]
          +0.035*[#   4]+0.035*[#   7]+0.035*[#   8]+0.035*[#  11]+0.035*[#  12]
          +0.035*[#  15]+0.035*[#  16]
    |psi|^2 = 0.818
==== e(  12) =     7.93832 eV ==== 
     psi = 0.138*[#   1]+0.138*[#   5]+0.138*[#   9]+0.138*[#  13]+0.037*[#   3]
          +0.037*[#   4]+0.037*[#   7]+0.037*[#   8]+0.037*[#  11]+0.037*[#  12]
          +0.037*[#  15]+0.037*[#  16]
    |psi|^2 = 0.847

 k =   0.2500000000  0.4330127022  0.0000000000
==== e(   1) =   -17.13724 eV ==== 
     psi = 0.130*[#   1]+0.130*[#   5]+0.130*[#   9]+0.130*[#  13]+0.058*[#   3]
          +0.058*[#   4]+0.058*[#   7]+0.058*[#   8]+0.058*[#  11]+0.058*[#  12]
          +0.058*[#  15]+0.058*[#  16]
    |psi|^2 = 0.983
==== e(   2) =   -17.01855 eV ==== 
     psi = 0.133*[#   1]+0.133*[#   5]+0.133*[#   9]+0.133*[#  13]+0.057*[#   3]
          +0.057*[#   4]+0.057*[#   7]+0.057*[#   8]+0.057*[#  11]+0.057*[#  12]
          +0.057*[#  15]+0.057*[#  16]
    |psi|^2 = 0.988
==== e(   3) =   -12.46389 eV ==== 
     psi = 0.085*[#   1]+0.085*[#   5]+0.085*[#   9]+0.085*[#  13]+0.082*[#   3]
          +0.082*[#   4]+0.082*[#   7]+0.082*[#   8]+0.082*[#  11]+0.082*[#  12]
          +0.082*[#  15]+0.082*[#  16]
    |psi|^2 = 0.994
==== e(   4) =   -12.38478 eV ==== 
     psi = 0.085*[#   1]+0.085*[#   5]+0.085*[#   9]+0.085*[#  13]+0.082*[#   3]
          +0.082*[#   4]+0.082*[#   7]+0.082*[#   8]+0.082*[#  11]+0.082*[#  12]
          +0.082*[#  15]+0.082*[#  16]
    |psi|^2 = 0.995
==== e(   5) =   -10.82983 eV ==== 
     psi = 0.115*[#   3]+0.115*[#   4]+0.115*[#   7]+0.115*[#   8]+0.115*[#  11]
          +0.115*[#  12]+0.115*[#  15]+0.115*[#  16]+0.017*[#   1]+0.017*[#   5]
          +0.017*[#   9]+0.017*[#  13]
    |psi|^2 = 0.985
==== e(   6) =   -10.77003 eV ==== 
     psi = 0.115*[#   3]+0.115*[#   4]+0.115*[#   7]+0.115*[#   8]+0.115*[#  11]
          +0.115*[#  12]+0.115*[#  15]+0.115*[#  16]+0.016*[#   1]+0.016*[#   5]
          +0.016*[#   9]+0.016*[#  13]
    |psi|^2 = 0.988
==== e(   7) =    -5.02293 eV ==== 
     psi = 0.249*[#   2]+0.249*[#   6]+0.249*[#  10]+0.249*[#  14]
    |psi|^2 = 0.996
==== e(   8) =    -4.21217 eV ==== 
     psi = 0.249*[#   2]+0.249*[#   6]+0.249*[#  10]+0.249*[#  14]
    |psi|^2 = 0.996
==== e(   9) =     0.53869 eV ==== 
     psi = 0.245*[#   2]+0.245*[#   6]+0.245*[#  10]+0.245*[#  14]
    |psi|^2 = 0.979
==== e(  10) =     1.15462 eV ==== 
     psi = 0.245*[#   2]+0.245*[#   6]+0.245*[#  10]+0.245*[#  14]
    |psi|^2 = 0.982
==== e(  11) =     7.34529 eV ==== 
     psi = 0.001*[#   1]+0.001*[#   5]+0.001*[#   9]+0.001*[#  13]
    |psi|^2 = 0.010
==== e(  12) =     7.67829 eV ==== 

    |psi|^2 = 0.003

 k =   0.2500000000  0.5292377471  0.0000000000
==== e(   1) =   -15.73131 eV ==== 
     psi = 0.125*[#   1]+0.125*[#   5]+0.125*[#   9]+0.125*[#  13]+0.061*[#   3]
          +0.061*[#   4]+0.061*[#   7]+0.061*[#   8]+0.061*[#  11]+0.061*[#  12]
          +0.061*[#  15]+0.061*[#  16]
    |psi|^2 = 0.989
==== e(   2) =   -15.62330 eV ==== 
     psi = 0.126*[#   1]+0.126*[#   5]+0.126*[#   9]+0.126*[#  13]+0.061*[#   3]
          +0.061*[#   4]+0.061*[#   7]+0.061*[#   8]+0.061*[#  11]+0.061*[#  12]
          +0.061*[#  15]+0.061*[#  16]
    |psi|^2 = 0.991
==== e(   3) =   -13.86857 eV ==== 
     psi = 0.090*[#   1]+0.090*[#   5]+0.090*[#   9]+0.090*[#  13]+0.078*[#   3]
          +0.078*[#   4]+0.078*[#   7]+0.078*[#   8]+0.078*[#  11]+0.078*[#  12]
          +0.078*[#  15]+0.078*[#  16]
    |psi|^2 = 0.990
==== e(   4) =   -13.77840 eV ==== 
     psi = 0.091*[#   1]+0.091*[#   5]+0.091*[#   9]+0.091*[#  13]+0.079*[#   3]
          +0.079*[#   4]+0.079*[#   7]+0.079*[#   8]+0.079*[#  11]+0.079*[#  12]
          +0.079*[#  15]+0.079*[#  16]
    |psi|^2 = 0.992
==== e(   5) =   -11.53407 eV ==== 
     psi = 0.114*[#   3]+0.114*[#   4]+0.114*[#   7]+0.114*[#   8]+0.114*[#  11]
          +0.114*[#  12]+0.114*[#  15]+0.114*[#  16]+0.019*[#   1]+0.019*[#   5]
          +0.019*[#   9]+0.019*[#  13]
    |psi|^2 = 0.984
==== e(   6) =   -11.46939 eV ==== 
     psi = 0.114*[#   3]+0.114*[#   4]+0.114*[#   7]+0.114*[#   8]+0.114*[#  11]
          +0.114*[#  12]+0.114*[#  15]+0.114*[#  16]+0.019*[#   1]+0.019*[#   5]
          +0.019*[#   9]+0.019*[#  13]
    |psi|^2 = 0.987
==== e(   7) =    -3.62503 eV ==== 
     psi = 0.249*[#   2]+0.249*[#   6]+0.249*[#  10]+0.249*[#  14]
    |psi|^2 = 0.996
==== e(   8) =    -2.89087 eV ==== 
     psi = 0.249*[#   2]+0.249*[#   6]+0.249*[#  10]+0.249*[#  14]
    |psi|^2 = 0.996
==== e(   9) =    -0.98581 eV ==== 
     psi = 0.246*[#   2]+0.246*[#   6]+0.246*[#  10]+0.246*[#  14]
    |psi|^2 = 0.983
==== e(  10) =    -0.30743 eV ==== 
     psi = 0.246*[#   2]+0.246*[#   6]+0.246*[#  10]+0.246*[#  14]
    |psi|^2 = 0.986
==== e(  11) =     8.18745 eV ==== 
     psi = 0.001*[#   2]+0.001*[#   6]+0.001*[#  10]+0.001*[#  14]
    |psi|^2 = 0.013
==== e(  12) =     9.32649 eV ==== 
     psi = 0.011*[#   1]+0.011*[#   5]+0.011*[#   9]+0.011*[#  13]+0.003*[#   3]
          +0.003*[#   4]+0.003*[#   7]+0.003*[#   8]+0.003*[#  11]+0.003*[#  12]
          +0.003*[#  15]+0.003*[#  16]
    |psi|^2 = 0.068

 k =   0.3333333333  0.5773502696  0.0000000000
==== e(   1) =   -14.52796 eV ==== 
     psi = 0.118*[#   1]+0.118*[#   5]+0.118*[#   9]+0.118*[#  13]+0.065*[#   3]
          +0.065*[#   4]+0.065*[#   7]+0.065*[#   8]+0.065*[#  11]+0.065*[#  12]
          +0.065*[#  15]+0.065*[#  16]
    |psi|^2 = 0.993
==== e(   2) =   -14.52796 eV ==== 
     psi = 0.118*[#   1]+0.118*[#   5]+0.118*[#   9]+0.118*[#  13]+0.065*[#   3]
          +0.065*[#   4]+0.065*[#   7]+0.065*[#   8]+0.065*[#  11]+0.065*[#  12]
          +0.065*[#  15]+0.065*[#  16]
    |psi|^2 = 0.993
==== e(   3) =   -14.42980 eV ==== 
     psi = 0.119*[#   1]+0.119*[#   5]+0.119*[#   9]+0.119*[#  13]+0.065*[#   3]
          +0.065*[#   4]+0.065*[#   7]+0.065*[#   8]+0.065*[#  11]+0.065*[#  12]
          +0.065*[#  15]+0.065*[#  16]
    |psi|^2 = 0.994
==== e(   4) =   -14.42980 eV ==== 
     psi = 0.119*[#   1]+0.119*[#   5]+0.119*[#   9]+0.119*[#  13]+0.065*[#   3]
          +0.065*[#   4]+0.065*[#   7]+0.065*[#   8]+0.065*[#  11]+0.065*[#  12]
          +0.065*[#  15]+0.065*[#  16]
    |psi|^2 = 0.994
==== e(   5) =   -12.39870 eV ==== 
     psi = 0.122*[#   3]+0.122*[#   4]+0.122*[#   7]+0.122*[#   8]+0.122*[#  11]
          +0.122*[#  12]+0.122*[#  15]+0.122*[#  16]
    |psi|^2 = 0.977
==== e(   6) =   -12.32907 eV ==== 
     psi = 0.123*[#   3]+0.123*[#   4]+0.123*[#   7]+0.123*[#   8]+0.123*[#  11]
          +0.123*[#  12]+0.123*[#  15]+0.123*[#  16]
    |psi|^2 = 0.982
==== e(   7) =    -2.26868 eV ==== 
     psi = 0.248*[#   2]+0.248*[#   6]+0.248*[#  10]+0.248*[#  14]
    |psi|^2 = 0.993
==== e(   8) =    -2.26868 eV ==== 
     psi = 0.248*[#   2]+0.248*[#   6]+0.248*[#  10]+0.248*[#  14]
    |psi|^2 = 0.993
==== e(   9) =    -1.58143 eV ==== 
     psi = 0.248*[#   2]+0.248*[#   6]+0.248*[#  10]+0.248*[#  14]
    |psi|^2 = 0.993
==== e(  10) =    -1.58142 eV ==== 
     psi = 0.248*[#   2]+0.248*[#   6]+0.248*[#  10]+0.248*[#  14]
    |psi|^2 = 0.993
==== e(  11) =     7.72453 eV ==== 

    |psi|^2 = 0.001
==== e(  12) =     9.61096 eV ==== 

    |psi|^2 = 0.003

Lowdin Charges: 

     Atom #   1: total charge =   3.9585, s =  0.9081, 
     Atom #   1: total charge =   3.9585, p =  3.0504, pz=  0.9894, px=  1.0305, py=  1.0305, 
     Atom #   2: total charge =   3.9585, s =  0.9081, 
     Atom #   2: total charge =   3.9585, p =  3.0504, pz=  0.9894, px=  1.0305, py=  1.0305, 
     Atom #   3: total charge =   3.9585, s =  0.9081, 
     Atom #   3: total charge =   3.9585, p =  3.0504, pz=  0.9894, px=  1.0305, py=  1.0305, 
     Atom #   4: total charge =   3.9585, s =  0.9081, 
     Atom #   4: total charge =   3.9585, p =  3.0504, pz=  0.9894, px=  1.0305, py=  1.0305, 
     Spilling Parameter:   0.0104

     PROJWFC      :      0.50s CPU      0.54s WALL


   This run was terminated on:   2:33:28  25Jun2026            

=------------------------------------------------------------------------------=
   JOB DONE.
=------------------------------------------------------------------------------=
