=== ANCHOR WATCH START Sun Jun  7 05:59:07 KST 2026 ===
[05:59:27] CQ=5 JD=0 NDYN=4 REP=66
[06:09:47] CQ=5 JD=0 NDYN=4 REP=69
[06:20:07] CQ=5 JD=0 NDYN=4 REP=72
[06:30:27] CQ=5 JD=0 NDYN=4 REP=74
[06:40:47] CQ=5 JD=0 NDYN=4 REP=77
[06:51:07] CQ=5 JD=0 NDYN=4 REP=79
[07:01:27] CQ=5 JD=0 NDYN=4 REP=82
[07:11:47] CQ=5 JD=0 NDYN=4 REP=84
[07:22:07] CQ=5 JD=0 NDYN=4 REP=85
[07:32:27] CQ= JD=0 NDYN=4 REP=85
[07:42:47] CQ= JD=0 NDYN=4 REP=85
[07:53:07] CQ= JD=0 NDYN=4 REP=85
[08:03:28] CQ= JD=0 NDYN=4 REP=85
[08:13:48] CQ=5 JD=0 NDYN=4 REP=85
[08:24:08] CQ=5 JD=0 NDYN=4 REP=85
[08:34:28] CQ=5 JD=0 NDYN=4 REP=85
[08:44:48] CQ=5 JD=0 NDYN=4 REP=85
[08:55:08] CQ=5 JD=0 NDYN=4 REP=85
[09:05:28] CQ=5 JD=0 NDYN=4 REP=85
[09:15:48] CQ=5 JD=0 NDYN=4 REP=85
[09:26:08] CQ=5 JD=0 NDYN=4 REP=85
[09:36:28] CQ=5 JD=0 NDYN=4 REP=85
[09:46:48] CQ=5 JD=0 NDYN=4 REP=85
[09:57:08] CQ=5 JD=0 NDYN=4 REP=85
[10:07:28] CQ=5 JD=0 NDYN=4 REP=85
[10:17:48] CQ=5 JD=0 NDYN=4 REP=85
[10:28:08] CQ=5 JD=0 NDYN=4 REP=85
[10:38:28] CQ=5 JD=0 NDYN=4 REP=85
[10:48:48] CQ=5 JD=0 NDYN=4 REP=85
[10:59:08] CQ=5 JD=0 NDYN=4 REP=85
[11:09:28] CQ=5 JD=0 NDYN=4 REP=85
[11:19:48] CQ=5 JD=0 NDYN=4 REP=85
[11:30:08] CQ=5 JD=0 NDYN=4 REP=85
[11:40:28] CQ=5 JD=0 NDYN=4 REP=85
[11:50:48] CQ=5 JD=0 NDYN=4 REP=85
[12:01:08] CQ=5 JD=0 NDYN=4 REP=85
[12:11:28] CQ=5 JD=0 NDYN=4 REP=85
[12:21:49] CQ=5 JD=0 NDYN=4 REP=85
[12:32:09] CQ=5 JD=0 NDYN=4 REP=85
[12:42:29] CQ=5 JD=0 NDYN=4 REP=85
[12:52:49] CQ=5 JD=0 NDYN=4 REP=85
[13:03:09] CQ=5 JD=0 NDYN=4 REP=85
[13:13:29] CQ=5 JD=0 NDYN=4 REP=85
[13:23:49] CQ=5 JD=0 NDYN=4 REP=85
[13:34:09] CQ=5 JD=0 NDYN=4 REP=85
[13:44:29] CQ=5 JD=0 NDYN=4 REP=85
[13:54:49] CQ=5 JD=0 NDYN=4 REP=85
[14:05:09] CQ=5 JD=0 NDYN=4 REP=85
[14:15:29] CQ=5 JD=0 NDYN=4 REP=85
[14:25:49] CQ=5 JD=0 NDYN=4 REP=85
[14:36:09] CQ=5 JD=0 NDYN=4 REP=85
[14:46:29] CQ=5 JD=0 NDYN=4 REP=85
[14:56:50] CQ=5 JD=0 NDYN=4 REP=85
[15:07:10] CQ=5 JD=0 NDYN=4 REP=85
[15:17:30] CQ=5 JD=0 NDYN=4 REP=85
[15:27:50] CQ=5 JD=0 NDYN=4 REP=85
[15:38:10] CQ=5 JD=0 NDYN=4 REP=85
[15:48:30] CQ=5 JD=0 NDYN=4 REP=85
[15:58:50] CQ=5 JD=0 NDYN=4 REP=85
[16:09:10] CQ=5 JD=0 NDYN=4 REP=85
[16:19:30] CQ=5 JD=0 NDYN=4 REP=85
[16:29:48] CQ=5 JD=0 NDYN=4 REP=85
[16:40:08] CQ=5 JD=0 NDYN=4 REP=85
[16:50:28] CQ=5 JD=0 NDYN=4 REP=85
[17:00:48] CQ=5 JD=0 NDYN=4 REP=85
[17:11:08] CQ=5 JD=0 NDYN=4 REP=85
[17:21:28] CQ=5 JD=0 NDYN=4 REP=85
[17:31:50] CQ=5 JD=0 NDYN=4 REP=85
[17:42:11] CQ=6 JD=0 NDYN=5 REP=85
[17:52:31] CQ=6 JD=0 NDYN=5 REP=85
[18:02:51] CQ=6 JD=0 NDYN=5 REP=85
[18:13:11] CQ=6 JD=0 NDYN=5 REP=85
[18:23:31] CQ=6 JD=0 NDYN=5 REP=85
[18:33:51] CQ=6 JD=0 NDYN=5 REP=85
[18:44:11] CQ=6 JD=0 NDYN=5 REP=85
[18:54:31] CQ=6 JD=0 NDYN=5 REP=85
[19:04:51] CQ=6 JD=0 NDYN=5 REP=85
[19:15:11] CQ=6 JD=0 NDYN=5 REP=85
[19:25:31] CQ=6 JD=0 NDYN=5 REP=85
[19:35:51] CQ=6 JD=0 NDYN=5 REP=85
[19:46:11] CQ=6 JD=0 NDYN=5 REP=85
[19:56:31] CQ=6 JD=0 NDYN=5 REP=85
[20:06:51] CQ=6 JD=0 NDYN=5 REP=85
[20:17:11] CQ=6 JD=0 NDYN=5 REP=85
[20:27:31] CQ=6 JD=0 NDYN=5 REP=85
[20:37:51] CQ=6 JD=0 NDYN=5 REP=85
[20:48:11] CQ=6 JD=0 NDYN=5 REP=85
[20:58:31] CQ=6 JD=0 NDYN=5 REP=85
[21:08:51] CQ=6 JD=0 NDYN=5 REP=85
[21:19:11] CQ=6 JD=0 NDYN=5 REP=85
[21:29:31] CQ=6 JD=0 NDYN=5 REP=85
[21:39:49] CQ=6 JD=0 NDYN=5 REP=85
[21:50:09] CQ=6 JD=0 NDYN=5 REP=85
[22:00:29] CQ=6 JD=0 NDYN=5 REP=85
[22:10:51] CQ=6 JD=0 NDYN=5 REP=85
[22:21:11] CQ=6 JD=0 NDYN=5 REP=85
[22:31:32] CQ=6 JD=0 NDYN=5 REP=85
[22:41:52] CQ=6 JD=0 NDYN=5 REP=85
[22:52:12] CQ=6 JD=0 NDYN=5 REP=85
[23:02:32] CQ=6 JD=0 NDYN=5 REP=85
[23:12:52] CQ=6 JD=0 NDYN=5 REP=85
[23:23:12] CQ=6 JD=0 NDYN=5 REP=85
[23:33:32] CQ=6 JD=0 NDYN=5 REP=85
[23:43:52] CQ=6 JD=0 NDYN=5 REP=85
[23:54:12] CQ=6 JD=0 NDYN=5 REP=85
[00:04:32] CQ=6 JD=0 NDYN=5 REP=85
[00:14:52] CQ=6 JD=0 NDYN=5 REP=85
[00:25:12] CQ=6 JD=0 NDYN=5 REP=85
[00:35:32] CQ=7 JD=0 NDYN=6 REP=85
[00:45:52] CQ=7 JD=0 NDYN=6 REP=85
[00:56:12] CQ=7 JD=0 NDYN=6 REP=85
[01:06:32] CQ=7 JD=0 NDYN=6 REP=85
[01:16:52] CQ=7 JD=0 NDYN=6 REP=85
[01:27:12] CQ=7 JD=0 NDYN=6 REP=85
[01:37:32] CQ=7 JD=0 NDYN=6 REP=85
[01:47:53] CQ=7 JD=0 NDYN=6 REP=85
[01:58:12] CQ=7 JD=0 NDYN=6 REP=85
[02:08:32] CQ=7 JD=0 NDYN=6 REP=85
[02:18:53] CQ=7 JD=0 NDYN=6 REP=85
[02:29:11] CQ=7 JD=0 NDYN=6 REP=85
[02:39:31] CQ=7 JD=0 NDYN=6 REP=85
[02:49:53] CQ=7 JD=0 NDYN=6 REP=85
[03:00:13] CQ=7 JD=0 NDYN=6 REP=85
[03:10:33] CQ=7 JD=0 NDYN=6 REP=85
[03:20:53] CQ=7 JD=0 NDYN=6 REP=85
[03:31:13] CQ=7 JD=0 NDYN=6 REP=85
[03:41:33] CQ=7 JD=0 NDYN=6 REP=85
[03:51:53] CQ=7 JD=0 NDYN=6 REP=85
[04:02:13] CQ=7 JD=0 NDYN=6 REP=85
[04:12:33] CQ=7 JD=0 NDYN=6 REP=85
[04:22:53] CQ=7 JD=0 NDYN=6 REP=85
[04:33:13] CQ=7 JD=0 NDYN=6 REP=85
[04:43:33] CQ=7 JD=0 NDYN=6 REP=85
[04:53:53] CQ=7 JD=0 NDYN=6 REP=85
[05:04:13] CQ=7 JD=0 NDYN=6 REP=85
[05:14:33] CQ=7 JD=0 NDYN=6 REP=85
[05:24:53] CQ=7 JD=0 NDYN=6 REP=85
[05:35:13] CQ=7 JD=0 NDYN=6 REP=85
[05:45:33] CQ=7 JD=0 NDYN=6 REP=85
[05:55:53] CQ=7 JD=0 NDYN=6 REP=85
[06:06:13] CQ=7 JD=0 NDYN=6 REP=85
[06:16:33] CQ=7 JD=0 NDYN=6 REP=85
[06:26:53] CQ=7 JD=0 NDYN=6 REP=85
[06:37:13] CQ=7 JD=0 NDYN=6 REP=85
[06:47:34] CQ=7 JD=0 NDYN=6 REP=85
[06:57:54] CQ=7 JD=0 NDYN=6 REP=85
[07:08:14] CQ=7 JD=0 NDYN=6 REP=85
[07:18:34] CQ=7 JD=0 NDYN=6 REP=85
[07:28:54] CQ=7 JD=0 NDYN=6 REP=85
[07:39:14] CQ=7 JD=0 NDYN=6 REP=85
[07:49:34] CQ=8 JD=0 NDYN=7 REP=85
[07:59:54] CQ=8 JD=0 NDYN=7 REP=85
[08:10:14] CQ=8 JD=0 NDYN=7 REP=85
[08:20:34] CQ=8 JD=0 NDYN=7 REP=85
[08:30:54] CQ=8 JD=0 NDYN=7 REP=85
[08:41:14] CQ=8 JD=0 NDYN=7 REP=85
[08:51:34] CQ=8 JD=0 NDYN=7 REP=85
[09:01:54] CQ=8 JD=0 NDYN=7 REP=85
[09:12:14] CQ=8 JD=0 NDYN=7 REP=85
[09:22:34] CQ=8 JD=0 NDYN=7 REP=85
[09:32:54] CQ=8 JD=0 NDYN=7 REP=85
[09:43:14] CQ=8 JD=0 NDYN=7 REP=85
[09:53:34] CQ=8 JD=0 NDYN=7 REP=85
[10:03:54] CQ=8 JD=0 NDYN=7 REP=85
[10:14:14] CQ=8 JD=0 NDYN=7 REP=85
[10:24:34] CQ=8 JD=0 NDYN=7 REP=85
[10:34:54] CQ=8 JD=0 NDYN=7 REP=85
[10:45:14] CQ=8 JD=0 NDYN=7 REP=85
[10:55:34] CQ=8 JD=0 NDYN=7 REP=85
[11:05:52] CQ=8 JD=0 NDYN=7 REP=85
[11:16:15] CQ=8 JD=0 NDYN=7 REP=85
[11:26:35] CQ=8 JD=0 NDYN=7 REP=85
[11:36:55] CQ=8 JD=0 NDYN=7 REP=85
[11:47:15] CQ=8 JD=0 NDYN=7 REP=85
[11:57:35] CQ=8 JD=0 NDYN=7 REP=85
[12:07:55] CQ=8 JD=0 NDYN=7 REP=85
[12:18:15] CQ=8 JD=0 NDYN=7 REP=85
[12:28:35] CQ=8 JD=0 NDYN=7 REP=85
[12:38:55] CQ=8 JD=0 NDYN=7 REP=85
[12:49:15] CQ=8 JD=0 NDYN=7 REP=85
[12:59:35] CQ=8 JD=0 NDYN=7 REP=85
[13:09:55] CQ=8 JD=0 NDYN=7 REP=85
[13:20:15] CQ=8 JD=0 NDYN=7 REP=85
[13:30:35] CQ=8 JD=0 NDYN=7 REP=85
[13:40:55] CQ=8 JD=0 NDYN=7 REP=85
[13:51:15] CQ=8 JD=0 NDYN=7 REP=85
[14:01:35] CQ=8 JD=0 NDYN=7 REP=85
[14:11:55] CQ=8 JD=0 NDYN=7 REP=85
[14:22:15] CQ=8 JD=0 NDYN=7 REP=85
[14:32:35] CQ=8 JD=0 NDYN=7 REP=85
[14:42:55] CQ=8 JD=0 NDYN=7 REP=85
[14:53:15] CQ=8 JD=0 NDYN=7 REP=85
[15:03:35] CQ=8 JD=0 NDYN=7 REP=85
[15:13:55] CQ=8 JD=0 NDYN=7 REP=85
[15:24:15] CQ=1 JD=0 NDYN=8 REP=85
ALL8_DYN_PRESENT Mon Jun  8 15:24:15 KST 2026
ANCHOR_WATCH_COMPLETE
