=== lab_watch armed 2026-05-31T15:14:20Z PID 91270 ===
2026-05-31T15:14:20Z BaAuH3 UNREACHABLE
2026-05-31T15:14:20Z round 1/72 swept
2026-05-31T15:34:57Z BaAuH3 UNREACHABLE
2026-05-31T15:34:57Z round 2/72 swept
=== lab_watch RE-ARMED 2026-05-31T15:40:46Z PID 40883 · 16 jobs ===
2026-05-31T15:40:46Z BaAuH3 UNREACHABLE
2026-05-31T15:40:46Z YAuH3 PH-CRASHED
2026-05-31T15:40:46Z SrPtH3 PH-CRASHED
2026-05-31T15:40:46Z ScH9 PH-CRASHED
2026-05-31T15:40:46Z round 1/72 swept (16 jobs)
2026-05-31T16:01:30Z BaAuH3 PH-CRASHED
2026-05-31T16:01:30Z YAuH3 PH-CRASHED
2026-05-31T16:01:30Z SrPtH3 PH-CRASHED
2026-05-31T16:01:30Z ScH9 PH-CRASHED
2026-05-31T16:01:30Z round 2/72 swept (16 jobs)
2026-05-31T16:22:14Z BaAuH3 PH-CRASHED
2026-05-31T16:22:14Z round 3/72 swept (16 jobs)
2026-05-31T16:42:58Z round 4/72 swept (16 jobs)
2026-05-31T17:03:40Z round 5/72 swept (16 jobs)
2026-05-31T17:24:26Z round 6/72 swept (16 jobs)
2026-05-31T17:45:10Z round 7/72 swept (16 jobs)
2026-05-31T18:05:54Z round 8/72 swept (16 jobs)
2026-05-31T18:26:39Z round 9/72 swept (16 jobs)
